[2024-06-09T18:52:55.054+0000] {processor.py:161} INFO - Started process (PID=42) to work on /home/airflow/.local/lib/python3.12/site-packages/airflow/example_dags/example_bash_operator.py
[2024-06-09T18:52:55.055+0000] {processor.py:830} INFO - Processing file /home/airflow/.local/lib/python3.12/site-packages/airflow/example_dags/example_bash_operator.py for tasks to queue
[2024-06-09T18:52:55.056+0000] {logging_mixin.py:188} INFO - [2024-06-09T18:52:55.056+0000] {dagbag.py:545} INFO - Filling up the DagBag from /home/airflow/.local/lib/python3.12/site-packages/airflow/example_dags/example_bash_operator.py
[2024-06-09T18:52:55.074+0000] {processor.py:840} INFO - DAG(s) 'example_bash_operator' retrieved from /home/airflow/.local/lib/python3.12/site-packages/airflow/example_dags/example_bash_operator.py
[2024-06-09T18:52:55.238+0000] {logging_mixin.py:188} INFO - [2024-06-09T18:52:55.237+0000] {override.py:1829} INFO - Created Permission View: can read on DAG:example_bash_operator
[2024-06-09T18:52:55.249+0000] {logging_mixin.py:188} INFO - [2024-06-09T18:52:55.249+0000] {override.py:1829} INFO - Created Permission View: can edit on DAG:example_bash_operator
[2024-06-09T18:52:55.257+0000] {logging_mixin.py:188} INFO - [2024-06-09T18:52:55.256+0000] {override.py:1829} INFO - Created Permission View: can delete on DAG:example_bash_operator
[2024-06-09T18:52:55.257+0000] {logging_mixin.py:188} INFO - [2024-06-09T18:52:55.257+0000] {dag.py:3096} INFO - Sync 1 DAGs
[2024-06-09T18:52:55.271+0000] {logging_mixin.py:188} INFO - [2024-06-09T18:52:55.270+0000] {dag.py:3118} INFO - Creating ORM DAG for example_bash_operator
[2024-06-09T18:52:55.283+0000] {logging_mixin.py:188} INFO - [2024-06-09T18:52:55.283+0000] {dag.py:3954} INFO - Setting next_dagrun for example_bash_operator to 2024-06-08 00:00:00+00:00, run_after=2024-06-09 00:00:00+00:00
[2024-06-09T18:52:55.303+0000] {processor.py:183} INFO - Processing /home/airflow/.local/lib/python3.12/site-packages/airflow/example_dags/example_bash_operator.py took 0.256 seconds
[2024-06-09T18:53:25.800+0000] {processor.py:161} INFO - Started process (PID=100) to work on /home/airflow/.local/lib/python3.12/site-packages/airflow/example_dags/example_bash_operator.py
[2024-06-09T18:53:25.801+0000] {processor.py:830} INFO - Processing file /home/airflow/.local/lib/python3.12/site-packages/airflow/example_dags/example_bash_operator.py for tasks to queue
[2024-06-09T18:53:25.805+0000] {logging_mixin.py:188} INFO - [2024-06-09T18:53:25.804+0000] {dagbag.py:545} INFO - Filling up the DagBag from /home/airflow/.local/lib/python3.12/site-packages/airflow/example_dags/example_bash_operator.py
[2024-06-09T18:53:25.828+0000] {processor.py:840} INFO - DAG(s) 'example_bash_operator' retrieved from /home/airflow/.local/lib/python3.12/site-packages/airflow/example_dags/example_bash_operator.py
[2024-06-09T18:53:25.864+0000] {logging_mixin.py:188} INFO - [2024-06-09T18:53:25.864+0000] {dag.py:3096} INFO - Sync 1 DAGs
[2024-06-09T18:53:25.891+0000] {logging_mixin.py:188} INFO - [2024-06-09T18:53:25.891+0000] {dag.py:3954} INFO - Setting next_dagrun for example_bash_operator to 2024-06-08 00:00:00+00:00, run_after=2024-06-09 00:00:00+00:00
[2024-06-09T18:53:25.910+0000] {processor.py:183} INFO - Processing /home/airflow/.local/lib/python3.12/site-packages/airflow/example_dags/example_bash_operator.py took 0.122 seconds
[2024-06-09T18:53:56.402+0000] {processor.py:161} INFO - Started process (PID=158) to work on /home/airflow/.local/lib/python3.12/site-packages/airflow/example_dags/example_bash_operator.py
[2024-06-09T18:53:56.403+0000] {processor.py:830} INFO - Processing file /home/airflow/.local/lib/python3.12/site-packages/airflow/example_dags/example_bash_operator.py for tasks to queue
[2024-06-09T18:53:56.405+0000] {logging_mixin.py:188} INFO - [2024-06-09T18:53:56.404+0000] {dagbag.py:545} INFO - Filling up the DagBag from /home/airflow/.local/lib/python3.12/site-packages/airflow/example_dags/example_bash_operator.py
[2024-06-09T18:53:56.415+0000] {processor.py:840} INFO - DAG(s) 'example_bash_operator' retrieved from /home/airflow/.local/lib/python3.12/site-packages/airflow/example_dags/example_bash_operator.py
[2024-06-09T18:53:56.442+0000] {logging_mixin.py:188} INFO - [2024-06-09T18:53:56.442+0000] {dag.py:3096} INFO - Sync 1 DAGs
[2024-06-09T18:53:56.466+0000] {logging_mixin.py:188} INFO - [2024-06-09T18:53:56.466+0000] {dag.py:3954} INFO - Setting next_dagrun for example_bash_operator to 2024-06-08 00:00:00+00:00, run_after=2024-06-09 00:00:00+00:00
[2024-06-09T18:53:56.486+0000] {processor.py:183} INFO - Processing /home/airflow/.local/lib/python3.12/site-packages/airflow/example_dags/example_bash_operator.py took 0.091 seconds
[2024-06-09T18:54:26.776+0000] {processor.py:161} INFO - Started process (PID=216) to work on /home/airflow/.local/lib/python3.12/site-packages/airflow/example_dags/example_bash_operator.py
[2024-06-09T18:54:26.777+0000] {processor.py:830} INFO - Processing file /home/airflow/.local/lib/python3.12/site-packages/airflow/example_dags/example_bash_operator.py for tasks to queue
[2024-06-09T18:54:26.778+0000] {logging_mixin.py:188} INFO - [2024-06-09T18:54:26.778+0000] {dagbag.py:545} INFO - Filling up the DagBag from /home/airflow/.local/lib/python3.12/site-packages/airflow/example_dags/example_bash_operator.py
[2024-06-09T18:54:26.791+0000] {processor.py:840} INFO - DAG(s) 'example_bash_operator' retrieved from /home/airflow/.local/lib/python3.12/site-packages/airflow/example_dags/example_bash_operator.py
[2024-06-09T18:54:26.821+0000] {logging_mixin.py:188} INFO - [2024-06-09T18:54:26.821+0000] {dag.py:3096} INFO - Sync 1 DAGs
[2024-06-09T18:54:26.845+0000] {logging_mixin.py:188} INFO - [2024-06-09T18:54:26.845+0000] {dag.py:3954} INFO - Setting next_dagrun for example_bash_operator to 2024-06-08 00:00:00+00:00, run_after=2024-06-09 00:00:00+00:00
[2024-06-09T18:54:26.864+0000] {processor.py:183} INFO - Processing /home/airflow/.local/lib/python3.12/site-packages/airflow/example_dags/example_bash_operator.py took 0.094 seconds
[2024-06-09T18:54:57.346+0000] {processor.py:161} INFO - Started process (PID=274) to work on /home/airflow/.local/lib/python3.12/site-packages/airflow/example_dags/example_bash_operator.py
[2024-06-09T18:54:57.347+0000] {processor.py:830} INFO - Processing file /home/airflow/.local/lib/python3.12/site-packages/airflow/example_dags/example_bash_operator.py for tasks to queue
[2024-06-09T18:54:57.349+0000] {logging_mixin.py:188} INFO - [2024-06-09T18:54:57.349+0000] {dagbag.py:545} INFO - Filling up the DagBag from /home/airflow/.local/lib/python3.12/site-packages/airflow/example_dags/example_bash_operator.py
[2024-06-09T18:54:57.362+0000] {processor.py:840} INFO - DAG(s) 'example_bash_operator' retrieved from /home/airflow/.local/lib/python3.12/site-packages/airflow/example_dags/example_bash_operator.py
[2024-06-09T18:54:57.394+0000] {logging_mixin.py:188} INFO - [2024-06-09T18:54:57.394+0000] {dag.py:3096} INFO - Sync 1 DAGs
[2024-06-09T18:54:57.420+0000] {logging_mixin.py:188} INFO - [2024-06-09T18:54:57.420+0000] {dag.py:3954} INFO - Setting next_dagrun for example_bash_operator to 2024-06-08 00:00:00+00:00, run_after=2024-06-09 00:00:00+00:00
[2024-06-09T18:54:57.438+0000] {processor.py:183} INFO - Processing /home/airflow/.local/lib/python3.12/site-packages/airflow/example_dags/example_bash_operator.py took 0.099 seconds
