[2024-06-09T18:52:57.488+0000] {processor.py:161} INFO - Started process (PID=58) to work on /home/airflow/.local/lib/python3.12/site-packages/airflow/example_dags/example_complex.py
[2024-06-09T18:52:57.489+0000] {processor.py:830} INFO - Processing file /home/airflow/.local/lib/python3.12/site-packages/airflow/example_dags/example_complex.py for tasks to queue
[2024-06-09T18:52:57.490+0000] {logging_mixin.py:188} INFO - [2024-06-09T18:52:57.490+0000] {dagbag.py:545} INFO - Filling up the DagBag from /home/airflow/.local/lib/python3.12/site-packages/airflow/example_dags/example_complex.py
[2024-06-09T18:52:57.507+0000] {processor.py:840} INFO - DAG(s) 'example_complex' retrieved from /home/airflow/.local/lib/python3.12/site-packages/airflow/example_dags/example_complex.py
[2024-06-09T18:52:57.660+0000] {logging_mixin.py:188} INFO - [2024-06-09T18:52:57.659+0000] {override.py:1829} INFO - Created Permission View: can read on DAG:example_complex
[2024-06-09T18:52:57.675+0000] {logging_mixin.py:188} INFO - [2024-06-09T18:52:57.675+0000] {override.py:1829} INFO - Created Permission View: can edit on DAG:example_complex
[2024-06-09T18:52:57.684+0000] {logging_mixin.py:188} INFO - [2024-06-09T18:52:57.684+0000] {override.py:1829} INFO - Created Permission View: can delete on DAG:example_complex
[2024-06-09T18:52:57.685+0000] {logging_mixin.py:188} INFO - [2024-06-09T18:52:57.685+0000] {dag.py:3096} INFO - Sync 1 DAGs
[2024-06-09T18:52:57.704+0000] {logging_mixin.py:188} INFO - [2024-06-09T18:52:57.703+0000] {dag.py:3118} INFO - Creating ORM DAG for example_complex
[2024-06-09T18:52:57.705+0000] {logging_mixin.py:188} INFO - [2024-06-09T18:52:57.705+0000] {dag.py:3954} INFO - Setting next_dagrun for example_complex to None, run_after=None
[2024-06-09T18:52:57.728+0000] {processor.py:183} INFO - Processing /home/airflow/.local/lib/python3.12/site-packages/airflow/example_dags/example_complex.py took 0.246 seconds
[2024-06-09T18:53:27.978+0000] {processor.py:161} INFO - Started process (PID=116) to work on /home/airflow/.local/lib/python3.12/site-packages/airflow/example_dags/example_complex.py
[2024-06-09T18:53:27.980+0000] {processor.py:830} INFO - Processing file /home/airflow/.local/lib/python3.12/site-packages/airflow/example_dags/example_complex.py for tasks to queue
[2024-06-09T18:53:27.983+0000] {logging_mixin.py:188} INFO - [2024-06-09T18:53:27.982+0000] {dagbag.py:545} INFO - Filling up the DagBag from /home/airflow/.local/lib/python3.12/site-packages/airflow/example_dags/example_complex.py
[2024-06-09T18:53:28.007+0000] {processor.py:840} INFO - DAG(s) 'example_complex' retrieved from /home/airflow/.local/lib/python3.12/site-packages/airflow/example_dags/example_complex.py
[2024-06-09T18:53:28.042+0000] {logging_mixin.py:188} INFO - [2024-06-09T18:53:28.041+0000] {dag.py:3096} INFO - Sync 1 DAGs
[2024-06-09T18:53:28.054+0000] {logging_mixin.py:188} INFO - [2024-06-09T18:53:28.054+0000] {dag.py:3954} INFO - Setting next_dagrun for example_complex to None, run_after=None
[2024-06-09T18:53:28.072+0000] {processor.py:183} INFO - Processing /home/airflow/.local/lib/python3.12/site-packages/airflow/example_dags/example_complex.py took 0.105 seconds
[2024-06-09T18:53:58.485+0000] {processor.py:161} INFO - Started process (PID=174) to work on /home/airflow/.local/lib/python3.12/site-packages/airflow/example_dags/example_complex.py
[2024-06-09T18:53:58.486+0000] {processor.py:830} INFO - Processing file /home/airflow/.local/lib/python3.12/site-packages/airflow/example_dags/example_complex.py for tasks to queue
[2024-06-09T18:53:58.489+0000] {logging_mixin.py:188} INFO - [2024-06-09T18:53:58.489+0000] {dagbag.py:545} INFO - Filling up the DagBag from /home/airflow/.local/lib/python3.12/site-packages/airflow/example_dags/example_complex.py
[2024-06-09T18:53:58.514+0000] {processor.py:840} INFO - DAG(s) 'example_complex' retrieved from /home/airflow/.local/lib/python3.12/site-packages/airflow/example_dags/example_complex.py
[2024-06-09T18:53:58.553+0000] {logging_mixin.py:188} INFO - [2024-06-09T18:53:58.552+0000] {dag.py:3096} INFO - Sync 1 DAGs
[2024-06-09T18:53:58.566+0000] {logging_mixin.py:188} INFO - [2024-06-09T18:53:58.566+0000] {dag.py:3954} INFO - Setting next_dagrun for example_complex to None, run_after=None
[2024-06-09T18:53:58.585+0000] {processor.py:183} INFO - Processing /home/airflow/.local/lib/python3.12/site-packages/airflow/example_dags/example_complex.py took 0.112 seconds
[2024-06-09T18:54:28.816+0000] {processor.py:161} INFO - Started process (PID=232) to work on /home/airflow/.local/lib/python3.12/site-packages/airflow/example_dags/example_complex.py
[2024-06-09T18:54:28.817+0000] {processor.py:830} INFO - Processing file /home/airflow/.local/lib/python3.12/site-packages/airflow/example_dags/example_complex.py for tasks to queue
[2024-06-09T18:54:28.819+0000] {logging_mixin.py:188} INFO - [2024-06-09T18:54:28.818+0000] {dagbag.py:545} INFO - Filling up the DagBag from /home/airflow/.local/lib/python3.12/site-packages/airflow/example_dags/example_complex.py
[2024-06-09T18:54:28.830+0000] {processor.py:840} INFO - DAG(s) 'example_complex' retrieved from /home/airflow/.local/lib/python3.12/site-packages/airflow/example_dags/example_complex.py
[2024-06-09T18:54:28.886+0000] {logging_mixin.py:188} INFO - [2024-06-09T18:54:28.885+0000] {dag.py:3096} INFO - Sync 1 DAGs
[2024-06-09T18:54:28.903+0000] {logging_mixin.py:188} INFO - [2024-06-09T18:54:28.902+0000] {dag.py:3954} INFO - Setting next_dagrun for example_complex to None, run_after=None
[2024-06-09T18:54:28.926+0000] {processor.py:183} INFO - Processing /home/airflow/.local/lib/python3.12/site-packages/airflow/example_dags/example_complex.py took 0.116 seconds
[2024-06-09T18:54:59.327+0000] {processor.py:161} INFO - Started process (PID=290) to work on /home/airflow/.local/lib/python3.12/site-packages/airflow/example_dags/example_complex.py
[2024-06-09T18:54:59.328+0000] {processor.py:830} INFO - Processing file /home/airflow/.local/lib/python3.12/site-packages/airflow/example_dags/example_complex.py for tasks to queue
[2024-06-09T18:54:59.330+0000] {logging_mixin.py:188} INFO - [2024-06-09T18:54:59.329+0000] {dagbag.py:545} INFO - Filling up the DagBag from /home/airflow/.local/lib/python3.12/site-packages/airflow/example_dags/example_complex.py
[2024-06-09T18:54:59.343+0000] {processor.py:840} INFO - DAG(s) 'example_complex' retrieved from /home/airflow/.local/lib/python3.12/site-packages/airflow/example_dags/example_complex.py
[2024-06-09T18:54:59.404+0000] {logging_mixin.py:188} INFO - [2024-06-09T18:54:59.404+0000] {dag.py:3096} INFO - Sync 1 DAGs
[2024-06-09T18:54:59.419+0000] {logging_mixin.py:188} INFO - [2024-06-09T18:54:59.418+0000] {dag.py:3954} INFO - Setting next_dagrun for example_complex to None, run_after=None
[2024-06-09T18:54:59.442+0000] {processor.py:183} INFO - Processing /home/airflow/.local/lib/python3.12/site-packages/airflow/example_dags/example_complex.py took 0.121 seconds
