[2024-06-09T18:52:57.764+0000] {processor.py:161} INFO - Started process (PID=60) to work on /home/airflow/.local/lib/python3.12/site-packages/airflow/example_dags/example_skip_dag.py
[2024-06-09T18:52:57.765+0000] {processor.py:830} INFO - Processing file /home/airflow/.local/lib/python3.12/site-packages/airflow/example_dags/example_skip_dag.py for tasks to queue
[2024-06-09T18:52:57.768+0000] {logging_mixin.py:188} INFO - [2024-06-09T18:52:57.767+0000] {dagbag.py:545} INFO - Filling up the DagBag from /home/airflow/.local/lib/python3.12/site-packages/airflow/example_dags/example_skip_dag.py
[2024-06-09T18:52:57.779+0000] {processor.py:840} INFO - DAG(s) 'example_skip_dag' retrieved from /home/airflow/.local/lib/python3.12/site-packages/airflow/example_dags/example_skip_dag.py
[2024-06-09T18:52:57.910+0000] {logging_mixin.py:188} INFO - [2024-06-09T18:52:57.909+0000] {override.py:1829} INFO - Created Permission View: can read on DAG:example_skip_dag
[2024-06-09T18:52:57.921+0000] {logging_mixin.py:188} INFO - [2024-06-09T18:52:57.921+0000] {override.py:1829} INFO - Created Permission View: can edit on DAG:example_skip_dag
[2024-06-09T18:52:57.928+0000] {logging_mixin.py:188} INFO - [2024-06-09T18:52:57.927+0000] {override.py:1829} INFO - Created Permission View: can delete on DAG:example_skip_dag
[2024-06-09T18:52:57.928+0000] {logging_mixin.py:188} INFO - [2024-06-09T18:52:57.928+0000] {dag.py:3096} INFO - Sync 1 DAGs
[2024-06-09T18:52:57.941+0000] {logging_mixin.py:188} INFO - [2024-06-09T18:52:57.941+0000] {dag.py:3118} INFO - Creating ORM DAG for example_skip_dag
[2024-06-09T18:52:57.951+0000] {logging_mixin.py:188} INFO - [2024-06-09T18:52:57.951+0000] {dag.py:3954} INFO - Setting next_dagrun for example_skip_dag to 2024-06-08 00:00:00+00:00, run_after=2024-06-09 00:00:00+00:00
[2024-06-09T18:52:57.965+0000] {processor.py:183} INFO - Processing /home/airflow/.local/lib/python3.12/site-packages/airflow/example_dags/example_skip_dag.py took 0.208 seconds
[2024-06-09T18:53:28.123+0000] {processor.py:161} INFO - Started process (PID=118) to work on /home/airflow/.local/lib/python3.12/site-packages/airflow/example_dags/example_skip_dag.py
[2024-06-09T18:53:28.124+0000] {processor.py:830} INFO - Processing file /home/airflow/.local/lib/python3.12/site-packages/airflow/example_dags/example_skip_dag.py for tasks to queue
[2024-06-09T18:53:28.125+0000] {logging_mixin.py:188} INFO - [2024-06-09T18:53:28.125+0000] {dagbag.py:545} INFO - Filling up the DagBag from /home/airflow/.local/lib/python3.12/site-packages/airflow/example_dags/example_skip_dag.py
[2024-06-09T18:53:28.131+0000] {processor.py:840} INFO - DAG(s) 'example_skip_dag' retrieved from /home/airflow/.local/lib/python3.12/site-packages/airflow/example_dags/example_skip_dag.py
[2024-06-09T18:53:28.172+0000] {logging_mixin.py:188} INFO - [2024-06-09T18:53:28.171+0000] {dag.py:3096} INFO - Sync 1 DAGs
[2024-06-09T18:53:28.201+0000] {logging_mixin.py:188} INFO - [2024-06-09T18:53:28.201+0000] {dag.py:3954} INFO - Setting next_dagrun for example_skip_dag to 2024-06-08 00:00:00+00:00, run_after=2024-06-09 00:00:00+00:00
[2024-06-09T18:53:28.219+0000] {processor.py:183} INFO - Processing /home/airflow/.local/lib/python3.12/site-packages/airflow/example_dags/example_skip_dag.py took 0.102 seconds
[2024-06-09T18:53:58.615+0000] {processor.py:161} INFO - Started process (PID=176) to work on /home/airflow/.local/lib/python3.12/site-packages/airflow/example_dags/example_skip_dag.py
[2024-06-09T18:53:58.615+0000] {processor.py:830} INFO - Processing file /home/airflow/.local/lib/python3.12/site-packages/airflow/example_dags/example_skip_dag.py for tasks to queue
[2024-06-09T18:53:58.617+0000] {logging_mixin.py:188} INFO - [2024-06-09T18:53:58.617+0000] {dagbag.py:545} INFO - Filling up the DagBag from /home/airflow/.local/lib/python3.12/site-packages/airflow/example_dags/example_skip_dag.py
[2024-06-09T18:53:58.623+0000] {processor.py:840} INFO - DAG(s) 'example_skip_dag' retrieved from /home/airflow/.local/lib/python3.12/site-packages/airflow/example_dags/example_skip_dag.py
[2024-06-09T18:53:58.648+0000] {logging_mixin.py:188} INFO - [2024-06-09T18:53:58.647+0000] {dag.py:3096} INFO - Sync 1 DAGs
[2024-06-09T18:53:58.675+0000] {logging_mixin.py:188} INFO - [2024-06-09T18:53:58.675+0000] {dag.py:3954} INFO - Setting next_dagrun for example_skip_dag to 2024-06-08 00:00:00+00:00, run_after=2024-06-09 00:00:00+00:00
[2024-06-09T18:53:58.695+0000] {processor.py:183} INFO - Processing /home/airflow/.local/lib/python3.12/site-packages/airflow/example_dags/example_skip_dag.py took 0.085 seconds
[2024-06-09T18:54:28.958+0000] {processor.py:161} INFO - Started process (PID=234) to work on /home/airflow/.local/lib/python3.12/site-packages/airflow/example_dags/example_skip_dag.py
[2024-06-09T18:54:28.959+0000] {processor.py:830} INFO - Processing file /home/airflow/.local/lib/python3.12/site-packages/airflow/example_dags/example_skip_dag.py for tasks to queue
[2024-06-09T18:54:28.961+0000] {logging_mixin.py:188} INFO - [2024-06-09T18:54:28.960+0000] {dagbag.py:545} INFO - Filling up the DagBag from /home/airflow/.local/lib/python3.12/site-packages/airflow/example_dags/example_skip_dag.py
[2024-06-09T18:54:28.968+0000] {processor.py:840} INFO - DAG(s) 'example_skip_dag' retrieved from /home/airflow/.local/lib/python3.12/site-packages/airflow/example_dags/example_skip_dag.py
[2024-06-09T18:54:28.991+0000] {logging_mixin.py:188} INFO - [2024-06-09T18:54:28.990+0000] {dag.py:3096} INFO - Sync 1 DAGs
[2024-06-09T18:54:29.016+0000] {logging_mixin.py:188} INFO - [2024-06-09T18:54:29.016+0000] {dag.py:3954} INFO - Setting next_dagrun for example_skip_dag to 2024-06-08 00:00:00+00:00, run_after=2024-06-09 00:00:00+00:00
[2024-06-09T18:54:29.037+0000] {processor.py:183} INFO - Processing /home/airflow/.local/lib/python3.12/site-packages/airflow/example_dags/example_skip_dag.py took 0.085 seconds
[2024-06-09T18:54:59.473+0000] {processor.py:161} INFO - Started process (PID=292) to work on /home/airflow/.local/lib/python3.12/site-packages/airflow/example_dags/example_skip_dag.py
[2024-06-09T18:54:59.474+0000] {processor.py:830} INFO - Processing file /home/airflow/.local/lib/python3.12/site-packages/airflow/example_dags/example_skip_dag.py for tasks to queue
[2024-06-09T18:54:59.476+0000] {logging_mixin.py:188} INFO - [2024-06-09T18:54:59.475+0000] {dagbag.py:545} INFO - Filling up the DagBag from /home/airflow/.local/lib/python3.12/site-packages/airflow/example_dags/example_skip_dag.py
[2024-06-09T18:54:59.483+0000] {processor.py:840} INFO - DAG(s) 'example_skip_dag' retrieved from /home/airflow/.local/lib/python3.12/site-packages/airflow/example_dags/example_skip_dag.py
[2024-06-09T18:54:59.506+0000] {logging_mixin.py:188} INFO - [2024-06-09T18:54:59.506+0000] {dag.py:3096} INFO - Sync 1 DAGs
[2024-06-09T18:54:59.532+0000] {logging_mixin.py:188} INFO - [2024-06-09T18:54:59.532+0000] {dag.py:3954} INFO - Setting next_dagrun for example_skip_dag to 2024-06-08 00:00:00+00:00, run_after=2024-06-09 00:00:00+00:00
[2024-06-09T18:54:59.554+0000] {processor.py:183} INFO - Processing /home/airflow/.local/lib/python3.12/site-packages/airflow/example_dags/example_skip_dag.py took 0.089 seconds
