[2024-06-09T18:53:00.871+0000] {processor.py:161} INFO - Started process (PID=82) to work on /home/airflow/.local/lib/python3.12/site-packages/airflow/example_dags/example_sensors.py
[2024-06-09T18:53:00.872+0000] {processor.py:830} INFO - Processing file /home/airflow/.local/lib/python3.12/site-packages/airflow/example_dags/example_sensors.py for tasks to queue
[2024-06-09T18:53:00.873+0000] {logging_mixin.py:188} INFO - [2024-06-09T18:53:00.873+0000] {dagbag.py:545} INFO - Filling up the DagBag from /home/airflow/.local/lib/python3.12/site-packages/airflow/example_dags/example_sensors.py
[2024-06-09T18:53:00.883+0000] {processor.py:840} INFO - DAG(s) 'example_sensors' retrieved from /home/airflow/.local/lib/python3.12/site-packages/airflow/example_dags/example_sensors.py
[2024-06-09T18:53:01.006+0000] {logging_mixin.py:188} INFO - [2024-06-09T18:53:01.005+0000] {override.py:1829} INFO - Created Permission View: can read on DAG:example_sensors
[2024-06-09T18:53:01.016+0000] {logging_mixin.py:188} INFO - [2024-06-09T18:53:01.016+0000] {override.py:1829} INFO - Created Permission View: can edit on DAG:example_sensors
[2024-06-09T18:53:01.023+0000] {logging_mixin.py:188} INFO - [2024-06-09T18:53:01.022+0000] {override.py:1829} INFO - Created Permission View: can delete on DAG:example_sensors
[2024-06-09T18:53:01.023+0000] {logging_mixin.py:188} INFO - [2024-06-09T18:53:01.023+0000] {dag.py:3096} INFO - Sync 1 DAGs
[2024-06-09T18:53:01.036+0000] {logging_mixin.py:188} INFO - [2024-06-09T18:53:01.035+0000] {dag.py:3118} INFO - Creating ORM DAG for example_sensors
[2024-06-09T18:53:01.037+0000] {logging_mixin.py:188} INFO - [2024-06-09T18:53:01.036+0000] {dag.py:3954} INFO - Setting next_dagrun for example_sensors to None, run_after=None
[2024-06-09T18:53:01.052+0000] {processor.py:183} INFO - Processing /home/airflow/.local/lib/python3.12/site-packages/airflow/example_dags/example_sensors.py took 0.188 seconds
[2024-06-09T18:53:31.642+0000] {processor.py:161} INFO - Started process (PID=140) to work on /home/airflow/.local/lib/python3.12/site-packages/airflow/example_dags/example_sensors.py
[2024-06-09T18:53:31.643+0000] {processor.py:830} INFO - Processing file /home/airflow/.local/lib/python3.12/site-packages/airflow/example_dags/example_sensors.py for tasks to queue
[2024-06-09T18:53:31.647+0000] {logging_mixin.py:188} INFO - [2024-06-09T18:53:31.646+0000] {dagbag.py:545} INFO - Filling up the DagBag from /home/airflow/.local/lib/python3.12/site-packages/airflow/example_dags/example_sensors.py
[2024-06-09T18:53:31.664+0000] {processor.py:840} INFO - DAG(s) 'example_sensors' retrieved from /home/airflow/.local/lib/python3.12/site-packages/airflow/example_dags/example_sensors.py
[2024-06-09T18:53:31.692+0000] {logging_mixin.py:188} INFO - [2024-06-09T18:53:31.692+0000] {dag.py:3096} INFO - Sync 1 DAGs
[2024-06-09T18:53:31.705+0000] {logging_mixin.py:188} INFO - [2024-06-09T18:53:31.705+0000] {dag.py:3954} INFO - Setting next_dagrun for example_sensors to None, run_after=None
[2024-06-09T18:53:31.722+0000] {processor.py:183} INFO - Processing /home/airflow/.local/lib/python3.12/site-packages/airflow/example_dags/example_sensors.py took 0.093 seconds
[2024-06-09T18:54:02.082+0000] {processor.py:161} INFO - Started process (PID=198) to work on /home/airflow/.local/lib/python3.12/site-packages/airflow/example_dags/example_sensors.py
[2024-06-09T18:54:02.083+0000] {processor.py:830} INFO - Processing file /home/airflow/.local/lib/python3.12/site-packages/airflow/example_dags/example_sensors.py for tasks to queue
[2024-06-09T18:54:02.084+0000] {logging_mixin.py:188} INFO - [2024-06-09T18:54:02.084+0000] {dagbag.py:545} INFO - Filling up the DagBag from /home/airflow/.local/lib/python3.12/site-packages/airflow/example_dags/example_sensors.py
[2024-06-09T18:54:02.102+0000] {processor.py:840} INFO - DAG(s) 'example_sensors' retrieved from /home/airflow/.local/lib/python3.12/site-packages/airflow/example_dags/example_sensors.py
[2024-06-09T18:54:02.146+0000] {logging_mixin.py:188} INFO - [2024-06-09T18:54:02.146+0000] {dag.py:3096} INFO - Sync 1 DAGs
[2024-06-09T18:54:02.159+0000] {logging_mixin.py:188} INFO - [2024-06-09T18:54:02.159+0000] {dag.py:3954} INFO - Setting next_dagrun for example_sensors to None, run_after=None
[2024-06-09T18:54:02.179+0000] {processor.py:183} INFO - Processing /home/airflow/.local/lib/python3.12/site-packages/airflow/example_dags/example_sensors.py took 0.102 seconds
[2024-06-09T18:54:32.667+0000] {processor.py:161} INFO - Started process (PID=256) to work on /home/airflow/.local/lib/python3.12/site-packages/airflow/example_dags/example_sensors.py
[2024-06-09T18:54:32.669+0000] {processor.py:830} INFO - Processing file /home/airflow/.local/lib/python3.12/site-packages/airflow/example_dags/example_sensors.py for tasks to queue
[2024-06-09T18:54:32.673+0000] {logging_mixin.py:188} INFO - [2024-06-09T18:54:32.672+0000] {dagbag.py:545} INFO - Filling up the DagBag from /home/airflow/.local/lib/python3.12/site-packages/airflow/example_dags/example_sensors.py
[2024-06-09T18:54:32.692+0000] {processor.py:840} INFO - DAG(s) 'example_sensors' retrieved from /home/airflow/.local/lib/python3.12/site-packages/airflow/example_dags/example_sensors.py
[2024-06-09T18:54:32.724+0000] {logging_mixin.py:188} INFO - [2024-06-09T18:54:32.724+0000] {dag.py:3096} INFO - Sync 1 DAGs
[2024-06-09T18:54:32.739+0000] {logging_mixin.py:188} INFO - [2024-06-09T18:54:32.739+0000] {dag.py:3954} INFO - Setting next_dagrun for example_sensors to None, run_after=None
[2024-06-09T18:54:32.762+0000] {processor.py:183} INFO - Processing /home/airflow/.local/lib/python3.12/site-packages/airflow/example_dags/example_sensors.py took 0.106 seconds
[2024-06-09T18:55:03.257+0000] {processor.py:161} INFO - Started process (PID=314) to work on /home/airflow/.local/lib/python3.12/site-packages/airflow/example_dags/example_sensors.py
[2024-06-09T18:55:03.257+0000] {processor.py:830} INFO - Processing file /home/airflow/.local/lib/python3.12/site-packages/airflow/example_dags/example_sensors.py for tasks to queue
[2024-06-09T18:55:03.259+0000] {logging_mixin.py:188} INFO - [2024-06-09T18:55:03.259+0000] {dagbag.py:545} INFO - Filling up the DagBag from /home/airflow/.local/lib/python3.12/site-packages/airflow/example_dags/example_sensors.py
[2024-06-09T18:55:03.269+0000] {processor.py:840} INFO - DAG(s) 'example_sensors' retrieved from /home/airflow/.local/lib/python3.12/site-packages/airflow/example_dags/example_sensors.py
[2024-06-09T18:55:03.298+0000] {logging_mixin.py:188} INFO - [2024-06-09T18:55:03.297+0000] {dag.py:3096} INFO - Sync 1 DAGs
[2024-06-09T18:55:03.313+0000] {logging_mixin.py:188} INFO - [2024-06-09T18:55:03.312+0000] {dag.py:3954} INFO - Setting next_dagrun for example_sensors to None, run_after=None
[2024-06-09T18:55:03.332+0000] {processor.py:183} INFO - Processing /home/airflow/.local/lib/python3.12/site-packages/airflow/example_dags/example_sensors.py took 0.082 seconds
