[2024-06-09T18:52:58.233+0000] {processor.py:161} INFO - Started process (PID=64) to work on /home/airflow/.local/lib/python3.12/site-packages/airflow/example_dags/example_python_operator.py
[2024-06-09T18:52:58.234+0000] {processor.py:830} INFO - Processing file /home/airflow/.local/lib/python3.12/site-packages/airflow/example_dags/example_python_operator.py for tasks to queue
[2024-06-09T18:52:58.236+0000] {logging_mixin.py:188} INFO - [2024-06-09T18:52:58.235+0000] {dagbag.py:545} INFO - Filling up the DagBag from /home/airflow/.local/lib/python3.12/site-packages/airflow/example_dags/example_python_operator.py
[2024-06-09T18:52:58.251+0000] {processor.py:840} INFO - DAG(s) 'example_python_operator' retrieved from /home/airflow/.local/lib/python3.12/site-packages/airflow/example_dags/example_python_operator.py
[2024-06-09T18:52:58.374+0000] {logging_mixin.py:188} INFO - [2024-06-09T18:52:58.374+0000] {override.py:1829} INFO - Created Permission View: can read on DAG:example_python_operator
[2024-06-09T18:52:58.385+0000] {logging_mixin.py:188} INFO - [2024-06-09T18:52:58.385+0000] {override.py:1829} INFO - Created Permission View: can edit on DAG:example_python_operator
[2024-06-09T18:52:58.391+0000] {logging_mixin.py:188} INFO - [2024-06-09T18:52:58.391+0000] {override.py:1829} INFO - Created Permission View: can delete on DAG:example_python_operator
[2024-06-09T18:52:58.392+0000] {logging_mixin.py:188} INFO - [2024-06-09T18:52:58.391+0000] {dag.py:3096} INFO - Sync 1 DAGs
[2024-06-09T18:52:58.403+0000] {logging_mixin.py:188} INFO - [2024-06-09T18:52:58.403+0000] {dag.py:3118} INFO - Creating ORM DAG for example_python_operator
[2024-06-09T18:52:58.404+0000] {logging_mixin.py:188} INFO - [2024-06-09T18:52:58.404+0000] {dag.py:3954} INFO - Setting next_dagrun for example_python_operator to None, run_after=None
[2024-06-09T18:52:58.422+0000] {processor.py:183} INFO - Processing /home/airflow/.local/lib/python3.12/site-packages/airflow/example_dags/example_python_operator.py took 0.195 seconds
[2024-06-09T18:53:29.387+0000] {processor.py:161} INFO - Started process (PID=122) to work on /home/airflow/.local/lib/python3.12/site-packages/airflow/example_dags/example_python_operator.py
[2024-06-09T18:53:29.388+0000] {processor.py:830} INFO - Processing file /home/airflow/.local/lib/python3.12/site-packages/airflow/example_dags/example_python_operator.py for tasks to queue
[2024-06-09T18:53:29.390+0000] {logging_mixin.py:188} INFO - [2024-06-09T18:53:29.389+0000] {dagbag.py:545} INFO - Filling up the DagBag from /home/airflow/.local/lib/python3.12/site-packages/airflow/example_dags/example_python_operator.py
[2024-06-09T18:53:29.403+0000] {processor.py:840} INFO - DAG(s) 'example_python_operator' retrieved from /home/airflow/.local/lib/python3.12/site-packages/airflow/example_dags/example_python_operator.py
[2024-06-09T18:53:29.427+0000] {logging_mixin.py:188} INFO - [2024-06-09T18:53:29.427+0000] {dag.py:3096} INFO - Sync 1 DAGs
[2024-06-09T18:53:29.441+0000] {logging_mixin.py:188} INFO - [2024-06-09T18:53:29.441+0000] {dag.py:3954} INFO - Setting next_dagrun for example_python_operator to None, run_after=None
[2024-06-09T18:53:29.463+0000] {processor.py:183} INFO - Processing /home/airflow/.local/lib/python3.12/site-packages/airflow/example_dags/example_python_operator.py took 0.082 seconds
[2024-06-09T18:53:59.842+0000] {processor.py:161} INFO - Started process (PID=180) to work on /home/airflow/.local/lib/python3.12/site-packages/airflow/example_dags/example_python_operator.py
[2024-06-09T18:53:59.844+0000] {processor.py:830} INFO - Processing file /home/airflow/.local/lib/python3.12/site-packages/airflow/example_dags/example_python_operator.py for tasks to queue
[2024-06-09T18:53:59.847+0000] {logging_mixin.py:188} INFO - [2024-06-09T18:53:59.847+0000] {dagbag.py:545} INFO - Filling up the DagBag from /home/airflow/.local/lib/python3.12/site-packages/airflow/example_dags/example_python_operator.py
[2024-06-09T18:53:59.870+0000] {processor.py:840} INFO - DAG(s) 'example_python_operator' retrieved from /home/airflow/.local/lib/python3.12/site-packages/airflow/example_dags/example_python_operator.py
[2024-06-09T18:53:59.895+0000] {logging_mixin.py:188} INFO - [2024-06-09T18:53:59.895+0000] {dag.py:3096} INFO - Sync 1 DAGs
[2024-06-09T18:53:59.908+0000] {logging_mixin.py:188} INFO - [2024-06-09T18:53:59.907+0000] {dag.py:3954} INFO - Setting next_dagrun for example_python_operator to None, run_after=None
[2024-06-09T18:53:59.925+0000] {processor.py:183} INFO - Processing /home/airflow/.local/lib/python3.12/site-packages/airflow/example_dags/example_python_operator.py took 0.094 seconds
[2024-06-09T18:54:30.202+0000] {processor.py:161} INFO - Started process (PID=238) to work on /home/airflow/.local/lib/python3.12/site-packages/airflow/example_dags/example_python_operator.py
[2024-06-09T18:54:30.204+0000] {processor.py:830} INFO - Processing file /home/airflow/.local/lib/python3.12/site-packages/airflow/example_dags/example_python_operator.py for tasks to queue
[2024-06-09T18:54:30.206+0000] {logging_mixin.py:188} INFO - [2024-06-09T18:54:30.206+0000] {dagbag.py:545} INFO - Filling up the DagBag from /home/airflow/.local/lib/python3.12/site-packages/airflow/example_dags/example_python_operator.py
[2024-06-09T18:54:30.221+0000] {processor.py:840} INFO - DAG(s) 'example_python_operator' retrieved from /home/airflow/.local/lib/python3.12/site-packages/airflow/example_dags/example_python_operator.py
[2024-06-09T18:54:30.251+0000] {logging_mixin.py:188} INFO - [2024-06-09T18:54:30.250+0000] {dag.py:3096} INFO - Sync 1 DAGs
[2024-06-09T18:54:30.266+0000] {logging_mixin.py:188} INFO - [2024-06-09T18:54:30.266+0000] {dag.py:3954} INFO - Setting next_dagrun for example_python_operator to None, run_after=None
[2024-06-09T18:54:30.285+0000] {processor.py:183} INFO - Processing /home/airflow/.local/lib/python3.12/site-packages/airflow/example_dags/example_python_operator.py took 0.090 seconds
[2024-06-09T18:55:00.782+0000] {processor.py:161} INFO - Started process (PID=296) to work on /home/airflow/.local/lib/python3.12/site-packages/airflow/example_dags/example_python_operator.py
[2024-06-09T18:55:00.784+0000] {processor.py:830} INFO - Processing file /home/airflow/.local/lib/python3.12/site-packages/airflow/example_dags/example_python_operator.py for tasks to queue
[2024-06-09T18:55:00.788+0000] {logging_mixin.py:188} INFO - [2024-06-09T18:55:00.787+0000] {dagbag.py:545} INFO - Filling up the DagBag from /home/airflow/.local/lib/python3.12/site-packages/airflow/example_dags/example_python_operator.py
[2024-06-09T18:55:00.810+0000] {processor.py:840} INFO - DAG(s) 'example_python_operator' retrieved from /home/airflow/.local/lib/python3.12/site-packages/airflow/example_dags/example_python_operator.py
[2024-06-09T18:55:00.833+0000] {logging_mixin.py:188} INFO - [2024-06-09T18:55:00.833+0000] {dag.py:3096} INFO - Sync 1 DAGs
[2024-06-09T18:55:00.847+0000] {logging_mixin.py:188} INFO - [2024-06-09T18:55:00.846+0000] {dag.py:3954} INFO - Setting next_dagrun for example_python_operator to None, run_after=None
[2024-06-09T18:55:00.865+0000] {processor.py:183} INFO - Processing /home/airflow/.local/lib/python3.12/site-packages/airflow/example_dags/example_python_operator.py took 0.098 seconds
