[2024-06-09T18:52:55.588+0000] {processor.py:161} INFO - Started process (PID=46) to work on /home/airflow/.local/lib/python3.12/site-packages/airflow/example_dags/example_datasets.py
[2024-06-09T18:52:55.589+0000] {processor.py:830} INFO - Processing file /home/airflow/.local/lib/python3.12/site-packages/airflow/example_dags/example_datasets.py for tasks to queue
[2024-06-09T18:52:55.591+0000] {logging_mixin.py:188} INFO - [2024-06-09T18:52:55.590+0000] {dagbag.py:545} INFO - Filling up the DagBag from /home/airflow/.local/lib/python3.12/site-packages/airflow/example_dags/example_datasets.py
[2024-06-09T18:52:55.613+0000] {processor.py:840} INFO - DAG(s) 'dataset_consumes_1', 'dataset_consumes_1_and_2', 'dataset_produces_2', 'consume_1_or_2_with_dataset_expressions', 'consume_1_or_both_2_and_3_with_dataset_expressions', 'conditional_dataset_and_time_based_timetable', 'dataset_consumes_1_never_scheduled', 'consume_1_and_2_with_dataset_expressions', 'dataset_produces_1', 'dataset_consumes_unknown_never_scheduled' retrieved from /home/airflow/.local/lib/python3.12/site-packages/airflow/example_dags/example_datasets.py
[2024-06-09T18:52:55.777+0000] {logging_mixin.py:188} INFO - [2024-06-09T18:52:55.777+0000] {override.py:1829} INFO - Created Permission View: can read on DAG:dataset_consumes_1
[2024-06-09T18:52:55.802+0000] {logging_mixin.py:188} INFO - [2024-06-09T18:52:55.801+0000] {override.py:1829} INFO - Created Permission View: can edit on DAG:dataset_consumes_1
[2024-06-09T18:52:55.844+0000] {logging_mixin.py:188} INFO - [2024-06-09T18:52:55.843+0000] {override.py:1829} INFO - Created Permission View: can delete on DAG:dataset_consumes_1
[2024-06-09T18:52:55.896+0000] {logging_mixin.py:188} INFO - [2024-06-09T18:52:55.896+0000] {override.py:1829} INFO - Created Permission View: can read on DAG:dataset_consumes_1_and_2
[2024-06-09T18:52:55.904+0000] {logging_mixin.py:188} INFO - [2024-06-09T18:52:55.904+0000] {override.py:1829} INFO - Created Permission View: can edit on DAG:dataset_consumes_1_and_2
[2024-06-09T18:52:55.911+0000] {logging_mixin.py:188} INFO - [2024-06-09T18:52:55.911+0000] {override.py:1829} INFO - Created Permission View: can delete on DAG:dataset_consumes_1_and_2
[2024-06-09T18:52:55.931+0000] {logging_mixin.py:188} INFO - [2024-06-09T18:52:55.931+0000] {override.py:1829} INFO - Created Permission View: can read on DAG:dataset_produces_2
[2024-06-09T18:52:55.942+0000] {logging_mixin.py:188} INFO - [2024-06-09T18:52:55.941+0000] {override.py:1829} INFO - Created Permission View: can edit on DAG:dataset_produces_2
[2024-06-09T18:52:55.950+0000] {logging_mixin.py:188} INFO - [2024-06-09T18:52:55.950+0000] {override.py:1829} INFO - Created Permission View: can delete on DAG:dataset_produces_2
[2024-06-09T18:52:55.969+0000] {logging_mixin.py:188} INFO - [2024-06-09T18:52:55.968+0000] {override.py:1829} INFO - Created Permission View: can read on DAG:consume_1_or_2_with_dataset_expressions
[2024-06-09T18:52:55.997+0000] {logging_mixin.py:188} INFO - [2024-06-09T18:52:55.997+0000] {override.py:1829} INFO - Created Permission View: can edit on DAG:consume_1_or_2_with_dataset_expressions
[2024-06-09T18:52:56.005+0000] {logging_mixin.py:188} INFO - [2024-06-09T18:52:56.005+0000] {override.py:1829} INFO - Created Permission View: can delete on DAG:consume_1_or_2_with_dataset_expressions
[2024-06-09T18:52:56.019+0000] {logging_mixin.py:188} INFO - [2024-06-09T18:52:56.019+0000] {override.py:1829} INFO - Created Permission View: can read on DAG:consume_1_or_both_2_and_3_with_dataset_expressions
[2024-06-09T18:52:56.026+0000] {logging_mixin.py:188} INFO - [2024-06-09T18:52:56.026+0000] {override.py:1829} INFO - Created Permission View: can edit on DAG:consume_1_or_both_2_and_3_with_dataset_expressions
[2024-06-09T18:52:56.033+0000] {logging_mixin.py:188} INFO - [2024-06-09T18:52:56.032+0000] {override.py:1829} INFO - Created Permission View: can delete on DAG:consume_1_or_both_2_and_3_with_dataset_expressions
[2024-06-09T18:52:56.047+0000] {logging_mixin.py:188} INFO - [2024-06-09T18:52:56.046+0000] {override.py:1829} INFO - Created Permission View: can read on DAG:conditional_dataset_and_time_based_timetable
[2024-06-09T18:52:56.055+0000] {logging_mixin.py:188} INFO - [2024-06-09T18:52:56.055+0000] {override.py:1829} INFO - Created Permission View: can edit on DAG:conditional_dataset_and_time_based_timetable
[2024-06-09T18:52:56.061+0000] {logging_mixin.py:188} INFO - [2024-06-09T18:52:56.061+0000] {override.py:1829} INFO - Created Permission View: can delete on DAG:conditional_dataset_and_time_based_timetable
[2024-06-09T18:52:56.077+0000] {logging_mixin.py:188} INFO - [2024-06-09T18:52:56.077+0000] {override.py:1829} INFO - Created Permission View: can read on DAG:dataset_consumes_1_never_scheduled
[2024-06-09T18:52:56.087+0000] {logging_mixin.py:188} INFO - [2024-06-09T18:52:56.086+0000] {override.py:1829} INFO - Created Permission View: can edit on DAG:dataset_consumes_1_never_scheduled
[2024-06-09T18:52:56.093+0000] {logging_mixin.py:188} INFO - [2024-06-09T18:52:56.093+0000] {override.py:1829} INFO - Created Permission View: can delete on DAG:dataset_consumes_1_never_scheduled
[2024-06-09T18:52:56.107+0000] {logging_mixin.py:188} INFO - [2024-06-09T18:52:56.107+0000] {override.py:1829} INFO - Created Permission View: can read on DAG:consume_1_and_2_with_dataset_expressions
[2024-06-09T18:52:56.132+0000] {logging_mixin.py:188} INFO - [2024-06-09T18:52:56.131+0000] {override.py:1829} INFO - Created Permission View: can edit on DAG:consume_1_and_2_with_dataset_expressions
[2024-06-09T18:52:56.141+0000] {logging_mixin.py:188} INFO - [2024-06-09T18:52:56.140+0000] {override.py:1829} INFO - Created Permission View: can delete on DAG:consume_1_and_2_with_dataset_expressions
[2024-06-09T18:52:56.157+0000] {logging_mixin.py:188} INFO - [2024-06-09T18:52:56.156+0000] {override.py:1829} INFO - Created Permission View: can read on DAG:dataset_produces_1
[2024-06-09T18:52:56.165+0000] {logging_mixin.py:188} INFO - [2024-06-09T18:52:56.164+0000] {override.py:1829} INFO - Created Permission View: can edit on DAG:dataset_produces_1
[2024-06-09T18:52:56.174+0000] {logging_mixin.py:188} INFO - [2024-06-09T18:52:56.174+0000] {override.py:1829} INFO - Created Permission View: can delete on DAG:dataset_produces_1
[2024-06-09T18:52:56.190+0000] {logging_mixin.py:188} INFO - [2024-06-09T18:52:56.189+0000] {override.py:1829} INFO - Created Permission View: can read on DAG:dataset_consumes_unknown_never_scheduled
[2024-06-09T18:52:56.197+0000] {logging_mixin.py:188} INFO - [2024-06-09T18:52:56.197+0000] {override.py:1829} INFO - Created Permission View: can edit on DAG:dataset_consumes_unknown_never_scheduled
[2024-06-09T18:52:56.205+0000] {logging_mixin.py:188} INFO - [2024-06-09T18:52:56.205+0000] {override.py:1829} INFO - Created Permission View: can delete on DAG:dataset_consumes_unknown_never_scheduled
[2024-06-09T18:52:56.206+0000] {logging_mixin.py:188} INFO - [2024-06-09T18:52:56.205+0000] {dag.py:3096} INFO - Sync 10 DAGs
[2024-06-09T18:52:56.218+0000] {logging_mixin.py:188} INFO - [2024-06-09T18:52:56.218+0000] {dag.py:3118} INFO - Creating ORM DAG for consume_1_or_both_2_and_3_with_dataset_expressions
[2024-06-09T18:52:56.219+0000] {logging_mixin.py:188} INFO - [2024-06-09T18:52:56.219+0000] {dag.py:3118} INFO - Creating ORM DAG for dataset_consumes_1_and_2
[2024-06-09T18:52:56.220+0000] {logging_mixin.py:188} INFO - [2024-06-09T18:52:56.219+0000] {dag.py:3118} INFO - Creating ORM DAG for dataset_produces_1
[2024-06-09T18:52:56.220+0000] {logging_mixin.py:188} INFO - [2024-06-09T18:52:56.220+0000] {dag.py:3118} INFO - Creating ORM DAG for dataset_consumes_unknown_never_scheduled
[2024-06-09T18:52:56.221+0000] {logging_mixin.py:188} INFO - [2024-06-09T18:52:56.221+0000] {dag.py:3118} INFO - Creating ORM DAG for dataset_consumes_1_never_scheduled
[2024-06-09T18:52:56.221+0000] {logging_mixin.py:188} INFO - [2024-06-09T18:52:56.221+0000] {dag.py:3118} INFO - Creating ORM DAG for dataset_produces_2
[2024-06-09T18:52:56.222+0000] {logging_mixin.py:188} INFO - [2024-06-09T18:52:56.222+0000] {dag.py:3118} INFO - Creating ORM DAG for dataset_consumes_1
[2024-06-09T18:52:56.222+0000] {logging_mixin.py:188} INFO - [2024-06-09T18:52:56.222+0000] {dag.py:3118} INFO - Creating ORM DAG for conditional_dataset_and_time_based_timetable
[2024-06-09T18:52:56.223+0000] {logging_mixin.py:188} INFO - [2024-06-09T18:52:56.223+0000] {dag.py:3118} INFO - Creating ORM DAG for consume_1_and_2_with_dataset_expressions
[2024-06-09T18:52:56.223+0000] {logging_mixin.py:188} INFO - [2024-06-09T18:52:56.223+0000] {dag.py:3118} INFO - Creating ORM DAG for consume_1_or_2_with_dataset_expressions
[2024-06-09T18:52:56.236+0000] {logging_mixin.py:188} INFO - [2024-06-09T18:52:56.236+0000] {dag.py:3954} INFO - Setting next_dagrun for conditional_dataset_and_time_based_timetable to 2024-06-05 01:00:00+00:00, run_after=2024-06-05 01:00:00+00:00
[2024-06-09T18:52:56.237+0000] {logging_mixin.py:188} INFO - [2024-06-09T18:52:56.237+0000] {dag.py:3954} INFO - Setting next_dagrun for consume_1_and_2_with_dataset_expressions to None, run_after=None
[2024-06-09T18:52:56.238+0000] {logging_mixin.py:188} INFO - [2024-06-09T18:52:56.238+0000] {dag.py:3954} INFO - Setting next_dagrun for consume_1_or_2_with_dataset_expressions to None, run_after=None
[2024-06-09T18:52:56.238+0000] {logging_mixin.py:188} INFO - [2024-06-09T18:52:56.238+0000] {dag.py:3954} INFO - Setting next_dagrun for consume_1_or_both_2_and_3_with_dataset_expressions to None, run_after=None
[2024-06-09T18:52:56.239+0000] {logging_mixin.py:188} INFO - [2024-06-09T18:52:56.238+0000] {dag.py:3954} INFO - Setting next_dagrun for dataset_consumes_1 to None, run_after=None
[2024-06-09T18:52:56.239+0000] {logging_mixin.py:188} INFO - [2024-06-09T18:52:56.239+0000] {dag.py:3954} INFO - Setting next_dagrun for dataset_consumes_1_and_2 to None, run_after=None
[2024-06-09T18:52:56.240+0000] {logging_mixin.py:188} INFO - [2024-06-09T18:52:56.240+0000] {dag.py:3954} INFO - Setting next_dagrun for dataset_consumes_1_never_scheduled to None, run_after=None
[2024-06-09T18:52:56.240+0000] {logging_mixin.py:188} INFO - [2024-06-09T18:52:56.240+0000] {dag.py:3954} INFO - Setting next_dagrun for dataset_consumes_unknown_never_scheduled to None, run_after=None
[2024-06-09T18:52:56.243+0000] {logging_mixin.py:188} INFO - [2024-06-09T18:52:56.242+0000] {dag.py:3954} INFO - Setting next_dagrun for dataset_produces_1 to 2024-06-08 00:00:00+00:00, run_after=2024-06-09 00:00:00+00:00
[2024-06-09T18:52:56.243+0000] {logging_mixin.py:188} INFO - [2024-06-09T18:52:56.243+0000] {dag.py:3954} INFO - Setting next_dagrun for dataset_produces_2 to None, run_after=None
[2024-06-09T18:52:56.296+0000] {processor.py:183} INFO - Processing /home/airflow/.local/lib/python3.12/site-packages/airflow/example_dags/example_datasets.py took 0.715 seconds
[2024-06-09T18:53:27.161+0000] {processor.py:161} INFO - Started process (PID=105) to work on /home/airflow/.local/lib/python3.12/site-packages/airflow/example_dags/example_datasets.py
[2024-06-09T18:53:27.162+0000] {processor.py:830} INFO - Processing file /home/airflow/.local/lib/python3.12/site-packages/airflow/example_dags/example_datasets.py for tasks to queue
[2024-06-09T18:53:27.163+0000] {logging_mixin.py:188} INFO - [2024-06-09T18:53:27.163+0000] {dagbag.py:545} INFO - Filling up the DagBag from /home/airflow/.local/lib/python3.12/site-packages/airflow/example_dags/example_datasets.py
[2024-06-09T18:53:27.177+0000] {processor.py:840} INFO - DAG(s) 'consume_1_or_both_2_and_3_with_dataset_expressions', 'dataset_produces_1', 'dataset_consumes_1', 'dataset_consumes_1_never_scheduled', 'dataset_consumes_1_and_2', 'consume_1_and_2_with_dataset_expressions', 'conditional_dataset_and_time_based_timetable', 'dataset_produces_2', 'consume_1_or_2_with_dataset_expressions', 'dataset_consumes_unknown_never_scheduled' retrieved from /home/airflow/.local/lib/python3.12/site-packages/airflow/example_dags/example_datasets.py
[2024-06-09T18:53:27.237+0000] {logging_mixin.py:188} INFO - [2024-06-09T18:53:27.236+0000] {dag.py:3096} INFO - Sync 10 DAGs
[2024-06-09T18:53:27.263+0000] {logging_mixin.py:188} INFO - [2024-06-09T18:53:27.262+0000] {dag.py:3954} INFO - Setting next_dagrun for conditional_dataset_and_time_based_timetable to 2024-06-05 01:00:00+00:00, run_after=2024-06-05 01:00:00+00:00
[2024-06-09T18:53:27.267+0000] {logging_mixin.py:188} INFO - [2024-06-09T18:53:27.267+0000] {dag.py:3954} INFO - Setting next_dagrun for consume_1_and_2_with_dataset_expressions to None, run_after=None
[2024-06-09T18:53:27.268+0000] {logging_mixin.py:188} INFO - [2024-06-09T18:53:27.268+0000] {dag.py:3954} INFO - Setting next_dagrun for consume_1_or_2_with_dataset_expressions to None, run_after=None
[2024-06-09T18:53:27.270+0000] {logging_mixin.py:188} INFO - [2024-06-09T18:53:27.269+0000] {dag.py:3954} INFO - Setting next_dagrun for consume_1_or_both_2_and_3_with_dataset_expressions to None, run_after=None
[2024-06-09T18:53:27.271+0000] {logging_mixin.py:188} INFO - [2024-06-09T18:53:27.270+0000] {dag.py:3954} INFO - Setting next_dagrun for dataset_consumes_1 to None, run_after=None
[2024-06-09T18:53:27.272+0000] {logging_mixin.py:188} INFO - [2024-06-09T18:53:27.271+0000] {dag.py:3954} INFO - Setting next_dagrun for dataset_consumes_1_and_2 to None, run_after=None
[2024-06-09T18:53:27.273+0000] {logging_mixin.py:188} INFO - [2024-06-09T18:53:27.272+0000] {dag.py:3954} INFO - Setting next_dagrun for dataset_consumes_1_never_scheduled to None, run_after=None
[2024-06-09T18:53:27.273+0000] {logging_mixin.py:188} INFO - [2024-06-09T18:53:27.273+0000] {dag.py:3954} INFO - Setting next_dagrun for dataset_consumes_unknown_never_scheduled to None, run_after=None
[2024-06-09T18:53:27.276+0000] {logging_mixin.py:188} INFO - [2024-06-09T18:53:27.275+0000] {dag.py:3954} INFO - Setting next_dagrun for dataset_produces_1 to 2024-06-08 00:00:00+00:00, run_after=2024-06-09 00:00:00+00:00
[2024-06-09T18:53:27.277+0000] {logging_mixin.py:188} INFO - [2024-06-09T18:53:27.276+0000] {dag.py:3954} INFO - Setting next_dagrun for dataset_produces_2 to None, run_after=None
[2024-06-09T18:53:27.308+0000] {processor.py:183} INFO - Processing /home/airflow/.local/lib/python3.12/site-packages/airflow/example_dags/example_datasets.py took 0.151 seconds
[2024-06-09T18:53:57.724+0000] {processor.py:161} INFO - Started process (PID=163) to work on /home/airflow/.local/lib/python3.12/site-packages/airflow/example_dags/example_datasets.py
[2024-06-09T18:53:57.726+0000] {processor.py:830} INFO - Processing file /home/airflow/.local/lib/python3.12/site-packages/airflow/example_dags/example_datasets.py for tasks to queue
[2024-06-09T18:53:57.729+0000] {logging_mixin.py:188} INFO - [2024-06-09T18:53:57.729+0000] {dagbag.py:545} INFO - Filling up the DagBag from /home/airflow/.local/lib/python3.12/site-packages/airflow/example_dags/example_datasets.py
[2024-06-09T18:53:57.758+0000] {processor.py:840} INFO - DAG(s) 'dataset_produces_1', 'dataset_produces_2', 'conditional_dataset_and_time_based_timetable', 'dataset_consumes_unknown_never_scheduled', 'consume_1_and_2_with_dataset_expressions', 'consume_1_or_both_2_and_3_with_dataset_expressions', 'dataset_consumes_1_and_2', 'dataset_consumes_1', 'consume_1_or_2_with_dataset_expressions', 'dataset_consumes_1_never_scheduled' retrieved from /home/airflow/.local/lib/python3.12/site-packages/airflow/example_dags/example_datasets.py
[2024-06-09T18:53:57.804+0000] {logging_mixin.py:188} INFO - [2024-06-09T18:53:57.804+0000] {dag.py:3096} INFO - Sync 10 DAGs
[2024-06-09T18:53:57.829+0000] {logging_mixin.py:188} INFO - [2024-06-09T18:53:57.829+0000] {dag.py:3954} INFO - Setting next_dagrun for conditional_dataset_and_time_based_timetable to 2024-06-05 01:00:00+00:00, run_after=2024-06-05 01:00:00+00:00
[2024-06-09T18:53:57.833+0000] {logging_mixin.py:188} INFO - [2024-06-09T18:53:57.833+0000] {dag.py:3954} INFO - Setting next_dagrun for consume_1_and_2_with_dataset_expressions to None, run_after=None
[2024-06-09T18:53:57.834+0000] {logging_mixin.py:188} INFO - [2024-06-09T18:53:57.834+0000] {dag.py:3954} INFO - Setting next_dagrun for consume_1_or_2_with_dataset_expressions to None, run_after=None
[2024-06-09T18:53:57.836+0000] {logging_mixin.py:188} INFO - [2024-06-09T18:53:57.836+0000] {dag.py:3954} INFO - Setting next_dagrun for consume_1_or_both_2_and_3_with_dataset_expressions to None, run_after=None
[2024-06-09T18:53:57.837+0000] {logging_mixin.py:188} INFO - [2024-06-09T18:53:57.837+0000] {dag.py:3954} INFO - Setting next_dagrun for dataset_consumes_1 to None, run_after=None
[2024-06-09T18:53:57.838+0000] {logging_mixin.py:188} INFO - [2024-06-09T18:53:57.837+0000] {dag.py:3954} INFO - Setting next_dagrun for dataset_consumes_1_and_2 to None, run_after=None
[2024-06-09T18:53:57.838+0000] {logging_mixin.py:188} INFO - [2024-06-09T18:53:57.838+0000] {dag.py:3954} INFO - Setting next_dagrun for dataset_consumes_1_never_scheduled to None, run_after=None
[2024-06-09T18:53:57.839+0000] {logging_mixin.py:188} INFO - [2024-06-09T18:53:57.839+0000] {dag.py:3954} INFO - Setting next_dagrun for dataset_consumes_unknown_never_scheduled to None, run_after=None
[2024-06-09T18:53:57.841+0000] {logging_mixin.py:188} INFO - [2024-06-09T18:53:57.841+0000] {dag.py:3954} INFO - Setting next_dagrun for dataset_produces_1 to 2024-06-08 00:00:00+00:00, run_after=2024-06-09 00:00:00+00:00
[2024-06-09T18:53:57.843+0000] {logging_mixin.py:188} INFO - [2024-06-09T18:53:57.842+0000] {dag.py:3954} INFO - Setting next_dagrun for dataset_produces_2 to None, run_after=None
[2024-06-09T18:53:57.874+0000] {processor.py:183} INFO - Processing /home/airflow/.local/lib/python3.12/site-packages/airflow/example_dags/example_datasets.py took 0.163 seconds
[2024-06-09T18:54:28.165+0000] {processor.py:161} INFO - Started process (PID=221) to work on /home/airflow/.local/lib/python3.12/site-packages/airflow/example_dags/example_datasets.py
[2024-06-09T18:54:28.166+0000] {processor.py:830} INFO - Processing file /home/airflow/.local/lib/python3.12/site-packages/airflow/example_dags/example_datasets.py for tasks to queue
[2024-06-09T18:54:28.168+0000] {logging_mixin.py:188} INFO - [2024-06-09T18:54:28.167+0000] {dagbag.py:545} INFO - Filling up the DagBag from /home/airflow/.local/lib/python3.12/site-packages/airflow/example_dags/example_datasets.py
[2024-06-09T18:54:28.183+0000] {processor.py:840} INFO - DAG(s) 'dataset_consumes_1_never_scheduled', 'dataset_consumes_1_and_2', 'dataset_consumes_unknown_never_scheduled', 'consume_1_or_both_2_and_3_with_dataset_expressions', 'consume_1_and_2_with_dataset_expressions', 'dataset_produces_2', 'consume_1_or_2_with_dataset_expressions', 'dataset_produces_1', 'conditional_dataset_and_time_based_timetable', 'dataset_consumes_1' retrieved from /home/airflow/.local/lib/python3.12/site-packages/airflow/example_dags/example_datasets.py
[2024-06-09T18:54:28.243+0000] {logging_mixin.py:188} INFO - [2024-06-09T18:54:28.242+0000] {dag.py:3096} INFO - Sync 10 DAGs
[2024-06-09T18:54:28.271+0000] {logging_mixin.py:188} INFO - [2024-06-09T18:54:28.271+0000] {dag.py:3954} INFO - Setting next_dagrun for conditional_dataset_and_time_based_timetable to 2024-06-05 01:00:00+00:00, run_after=2024-06-05 01:00:00+00:00
[2024-06-09T18:54:28.275+0000] {logging_mixin.py:188} INFO - [2024-06-09T18:54:28.275+0000] {dag.py:3954} INFO - Setting next_dagrun for consume_1_and_2_with_dataset_expressions to None, run_after=None
[2024-06-09T18:54:28.277+0000] {logging_mixin.py:188} INFO - [2024-06-09T18:54:28.276+0000] {dag.py:3954} INFO - Setting next_dagrun for consume_1_or_2_with_dataset_expressions to None, run_after=None
[2024-06-09T18:54:28.278+0000] {logging_mixin.py:188} INFO - [2024-06-09T18:54:28.277+0000] {dag.py:3954} INFO - Setting next_dagrun for consume_1_or_both_2_and_3_with_dataset_expressions to None, run_after=None
[2024-06-09T18:54:28.279+0000] {logging_mixin.py:188} INFO - [2024-06-09T18:54:28.278+0000] {dag.py:3954} INFO - Setting next_dagrun for dataset_consumes_1 to None, run_after=None
[2024-06-09T18:54:28.280+0000] {logging_mixin.py:188} INFO - [2024-06-09T18:54:28.279+0000] {dag.py:3954} INFO - Setting next_dagrun for dataset_consumes_1_and_2 to None, run_after=None
[2024-06-09T18:54:28.281+0000] {logging_mixin.py:188} INFO - [2024-06-09T18:54:28.280+0000] {dag.py:3954} INFO - Setting next_dagrun for dataset_consumes_1_never_scheduled to None, run_after=None
[2024-06-09T18:54:28.281+0000] {logging_mixin.py:188} INFO - [2024-06-09T18:54:28.281+0000] {dag.py:3954} INFO - Setting next_dagrun for dataset_consumes_unknown_never_scheduled to None, run_after=None
[2024-06-09T18:54:28.284+0000] {logging_mixin.py:188} INFO - [2024-06-09T18:54:28.284+0000] {dag.py:3954} INFO - Setting next_dagrun for dataset_produces_1 to 2024-06-08 00:00:00+00:00, run_after=2024-06-09 00:00:00+00:00
[2024-06-09T18:54:28.285+0000] {logging_mixin.py:188} INFO - [2024-06-09T18:54:28.285+0000] {dag.py:3954} INFO - Setting next_dagrun for dataset_produces_2 to None, run_after=None
[2024-06-09T18:54:28.315+0000] {processor.py:183} INFO - Processing /home/airflow/.local/lib/python3.12/site-packages/airflow/example_dags/example_datasets.py took 0.157 seconds
[2024-06-09T18:54:58.669+0000] {processor.py:161} INFO - Started process (PID=279) to work on /home/airflow/.local/lib/python3.12/site-packages/airflow/example_dags/example_datasets.py
[2024-06-09T18:54:58.669+0000] {processor.py:830} INFO - Processing file /home/airflow/.local/lib/python3.12/site-packages/airflow/example_dags/example_datasets.py for tasks to queue
[2024-06-09T18:54:58.671+0000] {logging_mixin.py:188} INFO - [2024-06-09T18:54:58.671+0000] {dagbag.py:545} INFO - Filling up the DagBag from /home/airflow/.local/lib/python3.12/site-packages/airflow/example_dags/example_datasets.py
[2024-06-09T18:54:58.685+0000] {processor.py:840} INFO - DAG(s) 'dataset_produces_1', 'consume_1_and_2_with_dataset_expressions', 'dataset_consumes_unknown_never_scheduled', 'consume_1_or_2_with_dataset_expressions', 'dataset_consumes_1_never_scheduled', 'conditional_dataset_and_time_based_timetable', 'dataset_consumes_1', 'consume_1_or_both_2_and_3_with_dataset_expressions', 'dataset_produces_2', 'dataset_consumes_1_and_2' retrieved from /home/airflow/.local/lib/python3.12/site-packages/airflow/example_dags/example_datasets.py
[2024-06-09T18:54:58.740+0000] {logging_mixin.py:188} INFO - [2024-06-09T18:54:58.740+0000] {dag.py:3096} INFO - Sync 10 DAGs
[2024-06-09T18:54:58.769+0000] {logging_mixin.py:188} INFO - [2024-06-09T18:54:58.768+0000] {dag.py:3954} INFO - Setting next_dagrun for conditional_dataset_and_time_based_timetable to 2024-06-05 01:00:00+00:00, run_after=2024-06-05 01:00:00+00:00
[2024-06-09T18:54:58.774+0000] {logging_mixin.py:188} INFO - [2024-06-09T18:54:58.774+0000] {dag.py:3954} INFO - Setting next_dagrun for consume_1_and_2_with_dataset_expressions to None, run_after=None
[2024-06-09T18:54:58.775+0000] {logging_mixin.py:188} INFO - [2024-06-09T18:54:58.775+0000] {dag.py:3954} INFO - Setting next_dagrun for consume_1_or_2_with_dataset_expressions to None, run_after=None
[2024-06-09T18:54:58.776+0000] {logging_mixin.py:188} INFO - [2024-06-09T18:54:58.776+0000] {dag.py:3954} INFO - Setting next_dagrun for consume_1_or_both_2_and_3_with_dataset_expressions to None, run_after=None
[2024-06-09T18:54:58.777+0000] {logging_mixin.py:188} INFO - [2024-06-09T18:54:58.777+0000] {dag.py:3954} INFO - Setting next_dagrun for dataset_consumes_1 to None, run_after=None
[2024-06-09T18:54:58.778+0000] {logging_mixin.py:188} INFO - [2024-06-09T18:54:58.778+0000] {dag.py:3954} INFO - Setting next_dagrun for dataset_consumes_1_and_2 to None, run_after=None
[2024-06-09T18:54:58.780+0000] {logging_mixin.py:188} INFO - [2024-06-09T18:54:58.779+0000] {dag.py:3954} INFO - Setting next_dagrun for dataset_consumes_1_never_scheduled to None, run_after=None
[2024-06-09T18:54:58.781+0000] {logging_mixin.py:188} INFO - [2024-06-09T18:54:58.781+0000] {dag.py:3954} INFO - Setting next_dagrun for dataset_consumes_unknown_never_scheduled to None, run_after=None
[2024-06-09T18:54:58.784+0000] {logging_mixin.py:188} INFO - [2024-06-09T18:54:58.783+0000] {dag.py:3954} INFO - Setting next_dagrun for dataset_produces_1 to 2024-06-08 00:00:00+00:00, run_after=2024-06-09 00:00:00+00:00
[2024-06-09T18:54:58.785+0000] {logging_mixin.py:188} INFO - [2024-06-09T18:54:58.785+0000] {dag.py:3954} INFO - Setting next_dagrun for dataset_produces_2 to None, run_after=None
[2024-06-09T18:54:58.818+0000] {processor.py:183} INFO - Processing /home/airflow/.local/lib/python3.12/site-packages/airflow/example_dags/example_datasets.py took 0.156 seconds
