[2024-06-09T18:52:59.213+0000] {processor.py:161} INFO - Started process (PID=71) to work on /home/airflow/.local/lib/python3.12/site-packages/airflow/example_dags/example_latest_only.py
[2024-06-09T18:52:59.214+0000] {processor.py:830} INFO - Processing file /home/airflow/.local/lib/python3.12/site-packages/airflow/example_dags/example_latest_only.py for tasks to queue
[2024-06-09T18:52:59.216+0000] {logging_mixin.py:188} INFO - [2024-06-09T18:52:59.215+0000] {dagbag.py:545} INFO - Filling up the DagBag from /home/airflow/.local/lib/python3.12/site-packages/airflow/example_dags/example_latest_only.py
[2024-06-09T18:52:59.221+0000] {processor.py:840} INFO - DAG(s) 'latest_only' retrieved from /home/airflow/.local/lib/python3.12/site-packages/airflow/example_dags/example_latest_only.py
[2024-06-09T18:52:59.335+0000] {logging_mixin.py:188} INFO - [2024-06-09T18:52:59.334+0000] {override.py:1829} INFO - Created Permission View: can read on DAG:latest_only
[2024-06-09T18:52:59.344+0000] {logging_mixin.py:188} INFO - [2024-06-09T18:52:59.344+0000] {override.py:1829} INFO - Created Permission View: can edit on DAG:latest_only
[2024-06-09T18:52:59.364+0000] {logging_mixin.py:188} INFO - [2024-06-09T18:52:59.364+0000] {override.py:1829} INFO - Created Permission View: can delete on DAG:latest_only
[2024-06-09T18:52:59.365+0000] {logging_mixin.py:188} INFO - [2024-06-09T18:52:59.365+0000] {dag.py:3096} INFO - Sync 1 DAGs
[2024-06-09T18:52:59.380+0000] {logging_mixin.py:188} INFO - [2024-06-09T18:52:59.380+0000] {dag.py:3118} INFO - Creating ORM DAG for latest_only
[2024-06-09T18:52:59.393+0000] {logging_mixin.py:188} INFO - [2024-06-09T18:52:59.393+0000] {dag.py:3954} INFO - Setting next_dagrun for latest_only to 2024-06-09 12:00:00+00:00, run_after=2024-06-09 16:00:00+00:00
[2024-06-09T18:52:59.414+0000] {processor.py:183} INFO - Processing /home/airflow/.local/lib/python3.12/site-packages/airflow/example_dags/example_latest_only.py took 0.206 seconds
[2024-06-09T18:53:29.856+0000] {processor.py:161} INFO - Started process (PID=129) to work on /home/airflow/.local/lib/python3.12/site-packages/airflow/example_dags/example_latest_only.py
[2024-06-09T18:53:29.857+0000] {processor.py:830} INFO - Processing file /home/airflow/.local/lib/python3.12/site-packages/airflow/example_dags/example_latest_only.py for tasks to queue
[2024-06-09T18:53:29.859+0000] {logging_mixin.py:188} INFO - [2024-06-09T18:53:29.859+0000] {dagbag.py:545} INFO - Filling up the DagBag from /home/airflow/.local/lib/python3.12/site-packages/airflow/example_dags/example_latest_only.py
[2024-06-09T18:53:29.863+0000] {processor.py:840} INFO - DAG(s) 'latest_only' retrieved from /home/airflow/.local/lib/python3.12/site-packages/airflow/example_dags/example_latest_only.py
[2024-06-09T18:53:29.890+0000] {logging_mixin.py:188} INFO - [2024-06-09T18:53:29.890+0000] {dag.py:3096} INFO - Sync 1 DAGs
[2024-06-09T18:53:29.912+0000] {logging_mixin.py:188} INFO - [2024-06-09T18:53:29.912+0000] {dag.py:3954} INFO - Setting next_dagrun for latest_only to 2024-06-09 12:00:00+00:00, run_after=2024-06-09 16:00:00+00:00
[2024-06-09T18:53:29.930+0000] {processor.py:183} INFO - Processing /home/airflow/.local/lib/python3.12/site-packages/airflow/example_dags/example_latest_only.py took 0.080 seconds
[2024-06-09T18:54:00.336+0000] {processor.py:161} INFO - Started process (PID=187) to work on /home/airflow/.local/lib/python3.12/site-packages/airflow/example_dags/example_latest_only.py
[2024-06-09T18:54:00.337+0000] {processor.py:830} INFO - Processing file /home/airflow/.local/lib/python3.12/site-packages/airflow/example_dags/example_latest_only.py for tasks to queue
[2024-06-09T18:54:00.339+0000] {logging_mixin.py:188} INFO - [2024-06-09T18:54:00.339+0000] {dagbag.py:545} INFO - Filling up the DagBag from /home/airflow/.local/lib/python3.12/site-packages/airflow/example_dags/example_latest_only.py
[2024-06-09T18:54:00.345+0000] {processor.py:840} INFO - DAG(s) 'latest_only' retrieved from /home/airflow/.local/lib/python3.12/site-packages/airflow/example_dags/example_latest_only.py
[2024-06-09T18:54:00.368+0000] {logging_mixin.py:188} INFO - [2024-06-09T18:54:00.367+0000] {dag.py:3096} INFO - Sync 1 DAGs
[2024-06-09T18:54:00.392+0000] {logging_mixin.py:188} INFO - [2024-06-09T18:54:00.391+0000] {dag.py:3954} INFO - Setting next_dagrun for latest_only to 2024-06-09 12:00:00+00:00, run_after=2024-06-09 16:00:00+00:00
[2024-06-09T18:54:00.409+0000] {processor.py:183} INFO - Processing /home/airflow/.local/lib/python3.12/site-packages/airflow/example_dags/example_latest_only.py took 0.081 seconds
[2024-06-09T18:54:30.870+0000] {processor.py:161} INFO - Started process (PID=245) to work on /home/airflow/.local/lib/python3.12/site-packages/airflow/example_dags/example_latest_only.py
[2024-06-09T18:54:30.871+0000] {processor.py:830} INFO - Processing file /home/airflow/.local/lib/python3.12/site-packages/airflow/example_dags/example_latest_only.py for tasks to queue
[2024-06-09T18:54:30.873+0000] {logging_mixin.py:188} INFO - [2024-06-09T18:54:30.872+0000] {dagbag.py:545} INFO - Filling up the DagBag from /home/airflow/.local/lib/python3.12/site-packages/airflow/example_dags/example_latest_only.py
[2024-06-09T18:54:30.877+0000] {processor.py:840} INFO - DAG(s) 'latest_only' retrieved from /home/airflow/.local/lib/python3.12/site-packages/airflow/example_dags/example_latest_only.py
[2024-06-09T18:54:30.902+0000] {logging_mixin.py:188} INFO - [2024-06-09T18:54:30.902+0000] {dag.py:3096} INFO - Sync 1 DAGs
[2024-06-09T18:54:30.932+0000] {logging_mixin.py:188} INFO - [2024-06-09T18:54:30.931+0000] {dag.py:3954} INFO - Setting next_dagrun for latest_only to 2024-06-09 12:00:00+00:00, run_after=2024-06-09 16:00:00+00:00
[2024-06-09T18:54:30.954+0000] {processor.py:183} INFO - Processing /home/airflow/.local/lib/python3.12/site-packages/airflow/example_dags/example_latest_only.py took 0.091 seconds
[2024-06-09T18:55:01.419+0000] {processor.py:161} INFO - Started process (PID=303) to work on /home/airflow/.local/lib/python3.12/site-packages/airflow/example_dags/example_latest_only.py
[2024-06-09T18:55:01.420+0000] {processor.py:830} INFO - Processing file /home/airflow/.local/lib/python3.12/site-packages/airflow/example_dags/example_latest_only.py for tasks to queue
[2024-06-09T18:55:01.421+0000] {logging_mixin.py:188} INFO - [2024-06-09T18:55:01.421+0000] {dagbag.py:545} INFO - Filling up the DagBag from /home/airflow/.local/lib/python3.12/site-packages/airflow/example_dags/example_latest_only.py
[2024-06-09T18:55:01.425+0000] {processor.py:840} INFO - DAG(s) 'latest_only' retrieved from /home/airflow/.local/lib/python3.12/site-packages/airflow/example_dags/example_latest_only.py
[2024-06-09T18:55:01.459+0000] {logging_mixin.py:188} INFO - [2024-06-09T18:55:01.459+0000] {dag.py:3096} INFO - Sync 1 DAGs
[2024-06-09T18:55:01.492+0000] {logging_mixin.py:188} INFO - [2024-06-09T18:55:01.492+0000] {dag.py:3954} INFO - Setting next_dagrun for latest_only to 2024-06-09 12:00:00+00:00, run_after=2024-06-09 16:00:00+00:00
[2024-06-09T18:55:01.511+0000] {processor.py:183} INFO - Processing /home/airflow/.local/lib/python3.12/site-packages/airflow/example_dags/example_latest_only.py took 0.097 seconds
