[2024-06-09T18:52:57.221+0000] {processor.py:161} INFO - Started process (PID=56) to work on /home/airflow/.local/lib/python3.12/site-packages/airflow/example_dags/example_short_circuit_operator.py
[2024-06-09T18:52:57.222+0000] {processor.py:830} INFO - Processing file /home/airflow/.local/lib/python3.12/site-packages/airflow/example_dags/example_short_circuit_operator.py for tasks to queue
[2024-06-09T18:52:57.224+0000] {logging_mixin.py:188} INFO - [2024-06-09T18:52:57.223+0000] {dagbag.py:545} INFO - Filling up the DagBag from /home/airflow/.local/lib/python3.12/site-packages/airflow/example_dags/example_short_circuit_operator.py
[2024-06-09T18:52:57.236+0000] {processor.py:840} INFO - DAG(s) 'example_short_circuit_operator' retrieved from /home/airflow/.local/lib/python3.12/site-packages/airflow/example_dags/example_short_circuit_operator.py
[2024-06-09T18:52:57.377+0000] {logging_mixin.py:188} INFO - [2024-06-09T18:52:57.377+0000] {override.py:1829} INFO - Created Permission View: can read on DAG:example_short_circuit_operator
[2024-06-09T18:52:57.390+0000] {logging_mixin.py:188} INFO - [2024-06-09T18:52:57.389+0000] {override.py:1829} INFO - Created Permission View: can edit on DAG:example_short_circuit_operator
[2024-06-09T18:52:57.413+0000] {logging_mixin.py:188} INFO - [2024-06-09T18:52:57.413+0000] {override.py:1829} INFO - Created Permission View: can delete on DAG:example_short_circuit_operator
[2024-06-09T18:52:57.414+0000] {logging_mixin.py:188} INFO - [2024-06-09T18:52:57.414+0000] {dag.py:3096} INFO - Sync 1 DAGs
[2024-06-09T18:52:57.426+0000] {logging_mixin.py:188} INFO - [2024-06-09T18:52:57.426+0000] {dag.py:3118} INFO - Creating ORM DAG for example_short_circuit_operator
[2024-06-09T18:52:57.437+0000] {logging_mixin.py:188} INFO - [2024-06-09T18:52:57.437+0000] {dag.py:3954} INFO - Setting next_dagrun for example_short_circuit_operator to 2024-06-08 00:00:00+00:00, run_after=2024-06-09 00:00:00+00:00
[2024-06-09T18:52:57.455+0000] {processor.py:183} INFO - Processing /home/airflow/.local/lib/python3.12/site-packages/airflow/example_dags/example_short_circuit_operator.py took 0.241 seconds
[2024-06-09T18:53:27.709+0000] {processor.py:161} INFO - Started process (PID=114) to work on /home/airflow/.local/lib/python3.12/site-packages/airflow/example_dags/example_short_circuit_operator.py
[2024-06-09T18:53:27.710+0000] {processor.py:830} INFO - Processing file /home/airflow/.local/lib/python3.12/site-packages/airflow/example_dags/example_short_circuit_operator.py for tasks to queue
[2024-06-09T18:53:27.711+0000] {logging_mixin.py:188} INFO - [2024-06-09T18:53:27.711+0000] {dagbag.py:545} INFO - Filling up the DagBag from /home/airflow/.local/lib/python3.12/site-packages/airflow/example_dags/example_short_circuit_operator.py
[2024-06-09T18:53:27.718+0000] {processor.py:840} INFO - DAG(s) 'example_short_circuit_operator' retrieved from /home/airflow/.local/lib/python3.12/site-packages/airflow/example_dags/example_short_circuit_operator.py
[2024-06-09T18:53:27.741+0000] {logging_mixin.py:188} INFO - [2024-06-09T18:53:27.741+0000] {dag.py:3096} INFO - Sync 1 DAGs
[2024-06-09T18:53:27.762+0000] {logging_mixin.py:188} INFO - [2024-06-09T18:53:27.762+0000] {dag.py:3954} INFO - Setting next_dagrun for example_short_circuit_operator to 2024-06-08 00:00:00+00:00, run_after=2024-06-09 00:00:00+00:00
[2024-06-09T18:53:27.779+0000] {processor.py:183} INFO - Processing /home/airflow/.local/lib/python3.12/site-packages/airflow/example_dags/example_short_circuit_operator.py took 0.075 seconds
[2024-06-09T18:53:58.360+0000] {processor.py:161} INFO - Started process (PID=172) to work on /home/airflow/.local/lib/python3.12/site-packages/airflow/example_dags/example_short_circuit_operator.py
[2024-06-09T18:53:58.361+0000] {processor.py:830} INFO - Processing file /home/airflow/.local/lib/python3.12/site-packages/airflow/example_dags/example_short_circuit_operator.py for tasks to queue
[2024-06-09T18:53:58.362+0000] {logging_mixin.py:188} INFO - [2024-06-09T18:53:58.362+0000] {dagbag.py:545} INFO - Filling up the DagBag from /home/airflow/.local/lib/python3.12/site-packages/airflow/example_dags/example_short_circuit_operator.py
[2024-06-09T18:53:58.369+0000] {processor.py:840} INFO - DAG(s) 'example_short_circuit_operator' retrieved from /home/airflow/.local/lib/python3.12/site-packages/airflow/example_dags/example_short_circuit_operator.py
[2024-06-09T18:53:58.394+0000] {logging_mixin.py:188} INFO - [2024-06-09T18:53:58.394+0000] {dag.py:3096} INFO - Sync 1 DAGs
[2024-06-09T18:53:58.425+0000] {logging_mixin.py:188} INFO - [2024-06-09T18:53:58.425+0000] {dag.py:3954} INFO - Setting next_dagrun for example_short_circuit_operator to 2024-06-08 00:00:00+00:00, run_after=2024-06-09 00:00:00+00:00
[2024-06-09T18:53:58.444+0000] {processor.py:183} INFO - Processing /home/airflow/.local/lib/python3.12/site-packages/airflow/example_dags/example_short_circuit_operator.py took 0.089 seconds
[2024-06-09T18:54:28.690+0000] {processor.py:161} INFO - Started process (PID=230) to work on /home/airflow/.local/lib/python3.12/site-packages/airflow/example_dags/example_short_circuit_operator.py
[2024-06-09T18:54:28.691+0000] {processor.py:830} INFO - Processing file /home/airflow/.local/lib/python3.12/site-packages/airflow/example_dags/example_short_circuit_operator.py for tasks to queue
[2024-06-09T18:54:28.693+0000] {logging_mixin.py:188} INFO - [2024-06-09T18:54:28.693+0000] {dagbag.py:545} INFO - Filling up the DagBag from /home/airflow/.local/lib/python3.12/site-packages/airflow/example_dags/example_short_circuit_operator.py
[2024-06-09T18:54:28.702+0000] {processor.py:840} INFO - DAG(s) 'example_short_circuit_operator' retrieved from /home/airflow/.local/lib/python3.12/site-packages/airflow/example_dags/example_short_circuit_operator.py
[2024-06-09T18:54:28.728+0000] {logging_mixin.py:188} INFO - [2024-06-09T18:54:28.728+0000] {dag.py:3096} INFO - Sync 1 DAGs
[2024-06-09T18:54:28.753+0000] {logging_mixin.py:188} INFO - [2024-06-09T18:54:28.752+0000] {dag.py:3954} INFO - Setting next_dagrun for example_short_circuit_operator to 2024-06-08 00:00:00+00:00, run_after=2024-06-09 00:00:00+00:00
[2024-06-09T18:54:28.774+0000] {processor.py:183} INFO - Processing /home/airflow/.local/lib/python3.12/site-packages/airflow/example_dags/example_short_circuit_operator.py took 0.091 seconds
[2024-06-09T18:54:59.209+0000] {processor.py:161} INFO - Started process (PID=288) to work on /home/airflow/.local/lib/python3.12/site-packages/airflow/example_dags/example_short_circuit_operator.py
[2024-06-09T18:54:59.210+0000] {processor.py:830} INFO - Processing file /home/airflow/.local/lib/python3.12/site-packages/airflow/example_dags/example_short_circuit_operator.py for tasks to queue
[2024-06-09T18:54:59.212+0000] {logging_mixin.py:188} INFO - [2024-06-09T18:54:59.211+0000] {dagbag.py:545} INFO - Filling up the DagBag from /home/airflow/.local/lib/python3.12/site-packages/airflow/example_dags/example_short_circuit_operator.py
[2024-06-09T18:54:59.220+0000] {processor.py:840} INFO - DAG(s) 'example_short_circuit_operator' retrieved from /home/airflow/.local/lib/python3.12/site-packages/airflow/example_dags/example_short_circuit_operator.py
[2024-06-09T18:54:59.248+0000] {logging_mixin.py:188} INFO - [2024-06-09T18:54:59.247+0000] {dag.py:3096} INFO - Sync 1 DAGs
[2024-06-09T18:54:59.273+0000] {logging_mixin.py:188} INFO - [2024-06-09T18:54:59.272+0000] {dag.py:3954} INFO - Setting next_dagrun for example_short_circuit_operator to 2024-06-08 00:00:00+00:00, run_after=2024-06-09 00:00:00+00:00
[2024-06-09T18:54:59.292+0000] {processor.py:183} INFO - Processing /home/airflow/.local/lib/python3.12/site-packages/airflow/example_dags/example_short_circuit_operator.py took 0.089 seconds
