[2024-06-09T18:53:01.081+0000] {processor.py:161} INFO - Started process (PID=84) to work on /home/airflow/.local/lib/python3.12/site-packages/airflow/example_dags/example_latest_only_with_trigger.py
[2024-06-09T18:53:01.082+0000] {processor.py:830} INFO - Processing file /home/airflow/.local/lib/python3.12/site-packages/airflow/example_dags/example_latest_only_with_trigger.py for tasks to queue
[2024-06-09T18:53:01.084+0000] {logging_mixin.py:188} INFO - [2024-06-09T18:53:01.084+0000] {dagbag.py:545} INFO - Filling up the DagBag from /home/airflow/.local/lib/python3.12/site-packages/airflow/example_dags/example_latest_only_with_trigger.py
[2024-06-09T18:53:01.091+0000] {processor.py:840} INFO - DAG(s) 'latest_only_with_trigger' retrieved from /home/airflow/.local/lib/python3.12/site-packages/airflow/example_dags/example_latest_only_with_trigger.py
[2024-06-09T18:53:01.213+0000] {logging_mixin.py:188} INFO - [2024-06-09T18:53:01.213+0000] {override.py:1829} INFO - Created Permission View: can read on DAG:latest_only_with_trigger
[2024-06-09T18:53:01.224+0000] {logging_mixin.py:188} INFO - [2024-06-09T18:53:01.223+0000] {override.py:1829} INFO - Created Permission View: can edit on DAG:latest_only_with_trigger
[2024-06-09T18:53:01.229+0000] {logging_mixin.py:188} INFO - [2024-06-09T18:53:01.229+0000] {override.py:1829} INFO - Created Permission View: can delete on DAG:latest_only_with_trigger
[2024-06-09T18:53:01.230+0000] {logging_mixin.py:188} INFO - [2024-06-09T18:53:01.230+0000] {dag.py:3096} INFO - Sync 1 DAGs
[2024-06-09T18:53:01.242+0000] {logging_mixin.py:188} INFO - [2024-06-09T18:53:01.241+0000] {dag.py:3118} INFO - Creating ORM DAG for latest_only_with_trigger
[2024-06-09T18:53:01.252+0000] {logging_mixin.py:188} INFO - [2024-06-09T18:53:01.252+0000] {dag.py:3954} INFO - Setting next_dagrun for latest_only_with_trigger to 2024-06-09 12:00:00+00:00, run_after=2024-06-09 16:00:00+00:00
[2024-06-09T18:53:01.269+0000] {processor.py:183} INFO - Processing /home/airflow/.local/lib/python3.12/site-packages/airflow/example_dags/example_latest_only_with_trigger.py took 0.194 seconds
[2024-06-09T18:53:31.776+0000] {processor.py:161} INFO - Started process (PID=142) to work on /home/airflow/.local/lib/python3.12/site-packages/airflow/example_dags/example_latest_only_with_trigger.py
[2024-06-09T18:53:31.777+0000] {processor.py:830} INFO - Processing file /home/airflow/.local/lib/python3.12/site-packages/airflow/example_dags/example_latest_only_with_trigger.py for tasks to queue
[2024-06-09T18:53:31.778+0000] {logging_mixin.py:188} INFO - [2024-06-09T18:53:31.778+0000] {dagbag.py:545} INFO - Filling up the DagBag from /home/airflow/.local/lib/python3.12/site-packages/airflow/example_dags/example_latest_only_with_trigger.py
[2024-06-09T18:53:31.783+0000] {processor.py:840} INFO - DAG(s) 'latest_only_with_trigger' retrieved from /home/airflow/.local/lib/python3.12/site-packages/airflow/example_dags/example_latest_only_with_trigger.py
[2024-06-09T18:53:31.804+0000] {logging_mixin.py:188} INFO - [2024-06-09T18:53:31.803+0000] {dag.py:3096} INFO - Sync 1 DAGs
[2024-06-09T18:53:31.826+0000] {logging_mixin.py:188} INFO - [2024-06-09T18:53:31.826+0000] {dag.py:3954} INFO - Setting next_dagrun for latest_only_with_trigger to 2024-06-09 12:00:00+00:00, run_after=2024-06-09 16:00:00+00:00
[2024-06-09T18:53:31.844+0000] {processor.py:183} INFO - Processing /home/airflow/.local/lib/python3.12/site-packages/airflow/example_dags/example_latest_only_with_trigger.py took 0.074 seconds
[2024-06-09T18:54:02.208+0000] {processor.py:161} INFO - Started process (PID=200) to work on /home/airflow/.local/lib/python3.12/site-packages/airflow/example_dags/example_latest_only_with_trigger.py
[2024-06-09T18:54:02.209+0000] {processor.py:830} INFO - Processing file /home/airflow/.local/lib/python3.12/site-packages/airflow/example_dags/example_latest_only_with_trigger.py for tasks to queue
[2024-06-09T18:54:02.210+0000] {logging_mixin.py:188} INFO - [2024-06-09T18:54:02.210+0000] {dagbag.py:545} INFO - Filling up the DagBag from /home/airflow/.local/lib/python3.12/site-packages/airflow/example_dags/example_latest_only_with_trigger.py
[2024-06-09T18:54:02.216+0000] {processor.py:840} INFO - DAG(s) 'latest_only_with_trigger' retrieved from /home/airflow/.local/lib/python3.12/site-packages/airflow/example_dags/example_latest_only_with_trigger.py
[2024-06-09T18:54:02.237+0000] {logging_mixin.py:188} INFO - [2024-06-09T18:54:02.236+0000] {dag.py:3096} INFO - Sync 1 DAGs
[2024-06-09T18:54:02.258+0000] {logging_mixin.py:188} INFO - [2024-06-09T18:54:02.258+0000] {dag.py:3954} INFO - Setting next_dagrun for latest_only_with_trigger to 2024-06-09 12:00:00+00:00, run_after=2024-06-09 16:00:00+00:00
[2024-06-09T18:54:02.289+0000] {processor.py:183} INFO - Processing /home/airflow/.local/lib/python3.12/site-packages/airflow/example_dags/example_latest_only_with_trigger.py took 0.088 seconds
[2024-06-09T18:54:32.792+0000] {processor.py:161} INFO - Started process (PID=258) to work on /home/airflow/.local/lib/python3.12/site-packages/airflow/example_dags/example_latest_only_with_trigger.py
[2024-06-09T18:54:32.793+0000] {processor.py:830} INFO - Processing file /home/airflow/.local/lib/python3.12/site-packages/airflow/example_dags/example_latest_only_with_trigger.py for tasks to queue
[2024-06-09T18:54:32.795+0000] {logging_mixin.py:188} INFO - [2024-06-09T18:54:32.794+0000] {dagbag.py:545} INFO - Filling up the DagBag from /home/airflow/.local/lib/python3.12/site-packages/airflow/example_dags/example_latest_only_with_trigger.py
[2024-06-09T18:54:32.800+0000] {processor.py:840} INFO - DAG(s) 'latest_only_with_trigger' retrieved from /home/airflow/.local/lib/python3.12/site-packages/airflow/example_dags/example_latest_only_with_trigger.py
[2024-06-09T18:54:32.821+0000] {logging_mixin.py:188} INFO - [2024-06-09T18:54:32.821+0000] {dag.py:3096} INFO - Sync 1 DAGs
[2024-06-09T18:54:32.846+0000] {logging_mixin.py:188} INFO - [2024-06-09T18:54:32.846+0000] {dag.py:3954} INFO - Setting next_dagrun for latest_only_with_trigger to 2024-06-09 12:00:00+00:00, run_after=2024-06-09 16:00:00+00:00
[2024-06-09T18:54:32.867+0000] {processor.py:183} INFO - Processing /home/airflow/.local/lib/python3.12/site-packages/airflow/example_dags/example_latest_only_with_trigger.py took 0.080 seconds
[2024-06-09T18:55:03.364+0000] {processor.py:161} INFO - Started process (PID=316) to work on /home/airflow/.local/lib/python3.12/site-packages/airflow/example_dags/example_latest_only_with_trigger.py
[2024-06-09T18:55:03.365+0000] {processor.py:830} INFO - Processing file /home/airflow/.local/lib/python3.12/site-packages/airflow/example_dags/example_latest_only_with_trigger.py for tasks to queue
[2024-06-09T18:55:03.366+0000] {logging_mixin.py:188} INFO - [2024-06-09T18:55:03.366+0000] {dagbag.py:545} INFO - Filling up the DagBag from /home/airflow/.local/lib/python3.12/site-packages/airflow/example_dags/example_latest_only_with_trigger.py
[2024-06-09T18:55:03.372+0000] {processor.py:840} INFO - DAG(s) 'latest_only_with_trigger' retrieved from /home/airflow/.local/lib/python3.12/site-packages/airflow/example_dags/example_latest_only_with_trigger.py
[2024-06-09T18:55:03.395+0000] {logging_mixin.py:188} INFO - [2024-06-09T18:55:03.395+0000] {dag.py:3096} INFO - Sync 1 DAGs
[2024-06-09T18:55:03.419+0000] {logging_mixin.py:188} INFO - [2024-06-09T18:55:03.419+0000] {dag.py:3954} INFO - Setting next_dagrun for latest_only_with_trigger to 2024-06-09 12:00:00+00:00, run_after=2024-06-09 16:00:00+00:00
[2024-06-09T18:55:03.438+0000] {processor.py:183} INFO - Processing /home/airflow/.local/lib/python3.12/site-packages/airflow/example_dags/example_latest_only_with_trigger.py took 0.080 seconds
