[2024-06-09T18:52:54.480+0000] {processor.py:161} INFO - Started process (PID=39) to work on /home/airflow/.local/lib/python3.12/site-packages/airflow/example_dags/example_dag_decorator.py
[2024-06-09T18:52:54.482+0000] {processor.py:830} INFO - Processing file /home/airflow/.local/lib/python3.12/site-packages/airflow/example_dags/example_dag_decorator.py for tasks to queue
[2024-06-09T18:52:54.484+0000] {logging_mixin.py:188} INFO - [2024-06-09T18:52:54.483+0000] {dagbag.py:545} INFO - Filling up the DagBag from /home/airflow/.local/lib/python3.12/site-packages/airflow/example_dags/example_dag_decorator.py
[2024-06-09T18:52:54.808+0000] {processor.py:840} INFO - DAG(s) 'example_dag_decorator' retrieved from /home/airflow/.local/lib/python3.12/site-packages/airflow/example_dags/example_dag_decorator.py
[2024-06-09T18:52:54.968+0000] {logging_mixin.py:188} INFO - [2024-06-09T18:52:54.967+0000] {override.py:1829} INFO - Created Permission View: can read on DAG:example_dag_decorator
[2024-06-09T18:52:54.981+0000] {logging_mixin.py:188} INFO - [2024-06-09T18:52:54.980+0000] {override.py:1829} INFO - Created Permission View: can edit on DAG:example_dag_decorator
[2024-06-09T18:52:54.988+0000] {logging_mixin.py:188} INFO - [2024-06-09T18:52:54.988+0000] {override.py:1829} INFO - Created Permission View: can delete on DAG:example_dag_decorator
[2024-06-09T18:52:54.989+0000] {logging_mixin.py:188} INFO - [2024-06-09T18:52:54.988+0000] {dag.py:3096} INFO - Sync 1 DAGs
[2024-06-09T18:52:55.001+0000] {logging_mixin.py:188} INFO - [2024-06-09T18:52:55.001+0000] {dag.py:3118} INFO - Creating ORM DAG for example_dag_decorator
[2024-06-09T18:52:55.002+0000] {logging_mixin.py:188} INFO - [2024-06-09T18:52:55.002+0000] {dag.py:3954} INFO - Setting next_dagrun for example_dag_decorator to None, run_after=None
[2024-06-09T18:52:55.019+0000] {processor.py:183} INFO - Processing /home/airflow/.local/lib/python3.12/site-packages/airflow/example_dags/example_dag_decorator.py took 0.547 seconds
[2024-06-09T18:53:25.600+0000] {processor.py:161} INFO - Started process (PID=97) to work on /home/airflow/.local/lib/python3.12/site-packages/airflow/example_dags/example_dag_decorator.py
[2024-06-09T18:53:25.601+0000] {processor.py:830} INFO - Processing file /home/airflow/.local/lib/python3.12/site-packages/airflow/example_dags/example_dag_decorator.py for tasks to queue
[2024-06-09T18:53:25.602+0000] {logging_mixin.py:188} INFO - [2024-06-09T18:53:25.602+0000] {dagbag.py:545} INFO - Filling up the DagBag from /home/airflow/.local/lib/python3.12/site-packages/airflow/example_dags/example_dag_decorator.py
[2024-06-09T18:53:25.708+0000] {processor.py:840} INFO - DAG(s) 'example_dag_decorator' retrieved from /home/airflow/.local/lib/python3.12/site-packages/airflow/example_dags/example_dag_decorator.py
[2024-06-09T18:53:25.730+0000] {logging_mixin.py:188} INFO - [2024-06-09T18:53:25.730+0000] {dag.py:3096} INFO - Sync 1 DAGs
[2024-06-09T18:53:25.744+0000] {logging_mixin.py:188} INFO - [2024-06-09T18:53:25.743+0000] {dag.py:3954} INFO - Setting next_dagrun for example_dag_decorator to None, run_after=None
[2024-06-09T18:53:25.760+0000] {processor.py:183} INFO - Processing /home/airflow/.local/lib/python3.12/site-packages/airflow/example_dags/example_dag_decorator.py took 0.166 seconds
[2024-06-09T18:53:56.141+0000] {processor.py:161} INFO - Started process (PID=155) to work on /home/airflow/.local/lib/python3.12/site-packages/airflow/example_dags/example_dag_decorator.py
[2024-06-09T18:53:56.142+0000] {processor.py:830} INFO - Processing file /home/airflow/.local/lib/python3.12/site-packages/airflow/example_dags/example_dag_decorator.py for tasks to queue
[2024-06-09T18:53:56.144+0000] {logging_mixin.py:188} INFO - [2024-06-09T18:53:56.144+0000] {dagbag.py:545} INFO - Filling up the DagBag from /home/airflow/.local/lib/python3.12/site-packages/airflow/example_dags/example_dag_decorator.py
[2024-06-09T18:53:56.244+0000] {processor.py:840} INFO - DAG(s) 'example_dag_decorator' retrieved from /home/airflow/.local/lib/python3.12/site-packages/airflow/example_dags/example_dag_decorator.py
[2024-06-09T18:53:56.358+0000] {logging_mixin.py:188} INFO - [2024-06-09T18:53:56.358+0000] {dag.py:3096} INFO - Sync 1 DAGs
[2024-06-09T18:53:56.372+0000] {logging_mixin.py:188} INFO - [2024-06-09T18:53:56.371+0000] {dag.py:3954} INFO - Setting next_dagrun for example_dag_decorator to None, run_after=None
[2024-06-09T18:53:56.390+0000] {processor.py:183} INFO - Processing /home/airflow/.local/lib/python3.12/site-packages/airflow/example_dags/example_dag_decorator.py took 0.254 seconds
[2024-06-09T18:54:26.569+0000] {processor.py:161} INFO - Started process (PID=213) to work on /home/airflow/.local/lib/python3.12/site-packages/airflow/example_dags/example_dag_decorator.py
[2024-06-09T18:54:26.570+0000] {processor.py:830} INFO - Processing file /home/airflow/.local/lib/python3.12/site-packages/airflow/example_dags/example_dag_decorator.py for tasks to queue
[2024-06-09T18:54:26.573+0000] {logging_mixin.py:188} INFO - [2024-06-09T18:54:26.573+0000] {dagbag.py:545} INFO - Filling up the DagBag from /home/airflow/.local/lib/python3.12/site-packages/airflow/example_dags/example_dag_decorator.py
[2024-06-09T18:54:26.689+0000] {processor.py:840} INFO - DAG(s) 'example_dag_decorator' retrieved from /home/airflow/.local/lib/python3.12/site-packages/airflow/example_dags/example_dag_decorator.py
[2024-06-09T18:54:26.801+0000] {logging_mixin.py:188} INFO - [2024-06-09T18:54:26.801+0000] {dag.py:3096} INFO - Sync 1 DAGs
[2024-06-09T18:54:26.812+0000] {logging_mixin.py:188} INFO - [2024-06-09T18:54:26.811+0000] {dag.py:3954} INFO - Setting next_dagrun for example_dag_decorator to None, run_after=None
[2024-06-09T18:54:26.829+0000] {processor.py:183} INFO - Processing /home/airflow/.local/lib/python3.12/site-packages/airflow/example_dags/example_dag_decorator.py took 0.272 seconds
[2024-06-09T18:54:57.099+0000] {processor.py:161} INFO - Started process (PID=271) to work on /home/airflow/.local/lib/python3.12/site-packages/airflow/example_dags/example_dag_decorator.py
[2024-06-09T18:54:57.099+0000] {processor.py:830} INFO - Processing file /home/airflow/.local/lib/python3.12/site-packages/airflow/example_dags/example_dag_decorator.py for tasks to queue
[2024-06-09T18:54:57.101+0000] {logging_mixin.py:188} INFO - [2024-06-09T18:54:57.101+0000] {dagbag.py:545} INFO - Filling up the DagBag from /home/airflow/.local/lib/python3.12/site-packages/airflow/example_dags/example_dag_decorator.py
[2024-06-09T18:54:57.201+0000] {processor.py:840} INFO - DAG(s) 'example_dag_decorator' retrieved from /home/airflow/.local/lib/python3.12/site-packages/airflow/example_dags/example_dag_decorator.py
[2024-06-09T18:54:57.314+0000] {logging_mixin.py:188} INFO - [2024-06-09T18:54:57.314+0000] {dag.py:3096} INFO - Sync 1 DAGs
[2024-06-09T18:54:57.327+0000] {logging_mixin.py:188} INFO - [2024-06-09T18:54:57.327+0000] {dag.py:3954} INFO - Setting next_dagrun for example_dag_decorator to None, run_after=None
[2024-06-09T18:54:57.349+0000] {processor.py:183} INFO - Processing /home/airflow/.local/lib/python3.12/site-packages/airflow/example_dags/example_dag_decorator.py took 0.256 seconds
