[2024-06-09T18:52:59.884+0000] {processor.py:161} INFO - Started process (PID=76) to work on /home/airflow/.local/lib/python3.12/site-packages/airflow/example_dags/example_bash_decorator.py
[2024-06-09T18:52:59.884+0000] {processor.py:830} INFO - Processing file /home/airflow/.local/lib/python3.12/site-packages/airflow/example_dags/example_bash_decorator.py for tasks to queue
[2024-06-09T18:52:59.886+0000] {logging_mixin.py:188} INFO - [2024-06-09T18:52:59.886+0000] {dagbag.py:545} INFO - Filling up the DagBag from /home/airflow/.local/lib/python3.12/site-packages/airflow/example_dags/example_bash_decorator.py
[2024-06-09T18:52:59.905+0000] {processor.py:840} INFO - DAG(s) 'example_bash_decorator' retrieved from /home/airflow/.local/lib/python3.12/site-packages/airflow/example_dags/example_bash_decorator.py
[2024-06-09T18:53:00.022+0000] {logging_mixin.py:188} INFO - [2024-06-09T18:53:00.022+0000] {override.py:1829} INFO - Created Permission View: can read on DAG:example_bash_decorator
[2024-06-09T18:53:00.032+0000] {logging_mixin.py:188} INFO - [2024-06-09T18:53:00.032+0000] {override.py:1829} INFO - Created Permission View: can edit on DAG:example_bash_decorator
[2024-06-09T18:53:00.039+0000] {logging_mixin.py:188} INFO - [2024-06-09T18:53:00.038+0000] {override.py:1829} INFO - Created Permission View: can delete on DAG:example_bash_decorator
[2024-06-09T18:53:00.039+0000] {logging_mixin.py:188} INFO - [2024-06-09T18:53:00.039+0000] {dag.py:3096} INFO - Sync 1 DAGs
[2024-06-09T18:53:00.051+0000] {logging_mixin.py:188} INFO - [2024-06-09T18:53:00.051+0000] {dag.py:3118} INFO - Creating ORM DAG for example_bash_decorator
[2024-06-09T18:53:00.051+0000] {logging_mixin.py:188} INFO - [2024-06-09T18:53:00.051+0000] {dag.py:3954} INFO - Setting next_dagrun for example_bash_decorator to None, run_after=None
[2024-06-09T18:53:00.065+0000] {processor.py:183} INFO - Processing /home/airflow/.local/lib/python3.12/site-packages/airflow/example_dags/example_bash_decorator.py took 0.186 seconds
[2024-06-09T18:53:30.120+0000] {processor.py:161} INFO - Started process (PID=134) to work on /home/airflow/.local/lib/python3.12/site-packages/airflow/example_dags/example_bash_decorator.py
[2024-06-09T18:53:30.122+0000] {processor.py:830} INFO - Processing file /home/airflow/.local/lib/python3.12/site-packages/airflow/example_dags/example_bash_decorator.py for tasks to queue
[2024-06-09T18:53:30.125+0000] {logging_mixin.py:188} INFO - [2024-06-09T18:53:30.125+0000] {dagbag.py:545} INFO - Filling up the DagBag from /home/airflow/.local/lib/python3.12/site-packages/airflow/example_dags/example_bash_decorator.py
[2024-06-09T18:53:30.151+0000] {processor.py:840} INFO - DAG(s) 'example_bash_decorator' retrieved from /home/airflow/.local/lib/python3.12/site-packages/airflow/example_dags/example_bash_decorator.py
[2024-06-09T18:53:30.177+0000] {logging_mixin.py:188} INFO - [2024-06-09T18:53:30.176+0000] {dag.py:3096} INFO - Sync 1 DAGs
[2024-06-09T18:53:30.189+0000] {logging_mixin.py:188} INFO - [2024-06-09T18:53:30.189+0000] {dag.py:3954} INFO - Setting next_dagrun for example_bash_decorator to None, run_after=None
[2024-06-09T18:53:30.208+0000] {processor.py:183} INFO - Processing /home/airflow/.local/lib/python3.12/site-packages/airflow/example_dags/example_bash_decorator.py took 0.101 seconds
[2024-06-09T18:54:00.759+0000] {processor.py:161} INFO - Started process (PID=192) to work on /home/airflow/.local/lib/python3.12/site-packages/airflow/example_dags/example_bash_decorator.py
[2024-06-09T18:54:00.760+0000] {processor.py:830} INFO - Processing file /home/airflow/.local/lib/python3.12/site-packages/airflow/example_dags/example_bash_decorator.py for tasks to queue
[2024-06-09T18:54:00.762+0000] {logging_mixin.py:188} INFO - [2024-06-09T18:54:00.761+0000] {dagbag.py:545} INFO - Filling up the DagBag from /home/airflow/.local/lib/python3.12/site-packages/airflow/example_dags/example_bash_decorator.py
[2024-06-09T18:54:00.774+0000] {processor.py:840} INFO - DAG(s) 'example_bash_decorator' retrieved from /home/airflow/.local/lib/python3.12/site-packages/airflow/example_dags/example_bash_decorator.py
[2024-06-09T18:54:00.797+0000] {logging_mixin.py:188} INFO - [2024-06-09T18:54:00.797+0000] {dag.py:3096} INFO - Sync 1 DAGs
[2024-06-09T18:54:00.810+0000] {logging_mixin.py:188} INFO - [2024-06-09T18:54:00.809+0000] {dag.py:3954} INFO - Setting next_dagrun for example_bash_decorator to None, run_after=None
[2024-06-09T18:54:00.826+0000] {processor.py:183} INFO - Processing /home/airflow/.local/lib/python3.12/site-packages/airflow/example_dags/example_bash_decorator.py took 0.072 seconds
[2024-06-09T18:54:31.286+0000] {processor.py:161} INFO - Started process (PID=250) to work on /home/airflow/.local/lib/python3.12/site-packages/airflow/example_dags/example_bash_decorator.py
[2024-06-09T18:54:31.286+0000] {processor.py:830} INFO - Processing file /home/airflow/.local/lib/python3.12/site-packages/airflow/example_dags/example_bash_decorator.py for tasks to queue
[2024-06-09T18:54:31.288+0000] {logging_mixin.py:188} INFO - [2024-06-09T18:54:31.288+0000] {dagbag.py:545} INFO - Filling up the DagBag from /home/airflow/.local/lib/python3.12/site-packages/airflow/example_dags/example_bash_decorator.py
[2024-06-09T18:54:31.302+0000] {processor.py:840} INFO - DAG(s) 'example_bash_decorator' retrieved from /home/airflow/.local/lib/python3.12/site-packages/airflow/example_dags/example_bash_decorator.py
[2024-06-09T18:54:31.332+0000] {logging_mixin.py:188} INFO - [2024-06-09T18:54:31.331+0000] {dag.py:3096} INFO - Sync 1 DAGs
[2024-06-09T18:54:31.348+0000] {logging_mixin.py:188} INFO - [2024-06-09T18:54:31.348+0000] {dag.py:3954} INFO - Setting next_dagrun for example_bash_decorator to None, run_after=None
[2024-06-09T18:54:31.366+0000] {processor.py:183} INFO - Processing /home/airflow/.local/lib/python3.12/site-packages/airflow/example_dags/example_bash_decorator.py took 0.087 seconds
[2024-06-09T18:55:01.781+0000] {processor.py:161} INFO - Started process (PID=308) to work on /home/airflow/.local/lib/python3.12/site-packages/airflow/example_dags/example_bash_decorator.py
[2024-06-09T18:55:01.783+0000] {processor.py:830} INFO - Processing file /home/airflow/.local/lib/python3.12/site-packages/airflow/example_dags/example_bash_decorator.py for tasks to queue
[2024-06-09T18:55:01.787+0000] {logging_mixin.py:188} INFO - [2024-06-09T18:55:01.786+0000] {dagbag.py:545} INFO - Filling up the DagBag from /home/airflow/.local/lib/python3.12/site-packages/airflow/example_dags/example_bash_decorator.py
[2024-06-09T18:55:01.812+0000] {processor.py:840} INFO - DAG(s) 'example_bash_decorator' retrieved from /home/airflow/.local/lib/python3.12/site-packages/airflow/example_dags/example_bash_decorator.py
[2024-06-09T18:55:01.838+0000] {logging_mixin.py:188} INFO - [2024-06-09T18:55:01.837+0000] {dag.py:3096} INFO - Sync 1 DAGs
[2024-06-09T18:55:01.850+0000] {logging_mixin.py:188} INFO - [2024-06-09T18:55:01.849+0000] {dag.py:3954} INFO - Setting next_dagrun for example_bash_decorator to None, run_after=None
[2024-06-09T18:55:01.869+0000] {processor.py:183} INFO - Processing /home/airflow/.local/lib/python3.12/site-packages/airflow/example_dags/example_bash_decorator.py took 0.100 seconds
