[2024-06-09T18:52:56.798+0000] {processor.py:161} INFO - Started process (PID=53) to work on /home/airflow/.local/lib/python3.12/site-packages/airflow/example_dags/example_nested_branch_dag.py
[2024-06-09T18:52:56.799+0000] {processor.py:830} INFO - Processing file /home/airflow/.local/lib/python3.12/site-packages/airflow/example_dags/example_nested_branch_dag.py for tasks to queue
[2024-06-09T18:52:56.801+0000] {logging_mixin.py:188} INFO - [2024-06-09T18:52:56.801+0000] {dagbag.py:545} INFO - Filling up the DagBag from /home/airflow/.local/lib/python3.12/site-packages/airflow/example_dags/example_nested_branch_dag.py
[2024-06-09T18:52:56.815+0000] {processor.py:840} INFO - DAG(s) 'example_nested_branch_dag' retrieved from /home/airflow/.local/lib/python3.12/site-packages/airflow/example_dags/example_nested_branch_dag.py
[2024-06-09T18:52:56.969+0000] {logging_mixin.py:188} INFO - [2024-06-09T18:52:56.968+0000] {override.py:1829} INFO - Created Permission View: can read on DAG:example_nested_branch_dag
[2024-06-09T18:52:56.998+0000] {logging_mixin.py:188} INFO - [2024-06-09T18:52:56.997+0000] {override.py:1829} INFO - Created Permission View: can edit on DAG:example_nested_branch_dag
[2024-06-09T18:52:57.005+0000] {logging_mixin.py:188} INFO - [2024-06-09T18:52:57.005+0000] {override.py:1829} INFO - Created Permission View: can delete on DAG:example_nested_branch_dag
[2024-06-09T18:52:57.006+0000] {logging_mixin.py:188} INFO - [2024-06-09T18:52:57.005+0000] {dag.py:3096} INFO - Sync 1 DAGs
[2024-06-09T18:52:57.019+0000] {logging_mixin.py:188} INFO - [2024-06-09T18:52:57.018+0000] {dag.py:3118} INFO - Creating ORM DAG for example_nested_branch_dag
[2024-06-09T18:52:57.034+0000] {logging_mixin.py:188} INFO - [2024-06-09T18:52:57.033+0000] {dag.py:3954} INFO - Setting next_dagrun for example_nested_branch_dag to 2024-06-08 00:00:00+00:00, run_after=2024-06-09 00:00:00+00:00
[2024-06-09T18:52:57.054+0000] {processor.py:183} INFO - Processing /home/airflow/.local/lib/python3.12/site-packages/airflow/example_dags/example_nested_branch_dag.py took 0.261 seconds
[2024-06-09T18:53:27.550+0000] {processor.py:161} INFO - Started process (PID=111) to work on /home/airflow/.local/lib/python3.12/site-packages/airflow/example_dags/example_nested_branch_dag.py
[2024-06-09T18:53:27.551+0000] {processor.py:830} INFO - Processing file /home/airflow/.local/lib/python3.12/site-packages/airflow/example_dags/example_nested_branch_dag.py for tasks to queue
[2024-06-09T18:53:27.553+0000] {logging_mixin.py:188} INFO - [2024-06-09T18:53:27.553+0000] {dagbag.py:545} INFO - Filling up the DagBag from /home/airflow/.local/lib/python3.12/site-packages/airflow/example_dags/example_nested_branch_dag.py
[2024-06-09T18:53:27.568+0000] {processor.py:840} INFO - DAG(s) 'example_nested_branch_dag' retrieved from /home/airflow/.local/lib/python3.12/site-packages/airflow/example_dags/example_nested_branch_dag.py
[2024-06-09T18:53:27.603+0000] {logging_mixin.py:188} INFO - [2024-06-09T18:53:27.603+0000] {dag.py:3096} INFO - Sync 1 DAGs
[2024-06-09T18:53:27.631+0000] {logging_mixin.py:188} INFO - [2024-06-09T18:53:27.631+0000] {dag.py:3954} INFO - Setting next_dagrun for example_nested_branch_dag to 2024-06-08 00:00:00+00:00, run_after=2024-06-09 00:00:00+00:00
[2024-06-09T18:53:27.651+0000] {processor.py:183} INFO - Processing /home/airflow/.local/lib/python3.12/site-packages/airflow/example_dags/example_nested_branch_dag.py took 0.111 seconds
[2024-06-09T18:53:58.156+0000] {processor.py:161} INFO - Started process (PID=169) to work on /home/airflow/.local/lib/python3.12/site-packages/airflow/example_dags/example_nested_branch_dag.py
[2024-06-09T18:53:58.157+0000] {processor.py:830} INFO - Processing file /home/airflow/.local/lib/python3.12/site-packages/airflow/example_dags/example_nested_branch_dag.py for tasks to queue
[2024-06-09T18:53:58.159+0000] {logging_mixin.py:188} INFO - [2024-06-09T18:53:58.158+0000] {dagbag.py:545} INFO - Filling up the DagBag from /home/airflow/.local/lib/python3.12/site-packages/airflow/example_dags/example_nested_branch_dag.py
[2024-06-09T18:53:58.168+0000] {processor.py:840} INFO - DAG(s) 'example_nested_branch_dag' retrieved from /home/airflow/.local/lib/python3.12/site-packages/airflow/example_dags/example_nested_branch_dag.py
[2024-06-09T18:53:58.190+0000] {logging_mixin.py:188} INFO - [2024-06-09T18:53:58.190+0000] {dag.py:3096} INFO - Sync 1 DAGs
[2024-06-09T18:53:58.214+0000] {logging_mixin.py:188} INFO - [2024-06-09T18:53:58.214+0000] {dag.py:3954} INFO - Setting next_dagrun for example_nested_branch_dag to 2024-06-08 00:00:00+00:00, run_after=2024-06-09 00:00:00+00:00
[2024-06-09T18:53:58.232+0000] {processor.py:183} INFO - Processing /home/airflow/.local/lib/python3.12/site-packages/airflow/example_dags/example_nested_branch_dag.py took 0.081 seconds
[2024-06-09T18:54:28.542+0000] {processor.py:161} INFO - Started process (PID=227) to work on /home/airflow/.local/lib/python3.12/site-packages/airflow/example_dags/example_nested_branch_dag.py
[2024-06-09T18:54:28.543+0000] {processor.py:830} INFO - Processing file /home/airflow/.local/lib/python3.12/site-packages/airflow/example_dags/example_nested_branch_dag.py for tasks to queue
[2024-06-09T18:54:28.544+0000] {logging_mixin.py:188} INFO - [2024-06-09T18:54:28.544+0000] {dagbag.py:545} INFO - Filling up the DagBag from /home/airflow/.local/lib/python3.12/site-packages/airflow/example_dags/example_nested_branch_dag.py
[2024-06-09T18:54:28.555+0000] {processor.py:840} INFO - DAG(s) 'example_nested_branch_dag' retrieved from /home/airflow/.local/lib/python3.12/site-packages/airflow/example_dags/example_nested_branch_dag.py
[2024-06-09T18:54:28.579+0000] {logging_mixin.py:188} INFO - [2024-06-09T18:54:28.579+0000] {dag.py:3096} INFO - Sync 1 DAGs
[2024-06-09T18:54:28.605+0000] {logging_mixin.py:188} INFO - [2024-06-09T18:54:28.605+0000] {dag.py:3954} INFO - Setting next_dagrun for example_nested_branch_dag to 2024-06-08 00:00:00+00:00, run_after=2024-06-09 00:00:00+00:00
[2024-06-09T18:54:28.626+0000] {processor.py:183} INFO - Processing /home/airflow/.local/lib/python3.12/site-packages/airflow/example_dags/example_nested_branch_dag.py took 0.091 seconds
[2024-06-09T18:54:59.022+0000] {processor.py:161} INFO - Started process (PID=285) to work on /home/airflow/.local/lib/python3.12/site-packages/airflow/example_dags/example_nested_branch_dag.py
[2024-06-09T18:54:59.023+0000] {processor.py:830} INFO - Processing file /home/airflow/.local/lib/python3.12/site-packages/airflow/example_dags/example_nested_branch_dag.py for tasks to queue
[2024-06-09T18:54:59.025+0000] {logging_mixin.py:188} INFO - [2024-06-09T18:54:59.025+0000] {dagbag.py:545} INFO - Filling up the DagBag from /home/airflow/.local/lib/python3.12/site-packages/airflow/example_dags/example_nested_branch_dag.py
[2024-06-09T18:54:59.038+0000] {processor.py:840} INFO - DAG(s) 'example_nested_branch_dag' retrieved from /home/airflow/.local/lib/python3.12/site-packages/airflow/example_dags/example_nested_branch_dag.py
[2024-06-09T18:54:59.062+0000] {logging_mixin.py:188} INFO - [2024-06-09T18:54:59.062+0000] {dag.py:3096} INFO - Sync 1 DAGs
[2024-06-09T18:54:59.089+0000] {logging_mixin.py:188} INFO - [2024-06-09T18:54:59.089+0000] {dag.py:3954} INFO - Setting next_dagrun for example_nested_branch_dag to 2024-06-08 00:00:00+00:00, run_after=2024-06-09 00:00:00+00:00
[2024-06-09T18:54:59.109+0000] {processor.py:183} INFO - Processing /home/airflow/.local/lib/python3.12/site-packages/airflow/example_dags/example_nested_branch_dag.py took 0.095 seconds
