[2024-06-09T18:53:00.892+0000] {processor.py:161} INFO - Started process (PID=83) to work on /home/airflow/.local/lib/python3.12/site-packages/airflow/example_dags/example_external_task_marker_dag.py
[2024-06-09T18:53:00.892+0000] {processor.py:830} INFO - Processing file /home/airflow/.local/lib/python3.12/site-packages/airflow/example_dags/example_external_task_marker_dag.py for tasks to queue
[2024-06-09T18:53:00.894+0000] {logging_mixin.py:188} INFO - [2024-06-09T18:53:00.894+0000] {dagbag.py:545} INFO - Filling up the DagBag from /home/airflow/.local/lib/python3.12/site-packages/airflow/example_dags/example_external_task_marker_dag.py
[2024-06-09T18:53:00.900+0000] {processor.py:840} INFO - DAG(s) 'example_external_task_marker_parent', 'example_external_task_marker_child' retrieved from /home/airflow/.local/lib/python3.12/site-packages/airflow/example_dags/example_external_task_marker_dag.py
[2024-06-09T18:53:01.018+0000] {logging_mixin.py:188} INFO - [2024-06-09T18:53:01.017+0000] {override.py:1829} INFO - Created Permission View: can read on DAG:example_external_task_marker_parent
[2024-06-09T18:53:01.044+0000] {logging_mixin.py:188} INFO - [2024-06-09T18:53:01.044+0000] {override.py:1829} INFO - Created Permission View: can edit on DAG:example_external_task_marker_parent
[2024-06-09T18:53:01.052+0000] {logging_mixin.py:188} INFO - [2024-06-09T18:53:01.051+0000] {override.py:1829} INFO - Created Permission View: can delete on DAG:example_external_task_marker_parent
[2024-06-09T18:53:01.069+0000] {logging_mixin.py:188} INFO - [2024-06-09T18:53:01.069+0000] {override.py:1829} INFO - Created Permission View: can read on DAG:example_external_task_marker_child
[2024-06-09T18:53:01.080+0000] {logging_mixin.py:188} INFO - [2024-06-09T18:53:01.079+0000] {override.py:1829} INFO - Created Permission View: can edit on DAG:example_external_task_marker_child
[2024-06-09T18:53:01.089+0000] {logging_mixin.py:188} INFO - [2024-06-09T18:53:01.089+0000] {override.py:1829} INFO - Created Permission View: can delete on DAG:example_external_task_marker_child
[2024-06-09T18:53:01.090+0000] {logging_mixin.py:188} INFO - [2024-06-09T18:53:01.089+0000] {dag.py:3096} INFO - Sync 2 DAGs
[2024-06-09T18:53:01.103+0000] {logging_mixin.py:188} INFO - [2024-06-09T18:53:01.102+0000] {dag.py:3118} INFO - Creating ORM DAG for example_external_task_marker_parent
[2024-06-09T18:53:01.103+0000] {logging_mixin.py:188} INFO - [2024-06-09T18:53:01.103+0000] {dag.py:3118} INFO - Creating ORM DAG for example_external_task_marker_child
[2024-06-09T18:53:01.104+0000] {logging_mixin.py:188} INFO - [2024-06-09T18:53:01.104+0000] {dag.py:3954} INFO - Setting next_dagrun for example_external_task_marker_child to None, run_after=None
[2024-06-09T18:53:01.105+0000] {logging_mixin.py:188} INFO - [2024-06-09T18:53:01.105+0000] {dag.py:3954} INFO - Setting next_dagrun for example_external_task_marker_parent to None, run_after=None
[2024-06-09T18:53:01.124+0000] {processor.py:183} INFO - Processing /home/airflow/.local/lib/python3.12/site-packages/airflow/example_dags/example_external_task_marker_dag.py took 0.238 seconds
[2024-06-09T18:53:31.771+0000] {processor.py:161} INFO - Started process (PID=141) to work on /home/airflow/.local/lib/python3.12/site-packages/airflow/example_dags/example_external_task_marker_dag.py
[2024-06-09T18:53:31.772+0000] {processor.py:830} INFO - Processing file /home/airflow/.local/lib/python3.12/site-packages/airflow/example_dags/example_external_task_marker_dag.py for tasks to queue
[2024-06-09T18:53:31.776+0000] {logging_mixin.py:188} INFO - [2024-06-09T18:53:31.775+0000] {dagbag.py:545} INFO - Filling up the DagBag from /home/airflow/.local/lib/python3.12/site-packages/airflow/example_dags/example_external_task_marker_dag.py
[2024-06-09T18:53:31.787+0000] {processor.py:840} INFO - DAG(s) 'example_external_task_marker_child', 'example_external_task_marker_parent' retrieved from /home/airflow/.local/lib/python3.12/site-packages/airflow/example_dags/example_external_task_marker_dag.py
[2024-06-09T18:53:31.811+0000] {logging_mixin.py:188} INFO - [2024-06-09T18:53:31.811+0000] {dag.py:3096} INFO - Sync 2 DAGs
[2024-06-09T18:53:31.824+0000] {logging_mixin.py:188} INFO - [2024-06-09T18:53:31.824+0000] {dag.py:3954} INFO - Setting next_dagrun for example_external_task_marker_child to None, run_after=None
[2024-06-09T18:53:31.828+0000] {logging_mixin.py:188} INFO - [2024-06-09T18:53:31.828+0000] {dag.py:3954} INFO - Setting next_dagrun for example_external_task_marker_parent to None, run_after=None
[2024-06-09T18:53:31.846+0000] {processor.py:183} INFO - Processing /home/airflow/.local/lib/python3.12/site-packages/airflow/example_dags/example_external_task_marker_dag.py took 0.091 seconds
[2024-06-09T18:54:02.114+0000] {processor.py:161} INFO - Started process (PID=199) to work on /home/airflow/.local/lib/python3.12/site-packages/airflow/example_dags/example_external_task_marker_dag.py
[2024-06-09T18:54:02.115+0000] {processor.py:830} INFO - Processing file /home/airflow/.local/lib/python3.12/site-packages/airflow/example_dags/example_external_task_marker_dag.py for tasks to queue
[2024-06-09T18:54:02.117+0000] {logging_mixin.py:188} INFO - [2024-06-09T18:54:02.116+0000] {dagbag.py:545} INFO - Filling up the DagBag from /home/airflow/.local/lib/python3.12/site-packages/airflow/example_dags/example_external_task_marker_dag.py
[2024-06-09T18:54:02.123+0000] {processor.py:840} INFO - DAG(s) 'example_external_task_marker_child', 'example_external_task_marker_parent' retrieved from /home/airflow/.local/lib/python3.12/site-packages/airflow/example_dags/example_external_task_marker_dag.py
[2024-06-09T18:54:02.146+0000] {logging_mixin.py:188} INFO - [2024-06-09T18:54:02.146+0000] {dag.py:3096} INFO - Sync 2 DAGs
[2024-06-09T18:54:02.160+0000] {logging_mixin.py:188} INFO - [2024-06-09T18:54:02.160+0000] {dag.py:3954} INFO - Setting next_dagrun for example_external_task_marker_child to None, run_after=None
[2024-06-09T18:54:02.163+0000] {logging_mixin.py:188} INFO - [2024-06-09T18:54:02.163+0000] {dag.py:3954} INFO - Setting next_dagrun for example_external_task_marker_parent to None, run_after=None
[2024-06-09T18:54:02.181+0000] {processor.py:183} INFO - Processing /home/airflow/.local/lib/python3.12/site-packages/airflow/example_dags/example_external_task_marker_dag.py took 0.073 seconds
[2024-06-09T18:54:32.711+0000] {processor.py:161} INFO - Started process (PID=257) to work on /home/airflow/.local/lib/python3.12/site-packages/airflow/example_dags/example_external_task_marker_dag.py
[2024-06-09T18:54:32.713+0000] {processor.py:830} INFO - Processing file /home/airflow/.local/lib/python3.12/site-packages/airflow/example_dags/example_external_task_marker_dag.py for tasks to queue
[2024-06-09T18:54:32.716+0000] {logging_mixin.py:188} INFO - [2024-06-09T18:54:32.716+0000] {dagbag.py:545} INFO - Filling up the DagBag from /home/airflow/.local/lib/python3.12/site-packages/airflow/example_dags/example_external_task_marker_dag.py
[2024-06-09T18:54:32.730+0000] {processor.py:840} INFO - DAG(s) 'example_external_task_marker_child', 'example_external_task_marker_parent' retrieved from /home/airflow/.local/lib/python3.12/site-packages/airflow/example_dags/example_external_task_marker_dag.py
[2024-06-09T18:54:32.759+0000] {logging_mixin.py:188} INFO - [2024-06-09T18:54:32.758+0000] {dag.py:3096} INFO - Sync 2 DAGs
[2024-06-09T18:54:32.775+0000] {logging_mixin.py:188} INFO - [2024-06-09T18:54:32.774+0000] {dag.py:3954} INFO - Setting next_dagrun for example_external_task_marker_child to None, run_after=None
[2024-06-09T18:54:32.779+0000] {logging_mixin.py:188} INFO - [2024-06-09T18:54:32.778+0000] {dag.py:3954} INFO - Setting next_dagrun for example_external_task_marker_parent to None, run_after=None
[2024-06-09T18:54:32.796+0000] {processor.py:183} INFO - Processing /home/airflow/.local/lib/python3.12/site-packages/airflow/example_dags/example_external_task_marker_dag.py took 0.098 seconds
[2024-06-09T18:55:03.275+0000] {processor.py:161} INFO - Started process (PID=315) to work on /home/airflow/.local/lib/python3.12/site-packages/airflow/example_dags/example_external_task_marker_dag.py
[2024-06-09T18:55:03.276+0000] {processor.py:830} INFO - Processing file /home/airflow/.local/lib/python3.12/site-packages/airflow/example_dags/example_external_task_marker_dag.py for tasks to queue
[2024-06-09T18:55:03.278+0000] {logging_mixin.py:188} INFO - [2024-06-09T18:55:03.277+0000] {dagbag.py:545} INFO - Filling up the DagBag from /home/airflow/.local/lib/python3.12/site-packages/airflow/example_dags/example_external_task_marker_dag.py
[2024-06-09T18:55:03.283+0000] {processor.py:840} INFO - DAG(s) 'example_external_task_marker_parent', 'example_external_task_marker_child' retrieved from /home/airflow/.local/lib/python3.12/site-packages/airflow/example_dags/example_external_task_marker_dag.py
[2024-06-09T18:55:03.309+0000] {logging_mixin.py:188} INFO - [2024-06-09T18:55:03.308+0000] {dag.py:3096} INFO - Sync 2 DAGs
[2024-06-09T18:55:03.323+0000] {logging_mixin.py:188} INFO - [2024-06-09T18:55:03.323+0000] {dag.py:3954} INFO - Setting next_dagrun for example_external_task_marker_child to None, run_after=None
[2024-06-09T18:55:03.327+0000] {logging_mixin.py:188} INFO - [2024-06-09T18:55:03.327+0000] {dag.py:3954} INFO - Setting next_dagrun for example_external_task_marker_parent to None, run_after=None
[2024-06-09T18:55:03.343+0000] {processor.py:183} INFO - Processing /home/airflow/.local/lib/python3.12/site-packages/airflow/example_dags/example_external_task_marker_dag.py took 0.075 seconds
