[2024-06-09T18:52:59.467+0000] {processor.py:161} INFO - Started process (PID=73) to work on /home/airflow/.local/lib/python3.12/site-packages/airflow/example_dags/example_sensor_decorator.py
[2024-06-09T18:52:59.468+0000] {processor.py:830} INFO - Processing file /home/airflow/.local/lib/python3.12/site-packages/airflow/example_dags/example_sensor_decorator.py for tasks to queue
[2024-06-09T18:52:59.469+0000] {logging_mixin.py:188} INFO - [2024-06-09T18:52:59.469+0000] {dagbag.py:545} INFO - Filling up the DagBag from /home/airflow/.local/lib/python3.12/site-packages/airflow/example_dags/example_sensor_decorator.py
[2024-06-09T18:52:59.476+0000] {processor.py:840} INFO - DAG(s) 'example_sensor_decorator' retrieved from /home/airflow/.local/lib/python3.12/site-packages/airflow/example_dags/example_sensor_decorator.py
[2024-06-09T18:52:59.587+0000] {logging_mixin.py:188} INFO - [2024-06-09T18:52:59.587+0000] {override.py:1829} INFO - Created Permission View: can read on DAG:example_sensor_decorator
[2024-06-09T18:52:59.598+0000] {logging_mixin.py:188} INFO - [2024-06-09T18:52:59.597+0000] {override.py:1829} INFO - Created Permission View: can edit on DAG:example_sensor_decorator
[2024-06-09T18:52:59.606+0000] {logging_mixin.py:188} INFO - [2024-06-09T18:52:59.605+0000] {override.py:1829} INFO - Created Permission View: can delete on DAG:example_sensor_decorator
[2024-06-09T18:52:59.606+0000] {logging_mixin.py:188} INFO - [2024-06-09T18:52:59.606+0000] {dag.py:3096} INFO - Sync 1 DAGs
[2024-06-09T18:52:59.620+0000] {logging_mixin.py:188} INFO - [2024-06-09T18:52:59.619+0000] {dag.py:3118} INFO - Creating ORM DAG for example_sensor_decorator
[2024-06-09T18:52:59.620+0000] {logging_mixin.py:188} INFO - [2024-06-09T18:52:59.620+0000] {dag.py:3954} INFO - Setting next_dagrun for example_sensor_decorator to None, run_after=None
[2024-06-09T18:52:59.638+0000] {processor.py:183} INFO - Processing /home/airflow/.local/lib/python3.12/site-packages/airflow/example_dags/example_sensor_decorator.py took 0.177 seconds
[2024-06-09T18:53:29.958+0000] {processor.py:161} INFO - Started process (PID=131) to work on /home/airflow/.local/lib/python3.12/site-packages/airflow/example_dags/example_sensor_decorator.py
[2024-06-09T18:53:29.959+0000] {processor.py:830} INFO - Processing file /home/airflow/.local/lib/python3.12/site-packages/airflow/example_dags/example_sensor_decorator.py for tasks to queue
[2024-06-09T18:53:29.961+0000] {logging_mixin.py:188} INFO - [2024-06-09T18:53:29.960+0000] {dagbag.py:545} INFO - Filling up the DagBag from /home/airflow/.local/lib/python3.12/site-packages/airflow/example_dags/example_sensor_decorator.py
[2024-06-09T18:53:29.966+0000] {processor.py:840} INFO - DAG(s) 'example_sensor_decorator' retrieved from /home/airflow/.local/lib/python3.12/site-packages/airflow/example_dags/example_sensor_decorator.py
[2024-06-09T18:53:29.988+0000] {logging_mixin.py:188} INFO - [2024-06-09T18:53:29.987+0000] {dag.py:3096} INFO - Sync 1 DAGs
[2024-06-09T18:53:30.001+0000] {logging_mixin.py:188} INFO - [2024-06-09T18:53:30.001+0000] {dag.py:3954} INFO - Setting next_dagrun for example_sensor_decorator to None, run_after=None
[2024-06-09T18:53:30.022+0000] {processor.py:183} INFO - Processing /home/airflow/.local/lib/python3.12/site-packages/airflow/example_dags/example_sensor_decorator.py took 0.070 seconds
[2024-06-09T18:54:00.451+0000] {processor.py:161} INFO - Started process (PID=189) to work on /home/airflow/.local/lib/python3.12/site-packages/airflow/example_dags/example_sensor_decorator.py
[2024-06-09T18:54:00.452+0000] {processor.py:830} INFO - Processing file /home/airflow/.local/lib/python3.12/site-packages/airflow/example_dags/example_sensor_decorator.py for tasks to queue
[2024-06-09T18:54:00.455+0000] {logging_mixin.py:188} INFO - [2024-06-09T18:54:00.454+0000] {dagbag.py:545} INFO - Filling up the DagBag from /home/airflow/.local/lib/python3.12/site-packages/airflow/example_dags/example_sensor_decorator.py
[2024-06-09T18:54:00.463+0000] {processor.py:840} INFO - DAG(s) 'example_sensor_decorator' retrieved from /home/airflow/.local/lib/python3.12/site-packages/airflow/example_dags/example_sensor_decorator.py
[2024-06-09T18:54:00.486+0000] {logging_mixin.py:188} INFO - [2024-06-09T18:54:00.486+0000] {dag.py:3096} INFO - Sync 1 DAGs
[2024-06-09T18:54:00.501+0000] {logging_mixin.py:188} INFO - [2024-06-09T18:54:00.500+0000] {dag.py:3954} INFO - Setting next_dagrun for example_sensor_decorator to None, run_after=None
[2024-06-09T18:54:00.519+0000] {processor.py:183} INFO - Processing /home/airflow/.local/lib/python3.12/site-packages/airflow/example_dags/example_sensor_decorator.py took 0.076 seconds
[2024-06-09T18:54:31.080+0000] {processor.py:161} INFO - Started process (PID=247) to work on /home/airflow/.local/lib/python3.12/site-packages/airflow/example_dags/example_sensor_decorator.py
[2024-06-09T18:54:31.080+0000] {processor.py:830} INFO - Processing file /home/airflow/.local/lib/python3.12/site-packages/airflow/example_dags/example_sensor_decorator.py for tasks to queue
[2024-06-09T18:54:31.082+0000] {logging_mixin.py:188} INFO - [2024-06-09T18:54:31.082+0000] {dagbag.py:545} INFO - Filling up the DagBag from /home/airflow/.local/lib/python3.12/site-packages/airflow/example_dags/example_sensor_decorator.py
[2024-06-09T18:54:31.087+0000] {processor.py:840} INFO - DAG(s) 'example_sensor_decorator' retrieved from /home/airflow/.local/lib/python3.12/site-packages/airflow/example_dags/example_sensor_decorator.py
[2024-06-09T18:54:31.106+0000] {logging_mixin.py:188} INFO - [2024-06-09T18:54:31.106+0000] {dag.py:3096} INFO - Sync 1 DAGs
[2024-06-09T18:54:31.118+0000] {logging_mixin.py:188} INFO - [2024-06-09T18:54:31.118+0000] {dag.py:3954} INFO - Setting next_dagrun for example_sensor_decorator to None, run_after=None
[2024-06-09T18:54:31.135+0000] {processor.py:183} INFO - Processing /home/airflow/.local/lib/python3.12/site-packages/airflow/example_dags/example_sensor_decorator.py took 0.060 seconds
[2024-06-09T18:55:01.570+0000] {processor.py:161} INFO - Started process (PID=305) to work on /home/airflow/.local/lib/python3.12/site-packages/airflow/example_dags/example_sensor_decorator.py
[2024-06-09T18:55:01.571+0000] {processor.py:830} INFO - Processing file /home/airflow/.local/lib/python3.12/site-packages/airflow/example_dags/example_sensor_decorator.py for tasks to queue
[2024-06-09T18:55:01.573+0000] {logging_mixin.py:188} INFO - [2024-06-09T18:55:01.572+0000] {dagbag.py:545} INFO - Filling up the DagBag from /home/airflow/.local/lib/python3.12/site-packages/airflow/example_dags/example_sensor_decorator.py
[2024-06-09T18:55:01.578+0000] {processor.py:840} INFO - DAG(s) 'example_sensor_decorator' retrieved from /home/airflow/.local/lib/python3.12/site-packages/airflow/example_dags/example_sensor_decorator.py
[2024-06-09T18:55:01.598+0000] {logging_mixin.py:188} INFO - [2024-06-09T18:55:01.598+0000] {dag.py:3096} INFO - Sync 1 DAGs
[2024-06-09T18:55:01.612+0000] {logging_mixin.py:188} INFO - [2024-06-09T18:55:01.612+0000] {dag.py:3954} INFO - Setting next_dagrun for example_sensor_decorator to None, run_after=None
[2024-06-09T18:55:01.631+0000] {processor.py:183} INFO - Processing /home/airflow/.local/lib/python3.12/site-packages/airflow/example_dags/example_sensor_decorator.py took 0.068 seconds
