[2024-06-09T18:53:00.098+0000] {processor.py:161} INFO - Started process (PID=78) to work on /home/airflow/.local/lib/python3.12/site-packages/airflow/example_dags/example_branch_python_dop_operator_3.py
[2024-06-09T18:53:00.100+0000] {processor.py:830} INFO - Processing file /home/airflow/.local/lib/python3.12/site-packages/airflow/example_dags/example_branch_python_dop_operator_3.py for tasks to queue
[2024-06-09T18:53:00.104+0000] {logging_mixin.py:188} INFO - [2024-06-09T18:53:00.103+0000] {dagbag.py:545} INFO - Filling up the DagBag from /home/airflow/.local/lib/python3.12/site-packages/airflow/example_dags/example_branch_python_dop_operator_3.py
[2024-06-09T18:53:00.123+0000] {processor.py:840} INFO - DAG(s) 'example_branch_dop_operator_v3' retrieved from /home/airflow/.local/lib/python3.12/site-packages/airflow/example_dags/example_branch_python_dop_operator_3.py
[2024-06-09T18:53:00.240+0000] {logging_mixin.py:188} INFO - [2024-06-09T18:53:00.240+0000] {override.py:1829} INFO - Created Permission View: can read on DAG:example_branch_dop_operator_v3
[2024-06-09T18:53:00.251+0000] {logging_mixin.py:188} INFO - [2024-06-09T18:53:00.250+0000] {override.py:1829} INFO - Created Permission View: can edit on DAG:example_branch_dop_operator_v3
[2024-06-09T18:53:00.258+0000] {logging_mixin.py:188} INFO - [2024-06-09T18:53:00.257+0000] {override.py:1829} INFO - Created Permission View: can delete on DAG:example_branch_dop_operator_v3
[2024-06-09T18:53:00.258+0000] {logging_mixin.py:188} INFO - [2024-06-09T18:53:00.258+0000] {dag.py:3096} INFO - Sync 1 DAGs
[2024-06-09T18:53:00.272+0000] {logging_mixin.py:188} INFO - [2024-06-09T18:53:00.272+0000] {dag.py:3118} INFO - Creating ORM DAG for example_branch_dop_operator_v3
[2024-06-09T18:53:00.287+0000] {logging_mixin.py:188} INFO - [2024-06-09T18:53:00.287+0000] {dag.py:3954} INFO - Setting next_dagrun for example_branch_dop_operator_v3 to 2024-06-09 18:52:00+00:00, run_after=2024-06-09 18:53:00+00:00
[2024-06-09T18:53:00.303+0000] {processor.py:183} INFO - Processing /home/airflow/.local/lib/python3.12/site-packages/airflow/example_dags/example_branch_python_dop_operator_3.py took 0.216 seconds
[2024-06-09T18:53:30.358+0000] {processor.py:161} INFO - Started process (PID=136) to work on /home/airflow/.local/lib/python3.12/site-packages/airflow/example_dags/example_branch_python_dop_operator_3.py
[2024-06-09T18:53:30.360+0000] {processor.py:830} INFO - Processing file /home/airflow/.local/lib/python3.12/site-packages/airflow/example_dags/example_branch_python_dop_operator_3.py for tasks to queue
[2024-06-09T18:53:30.364+0000] {logging_mixin.py:188} INFO - [2024-06-09T18:53:30.363+0000] {dagbag.py:545} INFO - Filling up the DagBag from /home/airflow/.local/lib/python3.12/site-packages/airflow/example_dags/example_branch_python_dop_operator_3.py
[2024-06-09T18:53:30.384+0000] {processor.py:840} INFO - DAG(s) 'example_branch_dop_operator_v3' retrieved from /home/airflow/.local/lib/python3.12/site-packages/airflow/example_dags/example_branch_python_dop_operator_3.py
[2024-06-09T18:53:30.405+0000] {logging_mixin.py:188} INFO - [2024-06-09T18:53:30.405+0000] {dag.py:3096} INFO - Sync 1 DAGs
[2024-06-09T18:53:30.432+0000] {logging_mixin.py:188} INFO - [2024-06-09T18:53:30.432+0000] {dag.py:3954} INFO - Setting next_dagrun for example_branch_dop_operator_v3 to 2024-06-09 18:52:00+00:00, run_after=2024-06-09 18:53:00+00:00
[2024-06-09T18:53:30.449+0000] {processor.py:183} INFO - Processing /home/airflow/.local/lib/python3.12/site-packages/airflow/example_dags/example_branch_python_dop_operator_3.py took 0.103 seconds
[2024-06-09T18:54:00.853+0000] {processor.py:161} INFO - Started process (PID=194) to work on /home/airflow/.local/lib/python3.12/site-packages/airflow/example_dags/example_branch_python_dop_operator_3.py
[2024-06-09T18:54:00.854+0000] {processor.py:830} INFO - Processing file /home/airflow/.local/lib/python3.12/site-packages/airflow/example_dags/example_branch_python_dop_operator_3.py for tasks to queue
[2024-06-09T18:54:00.855+0000] {logging_mixin.py:188} INFO - [2024-06-09T18:54:00.855+0000] {dagbag.py:545} INFO - Filling up the DagBag from /home/airflow/.local/lib/python3.12/site-packages/airflow/example_dags/example_branch_python_dop_operator_3.py
[2024-06-09T18:54:00.864+0000] {processor.py:840} INFO - DAG(s) 'example_branch_dop_operator_v3' retrieved from /home/airflow/.local/lib/python3.12/site-packages/airflow/example_dags/example_branch_python_dop_operator_3.py
[2024-06-09T18:54:00.888+0000] {logging_mixin.py:188} INFO - [2024-06-09T18:54:00.888+0000] {dag.py:3096} INFO - Sync 1 DAGs
[2024-06-09T18:54:00.919+0000] {logging_mixin.py:188} INFO - [2024-06-09T18:54:00.918+0000] {dag.py:3954} INFO - Setting next_dagrun for example_branch_dop_operator_v3 to 2024-06-09 18:53:00+00:00, run_after=2024-06-09 18:54:00+00:00
[2024-06-09T18:54:00.940+0000] {processor.py:183} INFO - Processing /home/airflow/.local/lib/python3.12/site-packages/airflow/example_dags/example_branch_python_dop_operator_3.py took 0.092 seconds
[2024-06-09T18:54:31.405+0000] {processor.py:161} INFO - Started process (PID=252) to work on /home/airflow/.local/lib/python3.12/site-packages/airflow/example_dags/example_branch_python_dop_operator_3.py
[2024-06-09T18:54:31.406+0000] {processor.py:830} INFO - Processing file /home/airflow/.local/lib/python3.12/site-packages/airflow/example_dags/example_branch_python_dop_operator_3.py for tasks to queue
[2024-06-09T18:54:31.408+0000] {logging_mixin.py:188} INFO - [2024-06-09T18:54:31.407+0000] {dagbag.py:545} INFO - Filling up the DagBag from /home/airflow/.local/lib/python3.12/site-packages/airflow/example_dags/example_branch_python_dop_operator_3.py
[2024-06-09T18:54:31.416+0000] {processor.py:840} INFO - DAG(s) 'example_branch_dop_operator_v3' retrieved from /home/airflow/.local/lib/python3.12/site-packages/airflow/example_dags/example_branch_python_dop_operator_3.py
[2024-06-09T18:54:31.437+0000] {logging_mixin.py:188} INFO - [2024-06-09T18:54:31.437+0000] {dag.py:3096} INFO - Sync 1 DAGs
[2024-06-09T18:54:31.472+0000] {logging_mixin.py:188} INFO - [2024-06-09T18:54:31.471+0000] {dag.py:3954} INFO - Setting next_dagrun for example_branch_dop_operator_v3 to 2024-06-09 18:53:00+00:00, run_after=2024-06-09 18:54:00+00:00
[2024-06-09T18:54:31.496+0000] {processor.py:183} INFO - Processing /home/airflow/.local/lib/python3.12/site-packages/airflow/example_dags/example_branch_python_dop_operator_3.py took 0.097 seconds
[2024-06-09T18:55:02.005+0000] {processor.py:161} INFO - Started process (PID=310) to work on /home/airflow/.local/lib/python3.12/site-packages/airflow/example_dags/example_branch_python_dop_operator_3.py
[2024-06-09T18:55:02.007+0000] {processor.py:830} INFO - Processing file /home/airflow/.local/lib/python3.12/site-packages/airflow/example_dags/example_branch_python_dop_operator_3.py for tasks to queue
[2024-06-09T18:55:02.010+0000] {logging_mixin.py:188} INFO - [2024-06-09T18:55:02.009+0000] {dagbag.py:545} INFO - Filling up the DagBag from /home/airflow/.local/lib/python3.12/site-packages/airflow/example_dags/example_branch_python_dop_operator_3.py
[2024-06-09T18:55:02.026+0000] {processor.py:840} INFO - DAG(s) 'example_branch_dop_operator_v3' retrieved from /home/airflow/.local/lib/python3.12/site-packages/airflow/example_dags/example_branch_python_dop_operator_3.py
[2024-06-09T18:55:02.045+0000] {logging_mixin.py:188} INFO - [2024-06-09T18:55:02.045+0000] {dag.py:3096} INFO - Sync 1 DAGs
[2024-06-09T18:55:02.072+0000] {logging_mixin.py:188} INFO - [2024-06-09T18:55:02.072+0000] {dag.py:3954} INFO - Setting next_dagrun for example_branch_dop_operator_v3 to 2024-06-09 18:54:00+00:00, run_after=2024-06-09 18:55:00+00:00
[2024-06-09T18:55:02.091+0000] {processor.py:183} INFO - Processing /home/airflow/.local/lib/python3.12/site-packages/airflow/example_dags/example_branch_python_dop_operator_3.py took 0.097 seconds
