[2024-06-09T18:52:55.445+0000] {processor.py:161} INFO - Started process (PID=45) to work on /home/airflow/.local/lib/python3.12/site-packages/airflow/example_dags/example_branch_operator.py
[2024-06-09T18:52:55.446+0000] {processor.py:830} INFO - Processing file /home/airflow/.local/lib/python3.12/site-packages/airflow/example_dags/example_branch_operator.py for tasks to queue
[2024-06-09T18:52:55.448+0000] {logging_mixin.py:188} INFO - [2024-06-09T18:52:55.448+0000] {dagbag.py:545} INFO - Filling up the DagBag from /home/airflow/.local/lib/python3.12/site-packages/airflow/example_dags/example_branch_operator.py
[2024-06-09T18:52:55.473+0000] {processor.py:840} INFO - DAG(s) 'example_branch_operator' retrieved from /home/airflow/.local/lib/python3.12/site-packages/airflow/example_dags/example_branch_operator.py
[2024-06-09T18:52:55.629+0000] {logging_mixin.py:188} INFO - [2024-06-09T18:52:55.628+0000] {override.py:1829} INFO - Created Permission View: can read on DAG:example_branch_operator
[2024-06-09T18:52:55.642+0000] {logging_mixin.py:188} INFO - [2024-06-09T18:52:55.642+0000] {override.py:1829} INFO - Created Permission View: can edit on DAG:example_branch_operator
[2024-06-09T18:52:55.651+0000] {logging_mixin.py:188} INFO - [2024-06-09T18:52:55.650+0000] {override.py:1829} INFO - Created Permission View: can delete on DAG:example_branch_operator
[2024-06-09T18:52:55.651+0000] {logging_mixin.py:188} INFO - [2024-06-09T18:52:55.651+0000] {dag.py:3096} INFO - Sync 1 DAGs
[2024-06-09T18:52:55.665+0000] {logging_mixin.py:188} INFO - [2024-06-09T18:52:55.664+0000] {dag.py:3118} INFO - Creating ORM DAG for example_branch_operator
[2024-06-09T18:52:55.679+0000] {logging_mixin.py:188} INFO - [2024-06-09T18:52:55.678+0000] {dag.py:3954} INFO - Setting next_dagrun for example_branch_operator to 2024-06-08 00:00:00+00:00, run_after=2024-06-09 00:00:00+00:00
[2024-06-09T18:52:55.704+0000] {processor.py:183} INFO - Processing /home/airflow/.local/lib/python3.12/site-packages/airflow/example_dags/example_branch_operator.py took 0.265 seconds
[2024-06-09T18:53:25.981+0000] {processor.py:161} INFO - Started process (PID=103) to work on /home/airflow/.local/lib/python3.12/site-packages/airflow/example_dags/example_branch_operator.py
[2024-06-09T18:53:25.983+0000] {processor.py:830} INFO - Processing file /home/airflow/.local/lib/python3.12/site-packages/airflow/example_dags/example_branch_operator.py for tasks to queue
[2024-06-09T18:53:25.986+0000] {logging_mixin.py:188} INFO - [2024-06-09T18:53:25.986+0000] {dagbag.py:545} INFO - Filling up the DagBag from /home/airflow/.local/lib/python3.12/site-packages/airflow/example_dags/example_branch_operator.py
[2024-06-09T18:53:26.020+0000] {processor.py:840} INFO - DAG(s) 'example_branch_operator' retrieved from /home/airflow/.local/lib/python3.12/site-packages/airflow/example_dags/example_branch_operator.py
[2024-06-09T18:53:26.056+0000] {logging_mixin.py:188} INFO - [2024-06-09T18:53:26.056+0000] {dag.py:3096} INFO - Sync 1 DAGs
[2024-06-09T18:53:26.083+0000] {logging_mixin.py:188} INFO - [2024-06-09T18:53:26.083+0000] {dag.py:3954} INFO - Setting next_dagrun for example_branch_operator to 2024-06-08 00:00:00+00:00, run_after=2024-06-09 00:00:00+00:00
[2024-06-09T18:53:26.118+0000] {processor.py:183} INFO - Processing /home/airflow/.local/lib/python3.12/site-packages/airflow/example_dags/example_branch_operator.py took 0.153 seconds
[2024-06-09T18:53:56.567+0000] {processor.py:161} INFO - Started process (PID=161) to work on /home/airflow/.local/lib/python3.12/site-packages/airflow/example_dags/example_branch_operator.py
[2024-06-09T18:53:56.568+0000] {processor.py:830} INFO - Processing file /home/airflow/.local/lib/python3.12/site-packages/airflow/example_dags/example_branch_operator.py for tasks to queue
[2024-06-09T18:53:56.569+0000] {logging_mixin.py:188} INFO - [2024-06-09T18:53:56.569+0000] {dagbag.py:545} INFO - Filling up the DagBag from /home/airflow/.local/lib/python3.12/site-packages/airflow/example_dags/example_branch_operator.py
[2024-06-09T18:53:56.588+0000] {processor.py:840} INFO - DAG(s) 'example_branch_operator' retrieved from /home/airflow/.local/lib/python3.12/site-packages/airflow/example_dags/example_branch_operator.py
[2024-06-09T18:53:56.622+0000] {logging_mixin.py:188} INFO - [2024-06-09T18:53:56.621+0000] {dag.py:3096} INFO - Sync 1 DAGs
[2024-06-09T18:53:56.646+0000] {logging_mixin.py:188} INFO - [2024-06-09T18:53:56.646+0000] {dag.py:3954} INFO - Setting next_dagrun for example_branch_operator to 2024-06-08 00:00:00+00:00, run_after=2024-06-09 00:00:00+00:00
[2024-06-09T18:53:56.665+0000] {processor.py:183} INFO - Processing /home/airflow/.local/lib/python3.12/site-packages/airflow/example_dags/example_branch_operator.py took 0.105 seconds
[2024-06-09T18:54:26.991+0000] {processor.py:161} INFO - Started process (PID=219) to work on /home/airflow/.local/lib/python3.12/site-packages/airflow/example_dags/example_branch_operator.py
[2024-06-09T18:54:26.992+0000] {processor.py:830} INFO - Processing file /home/airflow/.local/lib/python3.12/site-packages/airflow/example_dags/example_branch_operator.py for tasks to queue
[2024-06-09T18:54:26.995+0000] {logging_mixin.py:188} INFO - [2024-06-09T18:54:26.994+0000] {dagbag.py:545} INFO - Filling up the DagBag from /home/airflow/.local/lib/python3.12/site-packages/airflow/example_dags/example_branch_operator.py
[2024-06-09T18:54:27.039+0000] {processor.py:840} INFO - DAG(s) 'example_branch_operator' retrieved from /home/airflow/.local/lib/python3.12/site-packages/airflow/example_dags/example_branch_operator.py
[2024-06-09T18:54:27.070+0000] {logging_mixin.py:188} INFO - [2024-06-09T18:54:27.069+0000] {dag.py:3096} INFO - Sync 1 DAGs
[2024-06-09T18:54:27.096+0000] {logging_mixin.py:188} INFO - [2024-06-09T18:54:27.096+0000] {dag.py:3954} INFO - Setting next_dagrun for example_branch_operator to 2024-06-08 00:00:00+00:00, run_after=2024-06-09 00:00:00+00:00
[2024-06-09T18:54:27.115+0000] {processor.py:183} INFO - Processing /home/airflow/.local/lib/python3.12/site-packages/airflow/example_dags/example_branch_operator.py took 0.129 seconds
[2024-06-09T18:54:57.521+0000] {processor.py:161} INFO - Started process (PID=277) to work on /home/airflow/.local/lib/python3.12/site-packages/airflow/example_dags/example_branch_operator.py
[2024-06-09T18:54:57.522+0000] {processor.py:830} INFO - Processing file /home/airflow/.local/lib/python3.12/site-packages/airflow/example_dags/example_branch_operator.py for tasks to queue
[2024-06-09T18:54:57.523+0000] {logging_mixin.py:188} INFO - [2024-06-09T18:54:57.523+0000] {dagbag.py:545} INFO - Filling up the DagBag from /home/airflow/.local/lib/python3.12/site-packages/airflow/example_dags/example_branch_operator.py
[2024-06-09T18:54:57.542+0000] {processor.py:840} INFO - DAG(s) 'example_branch_operator' retrieved from /home/airflow/.local/lib/python3.12/site-packages/airflow/example_dags/example_branch_operator.py
[2024-06-09T18:54:57.578+0000] {logging_mixin.py:188} INFO - [2024-06-09T18:54:57.578+0000] {dag.py:3096} INFO - Sync 1 DAGs
[2024-06-09T18:54:57.606+0000] {logging_mixin.py:188} INFO - [2024-06-09T18:54:57.606+0000] {dag.py:3954} INFO - Setting next_dagrun for example_branch_operator to 2024-06-08 00:00:00+00:00, run_after=2024-06-09 00:00:00+00:00
[2024-06-09T18:54:57.627+0000] {processor.py:183} INFO - Processing /home/airflow/.local/lib/python3.12/site-packages/airflow/example_dags/example_branch_operator.py took 0.113 seconds
