[2024-06-09T18:52:55.738+0000] {processor.py:161} INFO - Started process (PID=47) to work on /home/airflow/.local/lib/python3.12/site-packages/airflow/example_dags/example_task_group_decorator.py
[2024-06-09T18:52:55.739+0000] {processor.py:830} INFO - Processing file /home/airflow/.local/lib/python3.12/site-packages/airflow/example_dags/example_task_group_decorator.py for tasks to queue
[2024-06-09T18:52:55.740+0000] {logging_mixin.py:188} INFO - [2024-06-09T18:52:55.740+0000] {dagbag.py:545} INFO - Filling up the DagBag from /home/airflow/.local/lib/python3.12/site-packages/airflow/example_dags/example_task_group_decorator.py
[2024-06-09T18:52:55.757+0000] {processor.py:840} INFO - DAG(s) 'example_task_group_decorator' retrieved from /home/airflow/.local/lib/python3.12/site-packages/airflow/example_dags/example_task_group_decorator.py
[2024-06-09T18:52:55.900+0000] {logging_mixin.py:188} INFO - [2024-06-09T18:52:55.899+0000] {override.py:1829} INFO - Created Permission View: can read on DAG:example_task_group_decorator
[2024-06-09T18:52:55.913+0000] {logging_mixin.py:188} INFO - [2024-06-09T18:52:55.912+0000] {override.py:1829} INFO - Created Permission View: can edit on DAG:example_task_group_decorator
[2024-06-09T18:52:55.920+0000] {logging_mixin.py:188} INFO - [2024-06-09T18:52:55.920+0000] {override.py:1829} INFO - Created Permission View: can delete on DAG:example_task_group_decorator
[2024-06-09T18:52:55.921+0000] {logging_mixin.py:188} INFO - [2024-06-09T18:52:55.921+0000] {dag.py:3096} INFO - Sync 1 DAGs
[2024-06-09T18:52:55.936+0000] {logging_mixin.py:188} INFO - [2024-06-09T18:52:55.936+0000] {dag.py:3118} INFO - Creating ORM DAG for example_task_group_decorator
[2024-06-09T18:52:55.947+0000] {logging_mixin.py:188} INFO - [2024-06-09T18:52:55.947+0000] {dag.py:3954} INFO - Setting next_dagrun for example_task_group_decorator to 2024-06-08 00:00:00+00:00, run_after=2024-06-09 00:00:00+00:00
[2024-06-09T18:52:55.963+0000] {processor.py:183} INFO - Processing /home/airflow/.local/lib/python3.12/site-packages/airflow/example_dags/example_task_group_decorator.py took 0.232 seconds
[2024-06-09T18:53:26.057+0000] {processor.py:161} INFO - Started process (PID=104) to work on /home/airflow/.local/lib/python3.12/site-packages/airflow/example_dags/example_task_group_decorator.py
[2024-06-09T18:53:26.058+0000] {processor.py:830} INFO - Processing file /home/airflow/.local/lib/python3.12/site-packages/airflow/example_dags/example_task_group_decorator.py for tasks to queue
[2024-06-09T18:53:26.059+0000] {logging_mixin.py:188} INFO - [2024-06-09T18:53:26.059+0000] {dagbag.py:545} INFO - Filling up the DagBag from /home/airflow/.local/lib/python3.12/site-packages/airflow/example_dags/example_task_group_decorator.py
[2024-06-09T18:53:26.089+0000] {processor.py:840} INFO - DAG(s) 'example_task_group_decorator' retrieved from /home/airflow/.local/lib/python3.12/site-packages/airflow/example_dags/example_task_group_decorator.py
[2024-06-09T18:53:26.120+0000] {logging_mixin.py:188} INFO - [2024-06-09T18:53:26.120+0000] {dag.py:3096} INFO - Sync 1 DAGs
[2024-06-09T18:53:26.144+0000] {logging_mixin.py:188} INFO - [2024-06-09T18:53:26.144+0000] {dag.py:3954} INFO - Setting next_dagrun for example_task_group_decorator to 2024-06-08 00:00:00+00:00, run_after=2024-06-09 00:00:00+00:00
[2024-06-09T18:53:26.161+0000] {processor.py:183} INFO - Processing /home/airflow/.local/lib/python3.12/site-packages/airflow/example_dags/example_task_group_decorator.py took 0.110 seconds
[2024-06-09T18:53:56.622+0000] {processor.py:161} INFO - Started process (PID=162) to work on /home/airflow/.local/lib/python3.12/site-packages/airflow/example_dags/example_task_group_decorator.py
[2024-06-09T18:53:56.623+0000] {processor.py:830} INFO - Processing file /home/airflow/.local/lib/python3.12/site-packages/airflow/example_dags/example_task_group_decorator.py for tasks to queue
[2024-06-09T18:53:56.625+0000] {logging_mixin.py:188} INFO - [2024-06-09T18:53:56.624+0000] {dagbag.py:545} INFO - Filling up the DagBag from /home/airflow/.local/lib/python3.12/site-packages/airflow/example_dags/example_task_group_decorator.py
[2024-06-09T18:53:56.639+0000] {processor.py:840} INFO - DAG(s) 'example_task_group_decorator' retrieved from /home/airflow/.local/lib/python3.12/site-packages/airflow/example_dags/example_task_group_decorator.py
[2024-06-09T18:53:56.669+0000] {logging_mixin.py:188} INFO - [2024-06-09T18:53:56.669+0000] {dag.py:3096} INFO - Sync 1 DAGs
[2024-06-09T18:53:56.694+0000] {logging_mixin.py:188} INFO - [2024-06-09T18:53:56.694+0000] {dag.py:3954} INFO - Setting next_dagrun for example_task_group_decorator to 2024-06-08 00:00:00+00:00, run_after=2024-06-09 00:00:00+00:00
[2024-06-09T18:53:56.727+0000] {processor.py:183} INFO - Processing /home/airflow/.local/lib/python3.12/site-packages/airflow/example_dags/example_task_group_decorator.py took 0.110 seconds
[2024-06-09T18:54:27.029+0000] {processor.py:161} INFO - Started process (PID=220) to work on /home/airflow/.local/lib/python3.12/site-packages/airflow/example_dags/example_task_group_decorator.py
[2024-06-09T18:54:27.030+0000] {processor.py:830} INFO - Processing file /home/airflow/.local/lib/python3.12/site-packages/airflow/example_dags/example_task_group_decorator.py for tasks to queue
[2024-06-09T18:54:27.032+0000] {logging_mixin.py:188} INFO - [2024-06-09T18:54:27.031+0000] {dagbag.py:545} INFO - Filling up the DagBag from /home/airflow/.local/lib/python3.12/site-packages/airflow/example_dags/example_task_group_decorator.py
[2024-06-09T18:54:27.048+0000] {processor.py:840} INFO - DAG(s) 'example_task_group_decorator' retrieved from /home/airflow/.local/lib/python3.12/site-packages/airflow/example_dags/example_task_group_decorator.py
[2024-06-09T18:54:27.081+0000] {logging_mixin.py:188} INFO - [2024-06-09T18:54:27.081+0000] {dag.py:3096} INFO - Sync 1 DAGs
[2024-06-09T18:54:27.106+0000] {logging_mixin.py:188} INFO - [2024-06-09T18:54:27.106+0000] {dag.py:3954} INFO - Setting next_dagrun for example_task_group_decorator to 2024-06-08 00:00:00+00:00, run_after=2024-06-09 00:00:00+00:00
[2024-06-09T18:54:27.123+0000] {processor.py:183} INFO - Processing /home/airflow/.local/lib/python3.12/site-packages/airflow/example_dags/example_task_group_decorator.py took 0.099 seconds
[2024-06-09T18:54:57.590+0000] {processor.py:161} INFO - Started process (PID=278) to work on /home/airflow/.local/lib/python3.12/site-packages/airflow/example_dags/example_task_group_decorator.py
[2024-06-09T18:54:57.590+0000] {processor.py:830} INFO - Processing file /home/airflow/.local/lib/python3.12/site-packages/airflow/example_dags/example_task_group_decorator.py for tasks to queue
[2024-06-09T18:54:57.592+0000] {logging_mixin.py:188} INFO - [2024-06-09T18:54:57.591+0000] {dagbag.py:545} INFO - Filling up the DagBag from /home/airflow/.local/lib/python3.12/site-packages/airflow/example_dags/example_task_group_decorator.py
[2024-06-09T18:54:57.606+0000] {processor.py:840} INFO - DAG(s) 'example_task_group_decorator' retrieved from /home/airflow/.local/lib/python3.12/site-packages/airflow/example_dags/example_task_group_decorator.py
[2024-06-09T18:54:57.644+0000] {logging_mixin.py:188} INFO - [2024-06-09T18:54:57.644+0000] {dag.py:3096} INFO - Sync 1 DAGs
[2024-06-09T18:54:57.665+0000] {logging_mixin.py:188} INFO - [2024-06-09T18:54:57.665+0000] {dag.py:3954} INFO - Setting next_dagrun for example_task_group_decorator to 2024-06-08 00:00:00+00:00, run_after=2024-06-09 00:00:00+00:00
[2024-06-09T18:54:57.684+0000] {processor.py:183} INFO - Processing /home/airflow/.local/lib/python3.12/site-packages/airflow/example_dags/example_task_group_decorator.py took 0.099 seconds
