[2024-06-09T18:52:57.687+0000] {processor.py:161} INFO - Started process (PID=59) to work on /home/airflow/.local/lib/python3.12/site-packages/airflow/example_dags/example_setup_teardown.py
[2024-06-09T18:52:57.688+0000] {processor.py:830} INFO - Processing file /home/airflow/.local/lib/python3.12/site-packages/airflow/example_dags/example_setup_teardown.py for tasks to queue
[2024-06-09T18:52:57.690+0000] {logging_mixin.py:188} INFO - [2024-06-09T18:52:57.690+0000] {dagbag.py:545} INFO - Filling up the DagBag from /home/airflow/.local/lib/python3.12/site-packages/airflow/example_dags/example_setup_teardown.py
[2024-06-09T18:52:57.705+0000] {processor.py:840} INFO - DAG(s) 'example_setup_teardown' retrieved from /home/airflow/.local/lib/python3.12/site-packages/airflow/example_dags/example_setup_teardown.py
[2024-06-09T18:52:57.841+0000] {logging_mixin.py:188} INFO - [2024-06-09T18:52:57.841+0000] {override.py:1829} INFO - Created Permission View: can read on DAG:example_setup_teardown
[2024-06-09T18:52:57.874+0000] {logging_mixin.py:188} INFO - [2024-06-09T18:52:57.874+0000] {override.py:1829} INFO - Created Permission View: can edit on DAG:example_setup_teardown
[2024-06-09T18:52:57.880+0000] {logging_mixin.py:188} INFO - [2024-06-09T18:52:57.880+0000] {override.py:1829} INFO - Created Permission View: can delete on DAG:example_setup_teardown
[2024-06-09T18:52:57.881+0000] {logging_mixin.py:188} INFO - [2024-06-09T18:52:57.881+0000] {dag.py:3096} INFO - Sync 1 DAGs
[2024-06-09T18:52:57.895+0000] {logging_mixin.py:188} INFO - [2024-06-09T18:52:57.895+0000] {dag.py:3118} INFO - Creating ORM DAG for example_setup_teardown
[2024-06-09T18:52:57.907+0000] {logging_mixin.py:188} INFO - [2024-06-09T18:52:57.906+0000] {dag.py:3954} INFO - Setting next_dagrun for example_setup_teardown to 2024-06-08 00:00:00+00:00, run_after=2024-06-09 00:00:00+00:00
[2024-06-09T18:52:57.923+0000] {processor.py:183} INFO - Processing /home/airflow/.local/lib/python3.12/site-packages/airflow/example_dags/example_setup_teardown.py took 0.247 seconds
[2024-06-09T18:53:28.108+0000] {processor.py:161} INFO - Started process (PID=117) to work on /home/airflow/.local/lib/python3.12/site-packages/airflow/example_dags/example_setup_teardown.py
[2024-06-09T18:53:28.109+0000] {processor.py:830} INFO - Processing file /home/airflow/.local/lib/python3.12/site-packages/airflow/example_dags/example_setup_teardown.py for tasks to queue
[2024-06-09T18:53:28.111+0000] {logging_mixin.py:188} INFO - [2024-06-09T18:53:28.110+0000] {dagbag.py:545} INFO - Filling up the DagBag from /home/airflow/.local/lib/python3.12/site-packages/airflow/example_dags/example_setup_teardown.py
[2024-06-09T18:53:28.117+0000] {processor.py:840} INFO - DAG(s) 'example_setup_teardown' retrieved from /home/airflow/.local/lib/python3.12/site-packages/airflow/example_dags/example_setup_teardown.py
[2024-06-09T18:53:28.139+0000] {logging_mixin.py:188} INFO - [2024-06-09T18:53:28.139+0000] {dag.py:3096} INFO - Sync 1 DAGs
[2024-06-09T18:53:28.162+0000] {logging_mixin.py:188} INFO - [2024-06-09T18:53:28.162+0000] {dag.py:3954} INFO - Setting next_dagrun for example_setup_teardown to 2024-06-08 00:00:00+00:00, run_after=2024-06-09 00:00:00+00:00
[2024-06-09T18:53:28.180+0000] {processor.py:183} INFO - Processing /home/airflow/.local/lib/python3.12/site-packages/airflow/example_dags/example_setup_teardown.py took 0.078 seconds
[2024-06-09T18:53:58.549+0000] {processor.py:161} INFO - Started process (PID=175) to work on /home/airflow/.local/lib/python3.12/site-packages/airflow/example_dags/example_setup_teardown.py
[2024-06-09T18:53:58.550+0000] {processor.py:830} INFO - Processing file /home/airflow/.local/lib/python3.12/site-packages/airflow/example_dags/example_setup_teardown.py for tasks to queue
[2024-06-09T18:53:58.552+0000] {logging_mixin.py:188} INFO - [2024-06-09T18:53:58.551+0000] {dagbag.py:545} INFO - Filling up the DagBag from /home/airflow/.local/lib/python3.12/site-packages/airflow/example_dags/example_setup_teardown.py
[2024-06-09T18:53:58.558+0000] {processor.py:840} INFO - DAG(s) 'example_setup_teardown' retrieved from /home/airflow/.local/lib/python3.12/site-packages/airflow/example_dags/example_setup_teardown.py
[2024-06-09T18:53:58.578+0000] {logging_mixin.py:188} INFO - [2024-06-09T18:53:58.578+0000] {dag.py:3096} INFO - Sync 1 DAGs
[2024-06-09T18:53:58.602+0000] {logging_mixin.py:188} INFO - [2024-06-09T18:53:58.601+0000] {dag.py:3954} INFO - Setting next_dagrun for example_setup_teardown to 2024-06-08 00:00:00+00:00, run_after=2024-06-09 00:00:00+00:00
[2024-06-09T18:53:58.641+0000] {processor.py:183} INFO - Processing /home/airflow/.local/lib/python3.12/site-packages/airflow/example_dags/example_setup_teardown.py took 0.097 seconds
[2024-06-09T18:54:28.932+0000] {processor.py:161} INFO - Started process (PID=233) to work on /home/airflow/.local/lib/python3.12/site-packages/airflow/example_dags/example_setup_teardown.py
[2024-06-09T18:54:28.933+0000] {processor.py:830} INFO - Processing file /home/airflow/.local/lib/python3.12/site-packages/airflow/example_dags/example_setup_teardown.py for tasks to queue
[2024-06-09T18:54:28.935+0000] {logging_mixin.py:188} INFO - [2024-06-09T18:54:28.935+0000] {dagbag.py:545} INFO - Filling up the DagBag from /home/airflow/.local/lib/python3.12/site-packages/airflow/example_dags/example_setup_teardown.py
[2024-06-09T18:54:28.942+0000] {processor.py:840} INFO - DAG(s) 'example_setup_teardown' retrieved from /home/airflow/.local/lib/python3.12/site-packages/airflow/example_dags/example_setup_teardown.py
[2024-06-09T18:54:28.963+0000] {logging_mixin.py:188} INFO - [2024-06-09T18:54:28.962+0000] {dag.py:3096} INFO - Sync 1 DAGs
[2024-06-09T18:54:28.986+0000] {logging_mixin.py:188} INFO - [2024-06-09T18:54:28.986+0000] {dag.py:3954} INFO - Setting next_dagrun for example_setup_teardown to 2024-06-08 00:00:00+00:00, run_after=2024-06-09 00:00:00+00:00
[2024-06-09T18:54:29.005+0000] {processor.py:183} INFO - Processing /home/airflow/.local/lib/python3.12/site-packages/airflow/example_dags/example_setup_teardown.py took 0.080 seconds
[2024-06-09T18:54:59.442+0000] {processor.py:161} INFO - Started process (PID=291) to work on /home/airflow/.local/lib/python3.12/site-packages/airflow/example_dags/example_setup_teardown.py
[2024-06-09T18:54:59.443+0000] {processor.py:830} INFO - Processing file /home/airflow/.local/lib/python3.12/site-packages/airflow/example_dags/example_setup_teardown.py for tasks to queue
[2024-06-09T18:54:59.445+0000] {logging_mixin.py:188} INFO - [2024-06-09T18:54:59.444+0000] {dagbag.py:545} INFO - Filling up the DagBag from /home/airflow/.local/lib/python3.12/site-packages/airflow/example_dags/example_setup_teardown.py
[2024-06-09T18:54:59.452+0000] {processor.py:840} INFO - DAG(s) 'example_setup_teardown' retrieved from /home/airflow/.local/lib/python3.12/site-packages/airflow/example_dags/example_setup_teardown.py
[2024-06-09T18:54:59.480+0000] {logging_mixin.py:188} INFO - [2024-06-09T18:54:59.479+0000] {dag.py:3096} INFO - Sync 1 DAGs
[2024-06-09T18:54:59.510+0000] {logging_mixin.py:188} INFO - [2024-06-09T18:54:59.510+0000] {dag.py:3954} INFO - Setting next_dagrun for example_setup_teardown to 2024-06-08 00:00:00+00:00, run_after=2024-06-09 00:00:00+00:00
[2024-06-09T18:54:59.531+0000] {processor.py:183} INFO - Processing /home/airflow/.local/lib/python3.12/site-packages/airflow/example_dags/example_setup_teardown.py took 0.096 seconds
