[2024-06-09T18:52:58.453+0000] {processor.py:161} INFO - Started process (PID=66) to work on /home/airflow/.local/lib/python3.12/site-packages/airflow/example_dags/example_local_kubernetes_executor.py
[2024-06-09T18:52:58.454+0000] {processor.py:830} INFO - Processing file /home/airflow/.local/lib/python3.12/site-packages/airflow/example_dags/example_local_kubernetes_executor.py for tasks to queue
[2024-06-09T18:52:58.455+0000] {logging_mixin.py:188} INFO - [2024-06-09T18:52:58.455+0000] {dagbag.py:545} INFO - Filling up the DagBag from /home/airflow/.local/lib/python3.12/site-packages/airflow/example_dags/example_local_kubernetes_executor.py
[2024-06-09T18:52:58.463+0000] {processor.py:840} INFO - DAG(s) 'example_local_kubernetes_executor' retrieved from /home/airflow/.local/lib/python3.12/site-packages/airflow/example_dags/example_local_kubernetes_executor.py
[2024-06-09T18:52:58.630+0000] {logging_mixin.py:188} INFO - [2024-06-09T18:52:58.630+0000] {override.py:1829} INFO - Created Permission View: can read on DAG:example_local_kubernetes_executor
[2024-06-09T18:52:58.641+0000] {logging_mixin.py:188} INFO - [2024-06-09T18:52:58.641+0000] {override.py:1829} INFO - Created Permission View: can edit on DAG:example_local_kubernetes_executor
[2024-06-09T18:52:58.647+0000] {logging_mixin.py:188} INFO - [2024-06-09T18:52:58.647+0000] {override.py:1829} INFO - Created Permission View: can delete on DAG:example_local_kubernetes_executor
[2024-06-09T18:52:58.648+0000] {logging_mixin.py:188} INFO - [2024-06-09T18:52:58.648+0000] {dag.py:3096} INFO - Sync 1 DAGs
[2024-06-09T18:52:58.660+0000] {logging_mixin.py:188} INFO - [2024-06-09T18:52:58.660+0000] {dag.py:3118} INFO - Creating ORM DAG for example_local_kubernetes_executor
[2024-06-09T18:52:58.661+0000] {logging_mixin.py:188} INFO - [2024-06-09T18:52:58.661+0000] {dag.py:3954} INFO - Setting next_dagrun for example_local_kubernetes_executor to None, run_after=None
[2024-06-09T18:52:58.679+0000] {processor.py:183} INFO - Processing /home/airflow/.local/lib/python3.12/site-packages/airflow/example_dags/example_local_kubernetes_executor.py took 0.232 seconds
[2024-06-09T18:53:29.508+0000] {processor.py:161} INFO - Started process (PID=124) to work on /home/airflow/.local/lib/python3.12/site-packages/airflow/example_dags/example_local_kubernetes_executor.py
[2024-06-09T18:53:29.509+0000] {processor.py:830} INFO - Processing file /home/airflow/.local/lib/python3.12/site-packages/airflow/example_dags/example_local_kubernetes_executor.py for tasks to queue
[2024-06-09T18:53:29.510+0000] {logging_mixin.py:188} INFO - [2024-06-09T18:53:29.510+0000] {dagbag.py:545} INFO - Filling up the DagBag from /home/airflow/.local/lib/python3.12/site-packages/airflow/example_dags/example_local_kubernetes_executor.py
[2024-06-09T18:53:29.518+0000] {processor.py:840} INFO - DAG(s) 'example_local_kubernetes_executor' retrieved from /home/airflow/.local/lib/python3.12/site-packages/airflow/example_dags/example_local_kubernetes_executor.py
[2024-06-09T18:53:29.556+0000] {logging_mixin.py:188} INFO - [2024-06-09T18:53:29.556+0000] {dag.py:3096} INFO - Sync 1 DAGs
[2024-06-09T18:53:29.572+0000] {logging_mixin.py:188} INFO - [2024-06-09T18:53:29.571+0000] {dag.py:3954} INFO - Setting next_dagrun for example_local_kubernetes_executor to None, run_after=None
[2024-06-09T18:53:29.591+0000] {processor.py:183} INFO - Processing /home/airflow/.local/lib/python3.12/site-packages/airflow/example_dags/example_local_kubernetes_executor.py took 0.090 seconds
[2024-06-09T18:53:59.955+0000] {processor.py:161} INFO - Started process (PID=182) to work on /home/airflow/.local/lib/python3.12/site-packages/airflow/example_dags/example_local_kubernetes_executor.py
[2024-06-09T18:53:59.955+0000] {processor.py:830} INFO - Processing file /home/airflow/.local/lib/python3.12/site-packages/airflow/example_dags/example_local_kubernetes_executor.py for tasks to queue
[2024-06-09T18:53:59.957+0000] {logging_mixin.py:188} INFO - [2024-06-09T18:53:59.957+0000] {dagbag.py:545} INFO - Filling up the DagBag from /home/airflow/.local/lib/python3.12/site-packages/airflow/example_dags/example_local_kubernetes_executor.py
[2024-06-09T18:53:59.963+0000] {processor.py:840} INFO - DAG(s) 'example_local_kubernetes_executor' retrieved from /home/airflow/.local/lib/python3.12/site-packages/airflow/example_dags/example_local_kubernetes_executor.py
[2024-06-09T18:53:59.998+0000] {logging_mixin.py:188} INFO - [2024-06-09T18:53:59.997+0000] {dag.py:3096} INFO - Sync 1 DAGs
[2024-06-09T18:54:00.012+0000] {logging_mixin.py:188} INFO - [2024-06-09T18:54:00.011+0000] {dag.py:3954} INFO - Setting next_dagrun for example_local_kubernetes_executor to None, run_after=None
[2024-06-09T18:54:00.032+0000] {processor.py:183} INFO - Processing /home/airflow/.local/lib/python3.12/site-packages/airflow/example_dags/example_local_kubernetes_executor.py took 0.083 seconds
[2024-06-09T18:54:30.444+0000] {processor.py:161} INFO - Started process (PID=240) to work on /home/airflow/.local/lib/python3.12/site-packages/airflow/example_dags/example_local_kubernetes_executor.py
[2024-06-09T18:54:30.445+0000] {processor.py:830} INFO - Processing file /home/airflow/.local/lib/python3.12/site-packages/airflow/example_dags/example_local_kubernetes_executor.py for tasks to queue
[2024-06-09T18:54:30.447+0000] {logging_mixin.py:188} INFO - [2024-06-09T18:54:30.446+0000] {dagbag.py:545} INFO - Filling up the DagBag from /home/airflow/.local/lib/python3.12/site-packages/airflow/example_dags/example_local_kubernetes_executor.py
[2024-06-09T18:54:30.453+0000] {processor.py:840} INFO - DAG(s) 'example_local_kubernetes_executor' retrieved from /home/airflow/.local/lib/python3.12/site-packages/airflow/example_dags/example_local_kubernetes_executor.py
[2024-06-09T18:54:30.509+0000] {logging_mixin.py:188} INFO - [2024-06-09T18:54:30.509+0000] {dag.py:3096} INFO - Sync 1 DAGs
[2024-06-09T18:54:30.522+0000] {logging_mixin.py:188} INFO - [2024-06-09T18:54:30.522+0000] {dag.py:3954} INFO - Setting next_dagrun for example_local_kubernetes_executor to None, run_after=None
[2024-06-09T18:54:30.541+0000] {processor.py:183} INFO - Processing /home/airflow/.local/lib/python3.12/site-packages/airflow/example_dags/example_local_kubernetes_executor.py took 0.101 seconds
[2024-06-09T18:55:00.905+0000] {processor.py:161} INFO - Started process (PID=298) to work on /home/airflow/.local/lib/python3.12/site-packages/airflow/example_dags/example_local_kubernetes_executor.py
[2024-06-09T18:55:00.906+0000] {processor.py:830} INFO - Processing file /home/airflow/.local/lib/python3.12/site-packages/airflow/example_dags/example_local_kubernetes_executor.py for tasks to queue
[2024-06-09T18:55:00.908+0000] {logging_mixin.py:188} INFO - [2024-06-09T18:55:00.907+0000] {dagbag.py:545} INFO - Filling up the DagBag from /home/airflow/.local/lib/python3.12/site-packages/airflow/example_dags/example_local_kubernetes_executor.py
[2024-06-09T18:55:00.915+0000] {processor.py:840} INFO - DAG(s) 'example_local_kubernetes_executor' retrieved from /home/airflow/.local/lib/python3.12/site-packages/airflow/example_dags/example_local_kubernetes_executor.py
[2024-06-09T18:55:00.954+0000] {logging_mixin.py:188} INFO - [2024-06-09T18:55:00.954+0000] {dag.py:3096} INFO - Sync 1 DAGs
[2024-06-09T18:55:00.971+0000] {logging_mixin.py:188} INFO - [2024-06-09T18:55:00.970+0000] {dag.py:3954} INFO - Setting next_dagrun for example_local_kubernetes_executor to None, run_after=None
[2024-06-09T18:55:00.993+0000] {processor.py:183} INFO - Processing /home/airflow/.local/lib/python3.12/site-packages/airflow/example_dags/example_local_kubernetes_executor.py took 0.093 seconds
