[2024-06-09T18:52:59.668+0000] {processor.py:161} INFO - Started process (PID=74) to work on /home/airflow/.local/lib/python3.12/site-packages/airflow/example_dags/example_trigger_target_dag.py
[2024-06-09T18:52:59.669+0000] {processor.py:830} INFO - Processing file /home/airflow/.local/lib/python3.12/site-packages/airflow/example_dags/example_trigger_target_dag.py for tasks to queue
[2024-06-09T18:52:59.671+0000] {logging_mixin.py:188} INFO - [2024-06-09T18:52:59.670+0000] {dagbag.py:545} INFO - Filling up the DagBag from /home/airflow/.local/lib/python3.12/site-packages/airflow/example_dags/example_trigger_target_dag.py
[2024-06-09T18:52:59.677+0000] {processor.py:840} INFO - DAG(s) 'example_trigger_target_dag' retrieved from /home/airflow/.local/lib/python3.12/site-packages/airflow/example_dags/example_trigger_target_dag.py
[2024-06-09T18:52:59.796+0000] {logging_mixin.py:188} INFO - [2024-06-09T18:52:59.796+0000] {override.py:1829} INFO - Created Permission View: can read on DAG:example_trigger_target_dag
[2024-06-09T18:52:59.807+0000] {logging_mixin.py:188} INFO - [2024-06-09T18:52:59.807+0000] {override.py:1829} INFO - Created Permission View: can edit on DAG:example_trigger_target_dag
[2024-06-09T18:52:59.813+0000] {logging_mixin.py:188} INFO - [2024-06-09T18:52:59.813+0000] {override.py:1829} INFO - Created Permission View: can delete on DAG:example_trigger_target_dag
[2024-06-09T18:52:59.814+0000] {logging_mixin.py:188} INFO - [2024-06-09T18:52:59.814+0000] {dag.py:3096} INFO - Sync 1 DAGs
[2024-06-09T18:52:59.827+0000] {logging_mixin.py:188} INFO - [2024-06-09T18:52:59.827+0000] {dag.py:3118} INFO - Creating ORM DAG for example_trigger_target_dag
[2024-06-09T18:52:59.828+0000] {logging_mixin.py:188} INFO - [2024-06-09T18:52:59.828+0000] {dag.py:3954} INFO - Setting next_dagrun for example_trigger_target_dag to None, run_after=None
[2024-06-09T18:52:59.845+0000] {processor.py:183} INFO - Processing /home/airflow/.local/lib/python3.12/site-packages/airflow/example_dags/example_trigger_target_dag.py took 0.184 seconds
[2024-06-09T18:53:30.016+0000] {processor.py:161} INFO - Started process (PID=132) to work on /home/airflow/.local/lib/python3.12/site-packages/airflow/example_dags/example_trigger_target_dag.py
[2024-06-09T18:53:30.017+0000] {processor.py:830} INFO - Processing file /home/airflow/.local/lib/python3.12/site-packages/airflow/example_dags/example_trigger_target_dag.py for tasks to queue
[2024-06-09T18:53:30.019+0000] {logging_mixin.py:188} INFO - [2024-06-09T18:53:30.018+0000] {dagbag.py:545} INFO - Filling up the DagBag from /home/airflow/.local/lib/python3.12/site-packages/airflow/example_dags/example_trigger_target_dag.py
[2024-06-09T18:53:30.025+0000] {processor.py:840} INFO - DAG(s) 'example_trigger_target_dag' retrieved from /home/airflow/.local/lib/python3.12/site-packages/airflow/example_dags/example_trigger_target_dag.py
[2024-06-09T18:53:30.046+0000] {logging_mixin.py:188} INFO - [2024-06-09T18:53:30.046+0000] {dag.py:3096} INFO - Sync 1 DAGs
[2024-06-09T18:53:30.060+0000] {logging_mixin.py:188} INFO - [2024-06-09T18:53:30.060+0000] {dag.py:3954} INFO - Setting next_dagrun for example_trigger_target_dag to None, run_after=None
[2024-06-09T18:53:30.080+0000] {processor.py:183} INFO - Processing /home/airflow/.local/lib/python3.12/site-packages/airflow/example_dags/example_trigger_target_dag.py took 0.071 seconds
[2024-06-09T18:54:00.546+0000] {processor.py:161} INFO - Started process (PID=190) to work on /home/airflow/.local/lib/python3.12/site-packages/airflow/example_dags/example_trigger_target_dag.py
[2024-06-09T18:54:00.547+0000] {processor.py:830} INFO - Processing file /home/airflow/.local/lib/python3.12/site-packages/airflow/example_dags/example_trigger_target_dag.py for tasks to queue
[2024-06-09T18:54:00.548+0000] {logging_mixin.py:188} INFO - [2024-06-09T18:54:00.548+0000] {dagbag.py:545} INFO - Filling up the DagBag from /home/airflow/.local/lib/python3.12/site-packages/airflow/example_dags/example_trigger_target_dag.py
[2024-06-09T18:54:00.555+0000] {processor.py:840} INFO - DAG(s) 'example_trigger_target_dag' retrieved from /home/airflow/.local/lib/python3.12/site-packages/airflow/example_dags/example_trigger_target_dag.py
[2024-06-09T18:54:00.577+0000] {logging_mixin.py:188} INFO - [2024-06-09T18:54:00.577+0000] {dag.py:3096} INFO - Sync 1 DAGs
[2024-06-09T18:54:00.591+0000] {logging_mixin.py:188} INFO - [2024-06-09T18:54:00.591+0000] {dag.py:3954} INFO - Setting next_dagrun for example_trigger_target_dag to None, run_after=None
[2024-06-09T18:54:00.611+0000] {processor.py:183} INFO - Processing /home/airflow/.local/lib/python3.12/site-packages/airflow/example_dags/example_trigger_target_dag.py took 0.071 seconds
[2024-06-09T18:54:31.182+0000] {processor.py:161} INFO - Started process (PID=248) to work on /home/airflow/.local/lib/python3.12/site-packages/airflow/example_dags/example_trigger_target_dag.py
[2024-06-09T18:54:31.183+0000] {processor.py:830} INFO - Processing file /home/airflow/.local/lib/python3.12/site-packages/airflow/example_dags/example_trigger_target_dag.py for tasks to queue
[2024-06-09T18:54:31.186+0000] {logging_mixin.py:188} INFO - [2024-06-09T18:54:31.185+0000] {dagbag.py:545} INFO - Filling up the DagBag from /home/airflow/.local/lib/python3.12/site-packages/airflow/example_dags/example_trigger_target_dag.py
[2024-06-09T18:54:31.193+0000] {processor.py:840} INFO - DAG(s) 'example_trigger_target_dag' retrieved from /home/airflow/.local/lib/python3.12/site-packages/airflow/example_dags/example_trigger_target_dag.py
[2024-06-09T18:54:31.215+0000] {logging_mixin.py:188} INFO - [2024-06-09T18:54:31.214+0000] {dag.py:3096} INFO - Sync 1 DAGs
[2024-06-09T18:54:31.228+0000] {logging_mixin.py:188} INFO - [2024-06-09T18:54:31.228+0000] {dag.py:3954} INFO - Setting next_dagrun for example_trigger_target_dag to None, run_after=None
[2024-06-09T18:54:31.247+0000] {processor.py:183} INFO - Processing /home/airflow/.local/lib/python3.12/site-packages/airflow/example_dags/example_trigger_target_dag.py took 0.079 seconds
[2024-06-09T18:55:01.659+0000] {processor.py:161} INFO - Started process (PID=306) to work on /home/airflow/.local/lib/python3.12/site-packages/airflow/example_dags/example_trigger_target_dag.py
[2024-06-09T18:55:01.660+0000] {processor.py:830} INFO - Processing file /home/airflow/.local/lib/python3.12/site-packages/airflow/example_dags/example_trigger_target_dag.py for tasks to queue
[2024-06-09T18:55:01.662+0000] {logging_mixin.py:188} INFO - [2024-06-09T18:55:01.662+0000] {dagbag.py:545} INFO - Filling up the DagBag from /home/airflow/.local/lib/python3.12/site-packages/airflow/example_dags/example_trigger_target_dag.py
[2024-06-09T18:55:01.669+0000] {processor.py:840} INFO - DAG(s) 'example_trigger_target_dag' retrieved from /home/airflow/.local/lib/python3.12/site-packages/airflow/example_dags/example_trigger_target_dag.py
[2024-06-09T18:55:01.698+0000] {logging_mixin.py:188} INFO - [2024-06-09T18:55:01.698+0000] {dag.py:3096} INFO - Sync 1 DAGs
[2024-06-09T18:55:01.714+0000] {logging_mixin.py:188} INFO - [2024-06-09T18:55:01.714+0000] {dag.py:3954} INFO - Setting next_dagrun for example_trigger_target_dag to None, run_after=None
[2024-06-09T18:55:01.734+0000] {processor.py:183} INFO - Processing /home/airflow/.local/lib/python3.12/site-packages/airflow/example_dags/example_trigger_target_dag.py took 0.080 seconds
