[2024-06-09T18:52:58.711+0000] {processor.py:161} INFO - Started process (PID=67) to work on /home/airflow/.local/lib/python3.12/site-packages/airflow/example_dags/example_python_decorator.py
[2024-06-09T18:52:58.712+0000] {processor.py:830} INFO - Processing file /home/airflow/.local/lib/python3.12/site-packages/airflow/example_dags/example_python_decorator.py for tasks to queue
[2024-06-09T18:52:58.713+0000] {logging_mixin.py:188} INFO - [2024-06-09T18:52:58.713+0000] {dagbag.py:545} INFO - Filling up the DagBag from /home/airflow/.local/lib/python3.12/site-packages/airflow/example_dags/example_python_decorator.py
[2024-06-09T18:52:58.729+0000] {processor.py:840} INFO - DAG(s) 'example_python_decorator' retrieved from /home/airflow/.local/lib/python3.12/site-packages/airflow/example_dags/example_python_decorator.py
[2024-06-09T18:52:58.856+0000] {logging_mixin.py:188} INFO - [2024-06-09T18:52:58.855+0000] {override.py:1829} INFO - Created Permission View: can read on DAG:example_python_decorator
[2024-06-09T18:52:58.866+0000] {logging_mixin.py:188} INFO - [2024-06-09T18:52:58.866+0000] {override.py:1829} INFO - Created Permission View: can edit on DAG:example_python_decorator
[2024-06-09T18:52:58.873+0000] {logging_mixin.py:188} INFO - [2024-06-09T18:52:58.872+0000] {override.py:1829} INFO - Created Permission View: can delete on DAG:example_python_decorator
[2024-06-09T18:52:58.873+0000] {logging_mixin.py:188} INFO - [2024-06-09T18:52:58.873+0000] {dag.py:3096} INFO - Sync 1 DAGs
[2024-06-09T18:52:58.885+0000] {logging_mixin.py:188} INFO - [2024-06-09T18:52:58.885+0000] {dag.py:3118} INFO - Creating ORM DAG for example_python_decorator
[2024-06-09T18:52:58.886+0000] {logging_mixin.py:188} INFO - [2024-06-09T18:52:58.886+0000] {dag.py:3954} INFO - Setting next_dagrun for example_python_decorator to None, run_after=None
[2024-06-09T18:52:58.917+0000] {processor.py:183} INFO - Processing /home/airflow/.local/lib/python3.12/site-packages/airflow/example_dags/example_python_decorator.py took 0.213 seconds
[2024-06-09T18:53:29.627+0000] {processor.py:161} INFO - Started process (PID=125) to work on /home/airflow/.local/lib/python3.12/site-packages/airflow/example_dags/example_python_decorator.py
[2024-06-09T18:53:29.628+0000] {processor.py:830} INFO - Processing file /home/airflow/.local/lib/python3.12/site-packages/airflow/example_dags/example_python_decorator.py for tasks to queue
[2024-06-09T18:53:29.629+0000] {logging_mixin.py:188} INFO - [2024-06-09T18:53:29.629+0000] {dagbag.py:545} INFO - Filling up the DagBag from /home/airflow/.local/lib/python3.12/site-packages/airflow/example_dags/example_python_decorator.py
[2024-06-09T18:53:29.646+0000] {processor.py:840} INFO - DAG(s) 'example_python_decorator' retrieved from /home/airflow/.local/lib/python3.12/site-packages/airflow/example_dags/example_python_decorator.py
[2024-06-09T18:53:29.679+0000] {logging_mixin.py:188} INFO - [2024-06-09T18:53:29.678+0000] {dag.py:3096} INFO - Sync 1 DAGs
[2024-06-09T18:53:29.695+0000] {logging_mixin.py:188} INFO - [2024-06-09T18:53:29.694+0000] {dag.py:3954} INFO - Setting next_dagrun for example_python_decorator to None, run_after=None
[2024-06-09T18:53:29.714+0000] {processor.py:183} INFO - Processing /home/airflow/.local/lib/python3.12/site-packages/airflow/example_dags/example_python_decorator.py took 0.093 seconds
[2024-06-09T18:54:00.067+0000] {processor.py:161} INFO - Started process (PID=183) to work on /home/airflow/.local/lib/python3.12/site-packages/airflow/example_dags/example_python_decorator.py
[2024-06-09T18:54:00.068+0000] {processor.py:830} INFO - Processing file /home/airflow/.local/lib/python3.12/site-packages/airflow/example_dags/example_python_decorator.py for tasks to queue
[2024-06-09T18:54:00.070+0000] {logging_mixin.py:188} INFO - [2024-06-09T18:54:00.070+0000] {dagbag.py:545} INFO - Filling up the DagBag from /home/airflow/.local/lib/python3.12/site-packages/airflow/example_dags/example_python_decorator.py
[2024-06-09T18:54:00.087+0000] {processor.py:840} INFO - DAG(s) 'example_python_decorator' retrieved from /home/airflow/.local/lib/python3.12/site-packages/airflow/example_dags/example_python_decorator.py
[2024-06-09T18:54:00.119+0000] {logging_mixin.py:188} INFO - [2024-06-09T18:54:00.119+0000] {dag.py:3096} INFO - Sync 1 DAGs
[2024-06-09T18:54:00.133+0000] {logging_mixin.py:188} INFO - [2024-06-09T18:54:00.133+0000] {dag.py:3954} INFO - Setting next_dagrun for example_python_decorator to None, run_after=None
[2024-06-09T18:54:00.152+0000] {processor.py:183} INFO - Processing /home/airflow/.local/lib/python3.12/site-packages/airflow/example_dags/example_python_decorator.py took 0.093 seconds
[2024-06-09T18:54:30.585+0000] {processor.py:161} INFO - Started process (PID=241) to work on /home/airflow/.local/lib/python3.12/site-packages/airflow/example_dags/example_python_decorator.py
[2024-06-09T18:54:30.586+0000] {processor.py:830} INFO - Processing file /home/airflow/.local/lib/python3.12/site-packages/airflow/example_dags/example_python_decorator.py for tasks to queue
[2024-06-09T18:54:30.588+0000] {logging_mixin.py:188} INFO - [2024-06-09T18:54:30.587+0000] {dagbag.py:545} INFO - Filling up the DagBag from /home/airflow/.local/lib/python3.12/site-packages/airflow/example_dags/example_python_decorator.py
[2024-06-09T18:54:30.601+0000] {processor.py:840} INFO - DAG(s) 'example_python_decorator' retrieved from /home/airflow/.local/lib/python3.12/site-packages/airflow/example_dags/example_python_decorator.py
[2024-06-09T18:54:30.630+0000] {logging_mixin.py:188} INFO - [2024-06-09T18:54:30.630+0000] {dag.py:3096} INFO - Sync 1 DAGs
[2024-06-09T18:54:30.645+0000] {logging_mixin.py:188} INFO - [2024-06-09T18:54:30.645+0000] {dag.py:3954} INFO - Setting next_dagrun for example_python_decorator to None, run_after=None
[2024-06-09T18:54:30.667+0000] {processor.py:183} INFO - Processing /home/airflow/.local/lib/python3.12/site-packages/airflow/example_dags/example_python_decorator.py took 0.088 seconds
[2024-06-09T18:55:01.020+0000] {processor.py:161} INFO - Started process (PID=299) to work on /home/airflow/.local/lib/python3.12/site-packages/airflow/example_dags/example_python_decorator.py
[2024-06-09T18:55:01.021+0000] {processor.py:830} INFO - Processing file /home/airflow/.local/lib/python3.12/site-packages/airflow/example_dags/example_python_decorator.py for tasks to queue
[2024-06-09T18:55:01.022+0000] {logging_mixin.py:188} INFO - [2024-06-09T18:55:01.022+0000] {dagbag.py:545} INFO - Filling up the DagBag from /home/airflow/.local/lib/python3.12/site-packages/airflow/example_dags/example_python_decorator.py
[2024-06-09T18:55:01.036+0000] {processor.py:840} INFO - DAG(s) 'example_python_decorator' retrieved from /home/airflow/.local/lib/python3.12/site-packages/airflow/example_dags/example_python_decorator.py
[2024-06-09T18:55:01.059+0000] {logging_mixin.py:188} INFO - [2024-06-09T18:55:01.058+0000] {dag.py:3096} INFO - Sync 1 DAGs
[2024-06-09T18:55:01.074+0000] {logging_mixin.py:188} INFO - [2024-06-09T18:55:01.074+0000] {dag.py:3954} INFO - Setting next_dagrun for example_python_decorator to None, run_after=None
[2024-06-09T18:55:01.108+0000] {processor.py:183} INFO - Processing /home/airflow/.local/lib/python3.12/site-packages/airflow/example_dags/example_python_decorator.py took 0.094 seconds
