[2024-06-09T18:52:56.970+0000] {processor.py:161} INFO - Started process (PID=54) to work on /home/airflow/.local/lib/python3.12/site-packages/airflow/example_dags/example_time_delta_sensor_async.py
[2024-06-09T18:52:56.973+0000] {processor.py:830} INFO - Processing file /home/airflow/.local/lib/python3.12/site-packages/airflow/example_dags/example_time_delta_sensor_async.py for tasks to queue
[2024-06-09T18:52:56.975+0000] {logging_mixin.py:188} INFO - [2024-06-09T18:52:56.974+0000] {dagbag.py:545} INFO - Filling up the DagBag from /home/airflow/.local/lib/python3.12/site-packages/airflow/example_dags/example_time_delta_sensor_async.py
[2024-06-09T18:52:56.983+0000] {processor.py:840} INFO - DAG(s) 'example_time_delta_sensor_async' retrieved from /home/airflow/.local/lib/python3.12/site-packages/airflow/example_dags/example_time_delta_sensor_async.py
[2024-06-09T18:52:57.130+0000] {logging_mixin.py:188} INFO - [2024-06-09T18:52:57.129+0000] {override.py:1829} INFO - Created Permission View: can read on DAG:example_time_delta_sensor_async
[2024-06-09T18:52:57.142+0000] {logging_mixin.py:188} INFO - [2024-06-09T18:52:57.142+0000] {override.py:1829} INFO - Created Permission View: can edit on DAG:example_time_delta_sensor_async
[2024-06-09T18:52:57.149+0000] {logging_mixin.py:188} INFO - [2024-06-09T18:52:57.148+0000] {override.py:1829} INFO - Created Permission View: can delete on DAG:example_time_delta_sensor_async
[2024-06-09T18:52:57.149+0000] {logging_mixin.py:188} INFO - [2024-06-09T18:52:57.149+0000] {dag.py:3096} INFO - Sync 1 DAGs
[2024-06-09T18:52:57.163+0000] {logging_mixin.py:188} INFO - [2024-06-09T18:52:57.162+0000] {dag.py:3118} INFO - Creating ORM DAG for example_time_delta_sensor_async
[2024-06-09T18:52:57.163+0000] {logging_mixin.py:188} INFO - [2024-06-09T18:52:57.163+0000] {dag.py:3954} INFO - Setting next_dagrun for example_time_delta_sensor_async to None, run_after=None
[2024-06-09T18:52:57.182+0000] {processor.py:183} INFO - Processing /home/airflow/.local/lib/python3.12/site-packages/airflow/example_dags/example_time_delta_sensor_async.py took 0.220 seconds
[2024-06-09T18:53:27.620+0000] {processor.py:161} INFO - Started process (PID=112) to work on /home/airflow/.local/lib/python3.12/site-packages/airflow/example_dags/example_time_delta_sensor_async.py
[2024-06-09T18:53:27.621+0000] {processor.py:830} INFO - Processing file /home/airflow/.local/lib/python3.12/site-packages/airflow/example_dags/example_time_delta_sensor_async.py for tasks to queue
[2024-06-09T18:53:27.623+0000] {logging_mixin.py:188} INFO - [2024-06-09T18:53:27.623+0000] {dagbag.py:545} INFO - Filling up the DagBag from /home/airflow/.local/lib/python3.12/site-packages/airflow/example_dags/example_time_delta_sensor_async.py
[2024-06-09T18:53:27.628+0000] {processor.py:840} INFO - DAG(s) 'example_time_delta_sensor_async' retrieved from /home/airflow/.local/lib/python3.12/site-packages/airflow/example_dags/example_time_delta_sensor_async.py
[2024-06-09T18:53:27.648+0000] {logging_mixin.py:188} INFO - [2024-06-09T18:53:27.648+0000] {dag.py:3096} INFO - Sync 1 DAGs
[2024-06-09T18:53:27.661+0000] {logging_mixin.py:188} INFO - [2024-06-09T18:53:27.661+0000] {dag.py:3954} INFO - Setting next_dagrun for example_time_delta_sensor_async to None, run_after=None
[2024-06-09T18:53:27.681+0000] {processor.py:183} INFO - Processing /home/airflow/.local/lib/python3.12/site-packages/airflow/example_dags/example_time_delta_sensor_async.py took 0.066 seconds
[2024-06-09T18:53:58.259+0000] {processor.py:161} INFO - Started process (PID=170) to work on /home/airflow/.local/lib/python3.12/site-packages/airflow/example_dags/example_time_delta_sensor_async.py
[2024-06-09T18:53:58.260+0000] {processor.py:830} INFO - Processing file /home/airflow/.local/lib/python3.12/site-packages/airflow/example_dags/example_time_delta_sensor_async.py for tasks to queue
[2024-06-09T18:53:58.261+0000] {logging_mixin.py:188} INFO - [2024-06-09T18:53:58.261+0000] {dagbag.py:545} INFO - Filling up the DagBag from /home/airflow/.local/lib/python3.12/site-packages/airflow/example_dags/example_time_delta_sensor_async.py
[2024-06-09T18:53:58.265+0000] {processor.py:840} INFO - DAG(s) 'example_time_delta_sensor_async' retrieved from /home/airflow/.local/lib/python3.12/site-packages/airflow/example_dags/example_time_delta_sensor_async.py
[2024-06-09T18:53:58.289+0000] {logging_mixin.py:188} INFO - [2024-06-09T18:53:58.288+0000] {dag.py:3096} INFO - Sync 1 DAGs
[2024-06-09T18:53:58.302+0000] {logging_mixin.py:188} INFO - [2024-06-09T18:53:58.302+0000] {dag.py:3954} INFO - Setting next_dagrun for example_time_delta_sensor_async to None, run_after=None
[2024-06-09T18:53:58.321+0000] {processor.py:183} INFO - Processing /home/airflow/.local/lib/python3.12/site-packages/airflow/example_dags/example_time_delta_sensor_async.py took 0.067 seconds
[2024-06-09T18:54:28.595+0000] {processor.py:161} INFO - Started process (PID=228) to work on /home/airflow/.local/lib/python3.12/site-packages/airflow/example_dags/example_time_delta_sensor_async.py
[2024-06-09T18:54:28.596+0000] {processor.py:830} INFO - Processing file /home/airflow/.local/lib/python3.12/site-packages/airflow/example_dags/example_time_delta_sensor_async.py for tasks to queue
[2024-06-09T18:54:28.598+0000] {logging_mixin.py:188} INFO - [2024-06-09T18:54:28.597+0000] {dagbag.py:545} INFO - Filling up the DagBag from /home/airflow/.local/lib/python3.12/site-packages/airflow/example_dags/example_time_delta_sensor_async.py
[2024-06-09T18:54:28.605+0000] {processor.py:840} INFO - DAG(s) 'example_time_delta_sensor_async' retrieved from /home/airflow/.local/lib/python3.12/site-packages/airflow/example_dags/example_time_delta_sensor_async.py
[2024-06-09T18:54:28.626+0000] {logging_mixin.py:188} INFO - [2024-06-09T18:54:28.626+0000] {dag.py:3096} INFO - Sync 1 DAGs
[2024-06-09T18:54:28.640+0000] {logging_mixin.py:188} INFO - [2024-06-09T18:54:28.640+0000] {dag.py:3954} INFO - Setting next_dagrun for example_time_delta_sensor_async to None, run_after=None
[2024-06-09T18:54:28.658+0000] {processor.py:183} INFO - Processing /home/airflow/.local/lib/python3.12/site-packages/airflow/example_dags/example_time_delta_sensor_async.py took 0.071 seconds
[2024-06-09T18:54:59.115+0000] {processor.py:161} INFO - Started process (PID=286) to work on /home/airflow/.local/lib/python3.12/site-packages/airflow/example_dags/example_time_delta_sensor_async.py
[2024-06-09T18:54:59.116+0000] {processor.py:830} INFO - Processing file /home/airflow/.local/lib/python3.12/site-packages/airflow/example_dags/example_time_delta_sensor_async.py for tasks to queue
[2024-06-09T18:54:59.118+0000] {logging_mixin.py:188} INFO - [2024-06-09T18:54:59.117+0000] {dagbag.py:545} INFO - Filling up the DagBag from /home/airflow/.local/lib/python3.12/site-packages/airflow/example_dags/example_time_delta_sensor_async.py
[2024-06-09T18:54:59.123+0000] {processor.py:840} INFO - DAG(s) 'example_time_delta_sensor_async' retrieved from /home/airflow/.local/lib/python3.12/site-packages/airflow/example_dags/example_time_delta_sensor_async.py
[2024-06-09T18:54:59.142+0000] {logging_mixin.py:188} INFO - [2024-06-09T18:54:59.142+0000] {dag.py:3096} INFO - Sync 1 DAGs
[2024-06-09T18:54:59.156+0000] {logging_mixin.py:188} INFO - [2024-06-09T18:54:59.156+0000] {dag.py:3954} INFO - Setting next_dagrun for example_time_delta_sensor_async to None, run_after=None
[2024-06-09T18:54:59.177+0000] {processor.py:183} INFO - Processing /home/airflow/.local/lib/python3.12/site-packages/airflow/example_dags/example_time_delta_sensor_async.py took 0.069 seconds
