[2024-06-09T18:52:59.978+0000] {processor.py:161} INFO - Started process (PID=77) to work on /home/airflow/.local/lib/python3.12/site-packages/airflow/example_dags/example_dynamic_task_mapping.py
[2024-06-09T18:52:59.978+0000] {processor.py:830} INFO - Processing file /home/airflow/.local/lib/python3.12/site-packages/airflow/example_dags/example_dynamic_task_mapping.py for tasks to queue
[2024-06-09T18:52:59.980+0000] {logging_mixin.py:188} INFO - [2024-06-09T18:52:59.979+0000] {dagbag.py:545} INFO - Filling up the DagBag from /home/airflow/.local/lib/python3.12/site-packages/airflow/example_dags/example_dynamic_task_mapping.py
[2024-06-09T18:52:59.987+0000] {processor.py:840} INFO - DAG(s) 'example_dynamic_task_mapping' retrieved from /home/airflow/.local/lib/python3.12/site-packages/airflow/example_dags/example_dynamic_task_mapping.py
[2024-06-09T18:53:00.128+0000] {logging_mixin.py:188} INFO - [2024-06-09T18:53:00.127+0000] {override.py:1829} INFO - Created Permission View: can read on DAG:example_dynamic_task_mapping
[2024-06-09T18:53:00.140+0000] {logging_mixin.py:188} INFO - [2024-06-09T18:53:00.140+0000] {override.py:1829} INFO - Created Permission View: can edit on DAG:example_dynamic_task_mapping
[2024-06-09T18:53:00.147+0000] {logging_mixin.py:188} INFO - [2024-06-09T18:53:00.147+0000] {override.py:1829} INFO - Created Permission View: can delete on DAG:example_dynamic_task_mapping
[2024-06-09T18:53:00.148+0000] {logging_mixin.py:188} INFO - [2024-06-09T18:53:00.148+0000] {dag.py:3096} INFO - Sync 1 DAGs
[2024-06-09T18:53:00.163+0000] {logging_mixin.py:188} INFO - [2024-06-09T18:53:00.163+0000] {dag.py:3118} INFO - Creating ORM DAG for example_dynamic_task_mapping
[2024-06-09T18:53:00.176+0000] {logging_mixin.py:188} INFO - [2024-06-09T18:53:00.176+0000] {dag.py:3954} INFO - Setting next_dagrun for example_dynamic_task_mapping to 2022-03-04 00:00:00+00:00, run_after=2022-03-05 00:00:00+00:00
[2024-06-09T18:53:00.194+0000] {processor.py:183} INFO - Processing /home/airflow/.local/lib/python3.12/site-packages/airflow/example_dags/example_dynamic_task_mapping.py took 0.222 seconds
[2024-06-09T18:53:30.236+0000] {processor.py:161} INFO - Started process (PID=135) to work on /home/airflow/.local/lib/python3.12/site-packages/airflow/example_dags/example_dynamic_task_mapping.py
[2024-06-09T18:53:30.237+0000] {processor.py:830} INFO - Processing file /home/airflow/.local/lib/python3.12/site-packages/airflow/example_dags/example_dynamic_task_mapping.py for tasks to queue
[2024-06-09T18:53:30.239+0000] {logging_mixin.py:188} INFO - [2024-06-09T18:53:30.238+0000] {dagbag.py:545} INFO - Filling up the DagBag from /home/airflow/.local/lib/python3.12/site-packages/airflow/example_dags/example_dynamic_task_mapping.py
[2024-06-09T18:53:30.245+0000] {processor.py:840} INFO - DAG(s) 'example_dynamic_task_mapping' retrieved from /home/airflow/.local/lib/python3.12/site-packages/airflow/example_dags/example_dynamic_task_mapping.py
[2024-06-09T18:53:30.268+0000] {logging_mixin.py:188} INFO - [2024-06-09T18:53:30.268+0000] {dag.py:3096} INFO - Sync 1 DAGs
[2024-06-09T18:53:30.296+0000] {logging_mixin.py:188} INFO - [2024-06-09T18:53:30.295+0000] {dag.py:3954} INFO - Setting next_dagrun for example_dynamic_task_mapping to 2022-03-04 00:00:00+00:00, run_after=2022-03-05 00:00:00+00:00
[2024-06-09T18:53:30.317+0000] {processor.py:183} INFO - Processing /home/airflow/.local/lib/python3.12/site-packages/airflow/example_dags/example_dynamic_task_mapping.py took 0.087 seconds
[2024-06-09T18:54:00.779+0000] {processor.py:161} INFO - Started process (PID=193) to work on /home/airflow/.local/lib/python3.12/site-packages/airflow/example_dags/example_dynamic_task_mapping.py
[2024-06-09T18:54:00.780+0000] {processor.py:830} INFO - Processing file /home/airflow/.local/lib/python3.12/site-packages/airflow/example_dags/example_dynamic_task_mapping.py for tasks to queue
[2024-06-09T18:54:00.784+0000] {logging_mixin.py:188} INFO - [2024-06-09T18:54:00.783+0000] {dagbag.py:545} INFO - Filling up the DagBag from /home/airflow/.local/lib/python3.12/site-packages/airflow/example_dags/example_dynamic_task_mapping.py
[2024-06-09T18:54:00.798+0000] {processor.py:840} INFO - DAG(s) 'example_dynamic_task_mapping' retrieved from /home/airflow/.local/lib/python3.12/site-packages/airflow/example_dags/example_dynamic_task_mapping.py
[2024-06-09T18:54:00.824+0000] {logging_mixin.py:188} INFO - [2024-06-09T18:54:00.824+0000] {dag.py:3096} INFO - Sync 1 DAGs
[2024-06-09T18:54:00.850+0000] {logging_mixin.py:188} INFO - [2024-06-09T18:54:00.850+0000] {dag.py:3954} INFO - Setting next_dagrun for example_dynamic_task_mapping to 2022-03-04 00:00:00+00:00, run_after=2022-03-05 00:00:00+00:00
[2024-06-09T18:54:00.868+0000] {processor.py:183} INFO - Processing /home/airflow/.local/lib/python3.12/site-packages/airflow/example_dags/example_dynamic_task_mapping.py took 0.102 seconds
[2024-06-09T18:54:31.326+0000] {processor.py:161} INFO - Started process (PID=251) to work on /home/airflow/.local/lib/python3.12/site-packages/airflow/example_dags/example_dynamic_task_mapping.py
[2024-06-09T18:54:31.328+0000] {processor.py:830} INFO - Processing file /home/airflow/.local/lib/python3.12/site-packages/airflow/example_dags/example_dynamic_task_mapping.py for tasks to queue
[2024-06-09T18:54:31.331+0000] {logging_mixin.py:188} INFO - [2024-06-09T18:54:31.331+0000] {dagbag.py:545} INFO - Filling up the DagBag from /home/airflow/.local/lib/python3.12/site-packages/airflow/example_dags/example_dynamic_task_mapping.py
[2024-06-09T18:54:31.346+0000] {processor.py:840} INFO - DAG(s) 'example_dynamic_task_mapping' retrieved from /home/airflow/.local/lib/python3.12/site-packages/airflow/example_dags/example_dynamic_task_mapping.py
[2024-06-09T18:54:31.368+0000] {logging_mixin.py:188} INFO - [2024-06-09T18:54:31.368+0000] {dag.py:3096} INFO - Sync 1 DAGs
[2024-06-09T18:54:31.390+0000] {logging_mixin.py:188} INFO - [2024-06-09T18:54:31.390+0000] {dag.py:3954} INFO - Setting next_dagrun for example_dynamic_task_mapping to 2022-03-04 00:00:00+00:00, run_after=2022-03-05 00:00:00+00:00
[2024-06-09T18:54:31.408+0000] {processor.py:183} INFO - Processing /home/airflow/.local/lib/python3.12/site-packages/airflow/example_dags/example_dynamic_task_mapping.py took 0.095 seconds
[2024-06-09T18:55:01.904+0000] {processor.py:161} INFO - Started process (PID=309) to work on /home/airflow/.local/lib/python3.12/site-packages/airflow/example_dags/example_dynamic_task_mapping.py
[2024-06-09T18:55:01.905+0000] {processor.py:830} INFO - Processing file /home/airflow/.local/lib/python3.12/site-packages/airflow/example_dags/example_dynamic_task_mapping.py for tasks to queue
[2024-06-09T18:55:01.907+0000] {logging_mixin.py:188} INFO - [2024-06-09T18:55:01.907+0000] {dagbag.py:545} INFO - Filling up the DagBag from /home/airflow/.local/lib/python3.12/site-packages/airflow/example_dags/example_dynamic_task_mapping.py
[2024-06-09T18:55:01.914+0000] {processor.py:840} INFO - DAG(s) 'example_dynamic_task_mapping' retrieved from /home/airflow/.local/lib/python3.12/site-packages/airflow/example_dags/example_dynamic_task_mapping.py
[2024-06-09T18:55:01.932+0000] {logging_mixin.py:188} INFO - [2024-06-09T18:55:01.932+0000] {dag.py:3096} INFO - Sync 1 DAGs
[2024-06-09T18:55:01.953+0000] {logging_mixin.py:188} INFO - [2024-06-09T18:55:01.952+0000] {dag.py:3954} INFO - Setting next_dagrun for example_dynamic_task_mapping to 2022-03-04 00:00:00+00:00, run_after=2022-03-05 00:00:00+00:00
[2024-06-09T18:55:01.970+0000] {processor.py:183} INFO - Processing /home/airflow/.local/lib/python3.12/site-packages/airflow/example_dags/example_dynamic_task_mapping.py took 0.072 seconds
