[2024-06-09T18:53:00.342+0000] {processor.py:161} INFO - Started process (PID=80) to work on /home/airflow/.local/lib/python3.12/site-packages/airflow/example_dags/example_kubernetes_executor.py
[2024-06-09T18:53:00.343+0000] {processor.py:830} INFO - Processing file /home/airflow/.local/lib/python3.12/site-packages/airflow/example_dags/example_kubernetes_executor.py for tasks to queue
[2024-06-09T18:53:00.344+0000] {logging_mixin.py:188} INFO - [2024-06-09T18:53:00.344+0000] {dagbag.py:545} INFO - Filling up the DagBag from /home/airflow/.local/lib/python3.12/site-packages/airflow/example_dags/example_kubernetes_executor.py
[2024-06-09T18:53:00.358+0000] {processor.py:840} INFO - DAG(s) 'example_kubernetes_executor' retrieved from /home/airflow/.local/lib/python3.12/site-packages/airflow/example_dags/example_kubernetes_executor.py
[2024-06-09T18:53:00.517+0000] {logging_mixin.py:188} INFO - [2024-06-09T18:53:00.516+0000] {override.py:1829} INFO - Created Permission View: can read on DAG:example_kubernetes_executor
[2024-06-09T18:53:00.529+0000] {logging_mixin.py:188} INFO - [2024-06-09T18:53:00.528+0000] {override.py:1829} INFO - Created Permission View: can edit on DAG:example_kubernetes_executor
[2024-06-09T18:53:00.535+0000] {logging_mixin.py:188} INFO - [2024-06-09T18:53:00.535+0000] {override.py:1829} INFO - Created Permission View: can delete on DAG:example_kubernetes_executor
[2024-06-09T18:53:00.535+0000] {logging_mixin.py:188} INFO - [2024-06-09T18:53:00.535+0000] {dag.py:3096} INFO - Sync 1 DAGs
[2024-06-09T18:53:00.548+0000] {logging_mixin.py:188} INFO - [2024-06-09T18:53:00.547+0000] {dag.py:3118} INFO - Creating ORM DAG for example_kubernetes_executor
[2024-06-09T18:53:00.548+0000] {logging_mixin.py:188} INFO - [2024-06-09T18:53:00.548+0000] {dag.py:3954} INFO - Setting next_dagrun for example_kubernetes_executor to None, run_after=None
[2024-06-09T18:53:00.564+0000] {processor.py:183} INFO - Processing /home/airflow/.local/lib/python3.12/site-packages/airflow/example_dags/example_kubernetes_executor.py took 0.227 seconds
[2024-06-09T18:53:31.507+0000] {processor.py:161} INFO - Started process (PID=138) to work on /home/airflow/.local/lib/python3.12/site-packages/airflow/example_dags/example_kubernetes_executor.py
[2024-06-09T18:53:31.508+0000] {processor.py:830} INFO - Processing file /home/airflow/.local/lib/python3.12/site-packages/airflow/example_dags/example_kubernetes_executor.py for tasks to queue
[2024-06-09T18:53:31.510+0000] {logging_mixin.py:188} INFO - [2024-06-09T18:53:31.509+0000] {dagbag.py:545} INFO - Filling up the DagBag from /home/airflow/.local/lib/python3.12/site-packages/airflow/example_dags/example_kubernetes_executor.py
[2024-06-09T18:53:31.523+0000] {processor.py:840} INFO - DAG(s) 'example_kubernetes_executor' retrieved from /home/airflow/.local/lib/python3.12/site-packages/airflow/example_dags/example_kubernetes_executor.py
[2024-06-09T18:53:31.566+0000] {logging_mixin.py:188} INFO - [2024-06-09T18:53:31.565+0000] {dag.py:3096} INFO - Sync 1 DAGs
[2024-06-09T18:53:31.579+0000] {logging_mixin.py:188} INFO - [2024-06-09T18:53:31.578+0000] {dag.py:3954} INFO - Setting next_dagrun for example_kubernetes_executor to None, run_after=None
[2024-06-09T18:53:31.600+0000] {processor.py:183} INFO - Processing /home/airflow/.local/lib/python3.12/site-packages/airflow/example_dags/example_kubernetes_executor.py took 0.100 seconds
[2024-06-09T18:54:01.979+0000] {processor.py:161} INFO - Started process (PID=196) to work on /home/airflow/.local/lib/python3.12/site-packages/airflow/example_dags/example_kubernetes_executor.py
[2024-06-09T18:54:01.980+0000] {processor.py:830} INFO - Processing file /home/airflow/.local/lib/python3.12/site-packages/airflow/example_dags/example_kubernetes_executor.py for tasks to queue
[2024-06-09T18:54:01.981+0000] {logging_mixin.py:188} INFO - [2024-06-09T18:54:01.981+0000] {dagbag.py:545} INFO - Filling up the DagBag from /home/airflow/.local/lib/python3.12/site-packages/airflow/example_dags/example_kubernetes_executor.py
[2024-06-09T18:54:01.994+0000] {processor.py:840} INFO - DAG(s) 'example_kubernetes_executor' retrieved from /home/airflow/.local/lib/python3.12/site-packages/airflow/example_dags/example_kubernetes_executor.py
[2024-06-09T18:54:02.053+0000] {logging_mixin.py:188} INFO - [2024-06-09T18:54:02.053+0000] {dag.py:3096} INFO - Sync 1 DAGs
[2024-06-09T18:54:02.067+0000] {logging_mixin.py:188} INFO - [2024-06-09T18:54:02.066+0000] {dag.py:3954} INFO - Setting next_dagrun for example_kubernetes_executor to None, run_after=None
[2024-06-09T18:54:02.086+0000] {processor.py:183} INFO - Processing /home/airflow/.local/lib/python3.12/site-packages/airflow/example_dags/example_kubernetes_executor.py took 0.114 seconds
[2024-06-09T18:54:32.555+0000] {processor.py:161} INFO - Started process (PID=254) to work on /home/airflow/.local/lib/python3.12/site-packages/airflow/example_dags/example_kubernetes_executor.py
[2024-06-09T18:54:32.557+0000] {processor.py:830} INFO - Processing file /home/airflow/.local/lib/python3.12/site-packages/airflow/example_dags/example_kubernetes_executor.py for tasks to queue
[2024-06-09T18:54:32.561+0000] {logging_mixin.py:188} INFO - [2024-06-09T18:54:32.560+0000] {dagbag.py:545} INFO - Filling up the DagBag from /home/airflow/.local/lib/python3.12/site-packages/airflow/example_dags/example_kubernetes_executor.py
[2024-06-09T18:54:32.585+0000] {processor.py:840} INFO - DAG(s) 'example_kubernetes_executor' retrieved from /home/airflow/.local/lib/python3.12/site-packages/airflow/example_dags/example_kubernetes_executor.py
[2024-06-09T18:54:32.622+0000] {logging_mixin.py:188} INFO - [2024-06-09T18:54:32.621+0000] {dag.py:3096} INFO - Sync 1 DAGs
[2024-06-09T18:54:32.635+0000] {logging_mixin.py:188} INFO - [2024-06-09T18:54:32.635+0000] {dag.py:3954} INFO - Setting next_dagrun for example_kubernetes_executor to None, run_after=None
[2024-06-09T18:54:32.665+0000] {processor.py:183} INFO - Processing /home/airflow/.local/lib/python3.12/site-packages/airflow/example_dags/example_kubernetes_executor.py took 0.123 seconds
[2024-06-09T18:55:03.143+0000] {processor.py:161} INFO - Started process (PID=312) to work on /home/airflow/.local/lib/python3.12/site-packages/airflow/example_dags/example_kubernetes_executor.py
[2024-06-09T18:55:03.144+0000] {processor.py:830} INFO - Processing file /home/airflow/.local/lib/python3.12/site-packages/airflow/example_dags/example_kubernetes_executor.py for tasks to queue
[2024-06-09T18:55:03.146+0000] {logging_mixin.py:188} INFO - [2024-06-09T18:55:03.146+0000] {dagbag.py:545} INFO - Filling up the DagBag from /home/airflow/.local/lib/python3.12/site-packages/airflow/example_dags/example_kubernetes_executor.py
[2024-06-09T18:55:03.164+0000] {processor.py:840} INFO - DAG(s) 'example_kubernetes_executor' retrieved from /home/airflow/.local/lib/python3.12/site-packages/airflow/example_dags/example_kubernetes_executor.py
[2024-06-09T18:55:03.208+0000] {logging_mixin.py:188} INFO - [2024-06-09T18:55:03.208+0000] {dag.py:3096} INFO - Sync 1 DAGs
[2024-06-09T18:55:03.221+0000] {logging_mixin.py:188} INFO - [2024-06-09T18:55:03.220+0000] {dag.py:3954} INFO - Setting next_dagrun for example_kubernetes_executor to None, run_after=None
[2024-06-09T18:55:03.238+0000] {processor.py:183} INFO - Processing /home/airflow/.local/lib/python3.12/site-packages/airflow/example_dags/example_kubernetes_executor.py took 0.103 seconds
