[2024-06-09T18:52:57.347+0000] {processor.py:161} INFO - Started process (PID=57) to work on /home/airflow/.local/lib/python3.12/site-packages/airflow/example_dags/example_params_trigger_ui.py
[2024-06-09T18:52:57.348+0000] {processor.py:830} INFO - Processing file /home/airflow/.local/lib/python3.12/site-packages/airflow/example_dags/example_params_trigger_ui.py for tasks to queue
[2024-06-09T18:52:57.351+0000] {logging_mixin.py:188} INFO - [2024-06-09T18:52:57.350+0000] {dagbag.py:545} INFO - Filling up the DagBag from /home/airflow/.local/lib/python3.12/site-packages/airflow/example_dags/example_params_trigger_ui.py
[2024-06-09T18:52:57.376+0000] {processor.py:840} INFO - DAG(s) 'example_params_trigger_ui' retrieved from /home/airflow/.local/lib/python3.12/site-packages/airflow/example_dags/example_params_trigger_ui.py
[2024-06-09T18:52:57.585+0000] {logging_mixin.py:188} INFO - [2024-06-09T18:52:57.584+0000] {override.py:1829} INFO - Created Permission View: can read on DAG:example_params_trigger_ui
[2024-06-09T18:52:57.597+0000] {logging_mixin.py:188} INFO - [2024-06-09T18:52:57.597+0000] {override.py:1829} INFO - Created Permission View: can edit on DAG:example_params_trigger_ui
[2024-06-09T18:52:57.607+0000] {logging_mixin.py:188} INFO - [2024-06-09T18:52:57.606+0000] {override.py:1829} INFO - Created Permission View: can delete on DAG:example_params_trigger_ui
[2024-06-09T18:52:57.607+0000] {logging_mixin.py:188} INFO - [2024-06-09T18:52:57.607+0000] {dag.py:3096} INFO - Sync 1 DAGs
[2024-06-09T18:52:57.619+0000] {logging_mixin.py:188} INFO - [2024-06-09T18:52:57.619+0000] {dag.py:3118} INFO - Creating ORM DAG for example_params_trigger_ui
[2024-06-09T18:52:57.620+0000] {logging_mixin.py:188} INFO - [2024-06-09T18:52:57.620+0000] {dag.py:3954} INFO - Setting next_dagrun for example_params_trigger_ui to None, run_after=None
[2024-06-09T18:52:57.642+0000] {processor.py:183} INFO - Processing /home/airflow/.local/lib/python3.12/site-packages/airflow/example_dags/example_params_trigger_ui.py took 0.302 seconds
[2024-06-09T18:53:27.807+0000] {processor.py:161} INFO - Started process (PID=115) to work on /home/airflow/.local/lib/python3.12/site-packages/airflow/example_dags/example_params_trigger_ui.py
[2024-06-09T18:53:27.808+0000] {processor.py:830} INFO - Processing file /home/airflow/.local/lib/python3.12/site-packages/airflow/example_dags/example_params_trigger_ui.py for tasks to queue
[2024-06-09T18:53:27.810+0000] {logging_mixin.py:188} INFO - [2024-06-09T18:53:27.810+0000] {dagbag.py:545} INFO - Filling up the DagBag from /home/airflow/.local/lib/python3.12/site-packages/airflow/example_dags/example_params_trigger_ui.py
[2024-06-09T18:53:27.824+0000] {processor.py:840} INFO - DAG(s) 'example_params_trigger_ui' retrieved from /home/airflow/.local/lib/python3.12/site-packages/airflow/example_dags/example_params_trigger_ui.py
[2024-06-09T18:53:27.884+0000] {logging_mixin.py:188} INFO - [2024-06-09T18:53:27.883+0000] {dag.py:3096} INFO - Sync 1 DAGs
[2024-06-09T18:53:27.898+0000] {logging_mixin.py:188} INFO - [2024-06-09T18:53:27.898+0000] {dag.py:3954} INFO - Setting next_dagrun for example_params_trigger_ui to None, run_after=None
[2024-06-09T18:53:27.929+0000] {processor.py:183} INFO - Processing /home/airflow/.local/lib/python3.12/site-packages/airflow/example_dags/example_params_trigger_ui.py took 0.128 seconds
[2024-06-09T18:53:58.410+0000] {processor.py:161} INFO - Started process (PID=173) to work on /home/airflow/.local/lib/python3.12/site-packages/airflow/example_dags/example_params_trigger_ui.py
[2024-06-09T18:53:58.411+0000] {processor.py:830} INFO - Processing file /home/airflow/.local/lib/python3.12/site-packages/airflow/example_dags/example_params_trigger_ui.py for tasks to queue
[2024-06-09T18:53:58.413+0000] {logging_mixin.py:188} INFO - [2024-06-09T18:53:58.413+0000] {dagbag.py:545} INFO - Filling up the DagBag from /home/airflow/.local/lib/python3.12/site-packages/airflow/example_dags/example_params_trigger_ui.py
[2024-06-09T18:53:58.427+0000] {processor.py:840} INFO - DAG(s) 'example_params_trigger_ui' retrieved from /home/airflow/.local/lib/python3.12/site-packages/airflow/example_dags/example_params_trigger_ui.py
[2024-06-09T18:53:58.483+0000] {logging_mixin.py:188} INFO - [2024-06-09T18:53:58.483+0000] {dag.py:3096} INFO - Sync 1 DAGs
[2024-06-09T18:53:58.498+0000] {logging_mixin.py:188} INFO - [2024-06-09T18:53:58.498+0000] {dag.py:3954} INFO - Setting next_dagrun for example_params_trigger_ui to None, run_after=None
[2024-06-09T18:53:58.519+0000] {processor.py:183} INFO - Processing /home/airflow/.local/lib/python3.12/site-packages/airflow/example_dags/example_params_trigger_ui.py took 0.115 seconds
[2024-06-09T18:54:28.778+0000] {processor.py:161} INFO - Started process (PID=231) to work on /home/airflow/.local/lib/python3.12/site-packages/airflow/example_dags/example_params_trigger_ui.py
[2024-06-09T18:54:28.779+0000] {processor.py:830} INFO - Processing file /home/airflow/.local/lib/python3.12/site-packages/airflow/example_dags/example_params_trigger_ui.py for tasks to queue
[2024-06-09T18:54:28.781+0000] {logging_mixin.py:188} INFO - [2024-06-09T18:54:28.780+0000] {dagbag.py:545} INFO - Filling up the DagBag from /home/airflow/.local/lib/python3.12/site-packages/airflow/example_dags/example_params_trigger_ui.py
[2024-06-09T18:54:28.794+0000] {processor.py:840} INFO - DAG(s) 'example_params_trigger_ui' retrieved from /home/airflow/.local/lib/python3.12/site-packages/airflow/example_dags/example_params_trigger_ui.py
[2024-06-09T18:54:28.846+0000] {logging_mixin.py:188} INFO - [2024-06-09T18:54:28.846+0000] {dag.py:3096} INFO - Sync 1 DAGs
[2024-06-09T18:54:28.866+0000] {logging_mixin.py:188} INFO - [2024-06-09T18:54:28.866+0000] {dag.py:3954} INFO - Setting next_dagrun for example_params_trigger_ui to None, run_after=None
[2024-06-09T18:54:28.891+0000] {processor.py:183} INFO - Processing /home/airflow/.local/lib/python3.12/site-packages/airflow/example_dags/example_params_trigger_ui.py took 0.119 seconds
[2024-06-09T18:54:59.283+0000] {processor.py:161} INFO - Started process (PID=289) to work on /home/airflow/.local/lib/python3.12/site-packages/airflow/example_dags/example_params_trigger_ui.py
[2024-06-09T18:54:59.284+0000] {processor.py:830} INFO - Processing file /home/airflow/.local/lib/python3.12/site-packages/airflow/example_dags/example_params_trigger_ui.py for tasks to queue
[2024-06-09T18:54:59.288+0000] {logging_mixin.py:188} INFO - [2024-06-09T18:54:59.287+0000] {dagbag.py:545} INFO - Filling up the DagBag from /home/airflow/.local/lib/python3.12/site-packages/airflow/example_dags/example_params_trigger_ui.py
[2024-06-09T18:54:59.314+0000] {processor.py:840} INFO - DAG(s) 'example_params_trigger_ui' retrieved from /home/airflow/.local/lib/python3.12/site-packages/airflow/example_dags/example_params_trigger_ui.py
[2024-06-09T18:54:59.371+0000] {logging_mixin.py:188} INFO - [2024-06-09T18:54:59.370+0000] {dag.py:3096} INFO - Sync 1 DAGs
[2024-06-09T18:54:59.386+0000] {logging_mixin.py:188} INFO - [2024-06-09T18:54:59.386+0000] {dag.py:3954} INFO - Setting next_dagrun for example_params_trigger_ui to None, run_after=None
[2024-06-09T18:54:59.412+0000] {processor.py:183} INFO - Processing /home/airflow/.local/lib/python3.12/site-packages/airflow/example_dags/example_params_trigger_ui.py took 0.142 seconds
