[2024-06-09T18:52:56.530+0000] {processor.py:161} INFO - Started process (PID=51) to work on /home/airflow/.local/lib/python3.12/site-packages/airflow/example_dags/example_xcom.py
[2024-06-09T18:52:56.531+0000] {processor.py:830} INFO - Processing file /home/airflow/.local/lib/python3.12/site-packages/airflow/example_dags/example_xcom.py for tasks to queue
[2024-06-09T18:52:56.533+0000] {logging_mixin.py:188} INFO - [2024-06-09T18:52:56.533+0000] {dagbag.py:545} INFO - Filling up the DagBag from /home/airflow/.local/lib/python3.12/site-packages/airflow/example_dags/example_xcom.py
[2024-06-09T18:52:56.546+0000] {processor.py:840} INFO - DAG(s) 'example_xcom' retrieved from /home/airflow/.local/lib/python3.12/site-packages/airflow/example_dags/example_xcom.py
[2024-06-09T18:52:56.693+0000] {logging_mixin.py:188} INFO - [2024-06-09T18:52:56.692+0000] {override.py:1829} INFO - Created Permission View: can read on DAG:example_xcom
[2024-06-09T18:52:56.709+0000] {logging_mixin.py:188} INFO - [2024-06-09T18:52:56.709+0000] {override.py:1829} INFO - Created Permission View: can edit on DAG:example_xcom
[2024-06-09T18:52:56.717+0000] {logging_mixin.py:188} INFO - [2024-06-09T18:52:56.716+0000] {override.py:1829} INFO - Created Permission View: can delete on DAG:example_xcom
[2024-06-09T18:52:56.717+0000] {logging_mixin.py:188} INFO - [2024-06-09T18:52:56.717+0000] {dag.py:3096} INFO - Sync 1 DAGs
[2024-06-09T18:52:56.732+0000] {logging_mixin.py:188} INFO - [2024-06-09T18:52:56.732+0000] {dag.py:3118} INFO - Creating ORM DAG for example_xcom
[2024-06-09T18:52:56.744+0000] {logging_mixin.py:188} INFO - [2024-06-09T18:52:56.744+0000] {dag.py:3954} INFO - Setting next_dagrun for example_xcom to 2021-01-01 00:00:00+00:00, run_after=2021-01-01 00:00:00+00:00
[2024-06-09T18:52:56.764+0000] {processor.py:183} INFO - Processing /home/airflow/.local/lib/python3.12/site-packages/airflow/example_dags/example_xcom.py took 0.241 seconds
[2024-06-09T18:53:27.425+0000] {processor.py:161} INFO - Started process (PID=109) to work on /home/airflow/.local/lib/python3.12/site-packages/airflow/example_dags/example_xcom.py
[2024-06-09T18:53:27.427+0000] {processor.py:830} INFO - Processing file /home/airflow/.local/lib/python3.12/site-packages/airflow/example_dags/example_xcom.py for tasks to queue
[2024-06-09T18:53:27.429+0000] {logging_mixin.py:188} INFO - [2024-06-09T18:53:27.428+0000] {dagbag.py:545} INFO - Filling up the DagBag from /home/airflow/.local/lib/python3.12/site-packages/airflow/example_dags/example_xcom.py
[2024-06-09T18:53:27.439+0000] {processor.py:840} INFO - DAG(s) 'example_xcom' retrieved from /home/airflow/.local/lib/python3.12/site-packages/airflow/example_dags/example_xcom.py
[2024-06-09T18:53:27.469+0000] {logging_mixin.py:188} INFO - [2024-06-09T18:53:27.469+0000] {dag.py:3096} INFO - Sync 1 DAGs
[2024-06-09T18:53:27.496+0000] {logging_mixin.py:188} INFO - [2024-06-09T18:53:27.495+0000] {dag.py:3954} INFO - Setting next_dagrun for example_xcom to 2021-01-01 00:00:00+00:00, run_after=2021-01-01 00:00:00+00:00
[2024-06-09T18:53:27.514+0000] {processor.py:183} INFO - Processing /home/airflow/.local/lib/python3.12/site-packages/airflow/example_dags/example_xcom.py took 0.097 seconds
[2024-06-09T18:53:57.956+0000] {processor.py:161} INFO - Started process (PID=167) to work on /home/airflow/.local/lib/python3.12/site-packages/airflow/example_dags/example_xcom.py
[2024-06-09T18:53:57.956+0000] {processor.py:830} INFO - Processing file /home/airflow/.local/lib/python3.12/site-packages/airflow/example_dags/example_xcom.py for tasks to queue
[2024-06-09T18:53:57.958+0000] {logging_mixin.py:188} INFO - [2024-06-09T18:53:57.958+0000] {dagbag.py:545} INFO - Filling up the DagBag from /home/airflow/.local/lib/python3.12/site-packages/airflow/example_dags/example_xcom.py
[2024-06-09T18:53:57.965+0000] {processor.py:840} INFO - DAG(s) 'example_xcom' retrieved from /home/airflow/.local/lib/python3.12/site-packages/airflow/example_dags/example_xcom.py
[2024-06-09T18:53:57.986+0000] {logging_mixin.py:188} INFO - [2024-06-09T18:53:57.986+0000] {dag.py:3096} INFO - Sync 1 DAGs
[2024-06-09T18:53:58.008+0000] {logging_mixin.py:188} INFO - [2024-06-09T18:53:58.007+0000] {dag.py:3954} INFO - Setting next_dagrun for example_xcom to 2021-01-01 00:00:00+00:00, run_after=2021-01-01 00:00:00+00:00
[2024-06-09T18:53:58.024+0000] {processor.py:183} INFO - Processing /home/airflow/.local/lib/python3.12/site-packages/airflow/example_dags/example_xcom.py took 0.075 seconds
[2024-06-09T18:54:28.428+0000] {processor.py:161} INFO - Started process (PID=225) to work on /home/airflow/.local/lib/python3.12/site-packages/airflow/example_dags/example_xcom.py
[2024-06-09T18:54:28.428+0000] {processor.py:830} INFO - Processing file /home/airflow/.local/lib/python3.12/site-packages/airflow/example_dags/example_xcom.py for tasks to queue
[2024-06-09T18:54:28.430+0000] {logging_mixin.py:188} INFO - [2024-06-09T18:54:28.430+0000] {dagbag.py:545} INFO - Filling up the DagBag from /home/airflow/.local/lib/python3.12/site-packages/airflow/example_dags/example_xcom.py
[2024-06-09T18:54:28.438+0000] {processor.py:840} INFO - DAG(s) 'example_xcom' retrieved from /home/airflow/.local/lib/python3.12/site-packages/airflow/example_dags/example_xcom.py
[2024-06-09T18:54:28.465+0000] {logging_mixin.py:188} INFO - [2024-06-09T18:54:28.464+0000] {dag.py:3096} INFO - Sync 1 DAGs
[2024-06-09T18:54:28.489+0000] {logging_mixin.py:188} INFO - [2024-06-09T18:54:28.489+0000] {dag.py:3954} INFO - Setting next_dagrun for example_xcom to 2021-01-01 00:00:00+00:00, run_after=2021-01-01 00:00:00+00:00
[2024-06-09T18:54:28.510+0000] {processor.py:183} INFO - Processing /home/airflow/.local/lib/python3.12/site-packages/airflow/example_dags/example_xcom.py took 0.089 seconds
[2024-06-09T18:54:58.907+0000] {processor.py:161} INFO - Started process (PID=283) to work on /home/airflow/.local/lib/python3.12/site-packages/airflow/example_dags/example_xcom.py
[2024-06-09T18:54:58.908+0000] {processor.py:830} INFO - Processing file /home/airflow/.local/lib/python3.12/site-packages/airflow/example_dags/example_xcom.py for tasks to queue
[2024-06-09T18:54:58.909+0000] {logging_mixin.py:188} INFO - [2024-06-09T18:54:58.909+0000] {dagbag.py:545} INFO - Filling up the DagBag from /home/airflow/.local/lib/python3.12/site-packages/airflow/example_dags/example_xcom.py
[2024-06-09T18:54:58.917+0000] {processor.py:840} INFO - DAG(s) 'example_xcom' retrieved from /home/airflow/.local/lib/python3.12/site-packages/airflow/example_dags/example_xcom.py
[2024-06-09T18:54:58.941+0000] {logging_mixin.py:188} INFO - [2024-06-09T18:54:58.941+0000] {dag.py:3096} INFO - Sync 1 DAGs
[2024-06-09T18:54:58.966+0000] {logging_mixin.py:188} INFO - [2024-06-09T18:54:58.965+0000] {dag.py:3954} INFO - Setting next_dagrun for example_xcom to 2021-01-01 00:00:00+00:00, run_after=2021-01-01 00:00:00+00:00
[2024-06-09T18:54:58.987+0000] {processor.py:183} INFO - Processing /home/airflow/.local/lib/python3.12/site-packages/airflow/example_dags/example_xcom.py took 0.087 seconds
