[2024-06-09T18:52:56.003+0000] {processor.py:161} INFO - Started process (PID=48) to work on /home/airflow/.local/lib/python3.12/site-packages/airflow/example_dags/example_branch_labels.py
[2024-06-09T18:52:56.005+0000] {processor.py:830} INFO - Processing file /home/airflow/.local/lib/python3.12/site-packages/airflow/example_dags/example_branch_labels.py for tasks to queue
[2024-06-09T18:52:56.008+0000] {logging_mixin.py:188} INFO - [2024-06-09T18:52:56.008+0000] {dagbag.py:545} INFO - Filling up the DagBag from /home/airflow/.local/lib/python3.12/site-packages/airflow/example_dags/example_branch_labels.py
[2024-06-09T18:52:56.022+0000] {processor.py:840} INFO - DAG(s) 'example_branch_labels' retrieved from /home/airflow/.local/lib/python3.12/site-packages/airflow/example_dags/example_branch_labels.py
[2024-06-09T18:52:56.159+0000] {logging_mixin.py:188} INFO - [2024-06-09T18:52:56.158+0000] {override.py:1829} INFO - Created Permission View: can read on DAG:example_branch_labels
[2024-06-09T18:52:56.171+0000] {logging_mixin.py:188} INFO - [2024-06-09T18:52:56.171+0000] {override.py:1829} INFO - Created Permission View: can edit on DAG:example_branch_labels
[2024-06-09T18:52:56.178+0000] {logging_mixin.py:188} INFO - [2024-06-09T18:52:56.178+0000] {override.py:1829} INFO - Created Permission View: can delete on DAG:example_branch_labels
[2024-06-09T18:52:56.178+0000] {logging_mixin.py:188} INFO - [2024-06-09T18:52:56.178+0000] {dag.py:3096} INFO - Sync 1 DAGs
[2024-06-09T18:52:56.191+0000] {logging_mixin.py:188} INFO - [2024-06-09T18:52:56.191+0000] {dag.py:3118} INFO - Creating ORM DAG for example_branch_labels
[2024-06-09T18:52:56.207+0000] {logging_mixin.py:188} INFO - [2024-06-09T18:52:56.207+0000] {dag.py:3954} INFO - Setting next_dagrun for example_branch_labels to 2024-06-08 00:00:00+00:00, run_after=2024-06-09 00:00:00+00:00
[2024-06-09T18:52:56.227+0000] {processor.py:183} INFO - Processing /home/airflow/.local/lib/python3.12/site-packages/airflow/example_dags/example_branch_labels.py took 0.237 seconds
[2024-06-09T18:53:27.185+0000] {processor.py:161} INFO - Started process (PID=106) to work on /home/airflow/.local/lib/python3.12/site-packages/airflow/example_dags/example_branch_labels.py
[2024-06-09T18:53:27.186+0000] {processor.py:830} INFO - Processing file /home/airflow/.local/lib/python3.12/site-packages/airflow/example_dags/example_branch_labels.py for tasks to queue
[2024-06-09T18:53:27.189+0000] {logging_mixin.py:188} INFO - [2024-06-09T18:53:27.189+0000] {dagbag.py:545} INFO - Filling up the DagBag from /home/airflow/.local/lib/python3.12/site-packages/airflow/example_dags/example_branch_labels.py
[2024-06-09T18:53:27.205+0000] {processor.py:840} INFO - DAG(s) 'example_branch_labels' retrieved from /home/airflow/.local/lib/python3.12/site-packages/airflow/example_dags/example_branch_labels.py
[2024-06-09T18:53:27.226+0000] {logging_mixin.py:188} INFO - [2024-06-09T18:53:27.226+0000] {dag.py:3096} INFO - Sync 1 DAGs
[2024-06-09T18:53:27.251+0000] {logging_mixin.py:188} INFO - [2024-06-09T18:53:27.250+0000] {dag.py:3954} INFO - Setting next_dagrun for example_branch_labels to 2024-06-08 00:00:00+00:00, run_after=2024-06-09 00:00:00+00:00
[2024-06-09T18:53:27.269+0000] {processor.py:183} INFO - Processing /home/airflow/.local/lib/python3.12/site-packages/airflow/example_dags/example_branch_labels.py took 0.095 seconds
[2024-06-09T18:53:57.728+0000] {processor.py:161} INFO - Started process (PID=164) to work on /home/airflow/.local/lib/python3.12/site-packages/airflow/example_dags/example_branch_labels.py
[2024-06-09T18:53:57.728+0000] {processor.py:830} INFO - Processing file /home/airflow/.local/lib/python3.12/site-packages/airflow/example_dags/example_branch_labels.py for tasks to queue
[2024-06-09T18:53:57.730+0000] {logging_mixin.py:188} INFO - [2024-06-09T18:53:57.730+0000] {dagbag.py:545} INFO - Filling up the DagBag from /home/airflow/.local/lib/python3.12/site-packages/airflow/example_dags/example_branch_labels.py
[2024-06-09T18:53:57.737+0000] {processor.py:840} INFO - DAG(s) 'example_branch_labels' retrieved from /home/airflow/.local/lib/python3.12/site-packages/airflow/example_dags/example_branch_labels.py
[2024-06-09T18:53:57.767+0000] {logging_mixin.py:188} INFO - [2024-06-09T18:53:57.767+0000] {dag.py:3096} INFO - Sync 1 DAGs
[2024-06-09T18:53:57.805+0000] {logging_mixin.py:188} INFO - [2024-06-09T18:53:57.805+0000] {dag.py:3954} INFO - Setting next_dagrun for example_branch_labels to 2024-06-08 00:00:00+00:00, run_after=2024-06-09 00:00:00+00:00
[2024-06-09T18:53:57.825+0000] {processor.py:183} INFO - Processing /home/airflow/.local/lib/python3.12/site-packages/airflow/example_dags/example_branch_labels.py took 0.103 seconds
[2024-06-09T18:54:28.183+0000] {processor.py:161} INFO - Started process (PID=222) to work on /home/airflow/.local/lib/python3.12/site-packages/airflow/example_dags/example_branch_labels.py
[2024-06-09T18:54:28.184+0000] {processor.py:830} INFO - Processing file /home/airflow/.local/lib/python3.12/site-packages/airflow/example_dags/example_branch_labels.py for tasks to queue
[2024-06-09T18:54:28.186+0000] {logging_mixin.py:188} INFO - [2024-06-09T18:54:28.186+0000] {dagbag.py:545} INFO - Filling up the DagBag from /home/airflow/.local/lib/python3.12/site-packages/airflow/example_dags/example_branch_labels.py
[2024-06-09T18:54:28.196+0000] {processor.py:840} INFO - DAG(s) 'example_branch_labels' retrieved from /home/airflow/.local/lib/python3.12/site-packages/airflow/example_dags/example_branch_labels.py
[2024-06-09T18:54:28.223+0000] {logging_mixin.py:188} INFO - [2024-06-09T18:54:28.222+0000] {dag.py:3096} INFO - Sync 1 DAGs
[2024-06-09T18:54:28.248+0000] {logging_mixin.py:188} INFO - [2024-06-09T18:54:28.247+0000] {dag.py:3954} INFO - Setting next_dagrun for example_branch_labels to 2024-06-08 00:00:00+00:00, run_after=2024-06-09 00:00:00+00:00
[2024-06-09T18:54:28.268+0000] {processor.py:183} INFO - Processing /home/airflow/.local/lib/python3.12/site-packages/airflow/example_dags/example_branch_labels.py took 0.093 seconds
[2024-06-09T18:54:58.692+0000] {processor.py:161} INFO - Started process (PID=280) to work on /home/airflow/.local/lib/python3.12/site-packages/airflow/example_dags/example_branch_labels.py
[2024-06-09T18:54:58.693+0000] {processor.py:830} INFO - Processing file /home/airflow/.local/lib/python3.12/site-packages/airflow/example_dags/example_branch_labels.py for tasks to queue
[2024-06-09T18:54:58.696+0000] {logging_mixin.py:188} INFO - [2024-06-09T18:54:58.696+0000] {dagbag.py:545} INFO - Filling up the DagBag from /home/airflow/.local/lib/python3.12/site-packages/airflow/example_dags/example_branch_labels.py
[2024-06-09T18:54:58.712+0000] {processor.py:840} INFO - DAG(s) 'example_branch_labels' retrieved from /home/airflow/.local/lib/python3.12/site-packages/airflow/example_dags/example_branch_labels.py
[2024-06-09T18:54:58.735+0000] {logging_mixin.py:188} INFO - [2024-06-09T18:54:58.734+0000] {dag.py:3096} INFO - Sync 1 DAGs
[2024-06-09T18:54:58.759+0000] {logging_mixin.py:188} INFO - [2024-06-09T18:54:58.759+0000] {dag.py:3954} INFO - Setting next_dagrun for example_branch_labels to 2024-06-08 00:00:00+00:00, run_after=2024-06-09 00:00:00+00:00
[2024-06-09T18:54:58.778+0000] {processor.py:183} INFO - Processing /home/airflow/.local/lib/python3.12/site-packages/airflow/example_dags/example_branch_labels.py took 0.098 seconds
