[2024-06-09T18:52:59.455+0000] {processor.py:161} INFO - Started process (PID=72) to work on /home/airflow/.local/lib/python3.12/site-packages/airflow/example_dags/example_xcomargs.py
[2024-06-09T18:52:59.456+0000] {processor.py:830} INFO - Processing file /home/airflow/.local/lib/python3.12/site-packages/airflow/example_dags/example_xcomargs.py for tasks to queue
[2024-06-09T18:52:59.458+0000] {logging_mixin.py:188} INFO - [2024-06-09T18:52:59.457+0000] {dagbag.py:545} INFO - Filling up the DagBag from /home/airflow/.local/lib/python3.12/site-packages/airflow/example_dags/example_xcomargs.py
[2024-06-09T18:52:59.471+0000] {processor.py:840} INFO - DAG(s) 'example_xcom_args_with_operators', 'example_xcom_args' retrieved from /home/airflow/.local/lib/python3.12/site-packages/airflow/example_dags/example_xcomargs.py
[2024-06-09T18:52:59.596+0000] {logging_mixin.py:188} INFO - [2024-06-09T18:52:59.596+0000] {override.py:1829} INFO - Created Permission View: can read on DAG:example_xcom_args_with_operators
[2024-06-09T18:52:59.607+0000] {logging_mixin.py:188} INFO - [2024-06-09T18:52:59.607+0000] {override.py:1829} INFO - Created Permission View: can edit on DAG:example_xcom_args_with_operators
[2024-06-09T18:52:59.613+0000] {logging_mixin.py:188} INFO - [2024-06-09T18:52:59.613+0000] {override.py:1829} INFO - Created Permission View: can delete on DAG:example_xcom_args_with_operators
[2024-06-09T18:52:59.627+0000] {logging_mixin.py:188} INFO - [2024-06-09T18:52:59.626+0000] {override.py:1829} INFO - Created Permission View: can read on DAG:example_xcom_args
[2024-06-09T18:52:59.633+0000] {logging_mixin.py:188} INFO - [2024-06-09T18:52:59.632+0000] {override.py:1829} INFO - Created Permission View: can edit on DAG:example_xcom_args
[2024-06-09T18:52:59.644+0000] {logging_mixin.py:188} INFO - [2024-06-09T18:52:59.644+0000] {override.py:1829} INFO - Created Permission View: can delete on DAG:example_xcom_args
[2024-06-09T18:52:59.644+0000] {logging_mixin.py:188} INFO - [2024-06-09T18:52:59.644+0000] {dag.py:3096} INFO - Sync 2 DAGs
[2024-06-09T18:52:59.661+0000] {logging_mixin.py:188} INFO - [2024-06-09T18:52:59.660+0000] {dag.py:3118} INFO - Creating ORM DAG for example_xcom_args_with_operators
[2024-06-09T18:52:59.661+0000] {logging_mixin.py:188} INFO - [2024-06-09T18:52:59.661+0000] {dag.py:3118} INFO - Creating ORM DAG for example_xcom_args
[2024-06-09T18:52:59.662+0000] {logging_mixin.py:188} INFO - [2024-06-09T18:52:59.662+0000] {dag.py:3954} INFO - Setting next_dagrun for example_xcom_args to None, run_after=None
[2024-06-09T18:52:59.663+0000] {logging_mixin.py:188} INFO - [2024-06-09T18:52:59.662+0000] {dag.py:3954} INFO - Setting next_dagrun for example_xcom_args_with_operators to None, run_after=None
[2024-06-09T18:52:59.701+0000] {processor.py:183} INFO - Processing /home/airflow/.local/lib/python3.12/site-packages/airflow/example_dags/example_xcomargs.py took 0.255 seconds
[2024-06-09T18:53:29.902+0000] {processor.py:161} INFO - Started process (PID=130) to work on /home/airflow/.local/lib/python3.12/site-packages/airflow/example_dags/example_xcomargs.py
[2024-06-09T18:53:29.903+0000] {processor.py:830} INFO - Processing file /home/airflow/.local/lib/python3.12/site-packages/airflow/example_dags/example_xcomargs.py for tasks to queue
[2024-06-09T18:53:29.906+0000] {logging_mixin.py:188} INFO - [2024-06-09T18:53:29.906+0000] {dagbag.py:545} INFO - Filling up the DagBag from /home/airflow/.local/lib/python3.12/site-packages/airflow/example_dags/example_xcomargs.py
[2024-06-09T18:53:29.923+0000] {processor.py:840} INFO - DAG(s) 'example_xcom_args', 'example_xcom_args_with_operators' retrieved from /home/airflow/.local/lib/python3.12/site-packages/airflow/example_dags/example_xcomargs.py
[2024-06-09T18:53:29.951+0000] {logging_mixin.py:188} INFO - [2024-06-09T18:53:29.951+0000] {dag.py:3096} INFO - Sync 2 DAGs
[2024-06-09T18:53:29.965+0000] {logging_mixin.py:188} INFO - [2024-06-09T18:53:29.965+0000] {dag.py:3954} INFO - Setting next_dagrun for example_xcom_args to None, run_after=None
[2024-06-09T18:53:29.969+0000] {logging_mixin.py:188} INFO - [2024-06-09T18:53:29.969+0000] {dag.py:3954} INFO - Setting next_dagrun for example_xcom_args_with_operators to None, run_after=None
[2024-06-09T18:53:29.986+0000] {processor.py:183} INFO - Processing /home/airflow/.local/lib/python3.12/site-packages/airflow/example_dags/example_xcomargs.py took 0.096 seconds
[2024-06-09T18:54:00.438+0000] {processor.py:161} INFO - Started process (PID=188) to work on /home/airflow/.local/lib/python3.12/site-packages/airflow/example_dags/example_xcomargs.py
[2024-06-09T18:54:00.439+0000] {processor.py:830} INFO - Processing file /home/airflow/.local/lib/python3.12/site-packages/airflow/example_dags/example_xcomargs.py for tasks to queue
[2024-06-09T18:54:00.441+0000] {logging_mixin.py:188} INFO - [2024-06-09T18:54:00.440+0000] {dagbag.py:545} INFO - Filling up the DagBag from /home/airflow/.local/lib/python3.12/site-packages/airflow/example_dags/example_xcomargs.py
[2024-06-09T18:54:00.449+0000] {processor.py:840} INFO - DAG(s) 'example_xcom_args_with_operators', 'example_xcom_args' retrieved from /home/airflow/.local/lib/python3.12/site-packages/airflow/example_dags/example_xcomargs.py
[2024-06-09T18:54:00.475+0000] {logging_mixin.py:188} INFO - [2024-06-09T18:54:00.475+0000] {dag.py:3096} INFO - Sync 2 DAGs
[2024-06-09T18:54:00.490+0000] {logging_mixin.py:188} INFO - [2024-06-09T18:54:00.490+0000] {dag.py:3954} INFO - Setting next_dagrun for example_xcom_args to None, run_after=None
[2024-06-09T18:54:00.494+0000] {logging_mixin.py:188} INFO - [2024-06-09T18:54:00.493+0000] {dag.py:3954} INFO - Setting next_dagrun for example_xcom_args_with_operators to None, run_after=None
[2024-06-09T18:54:00.511+0000] {processor.py:183} INFO - Processing /home/airflow/.local/lib/python3.12/site-packages/airflow/example_dags/example_xcomargs.py took 0.078 seconds
[2024-06-09T18:54:30.976+0000] {processor.py:161} INFO - Started process (PID=246) to work on /home/airflow/.local/lib/python3.12/site-packages/airflow/example_dags/example_xcomargs.py
[2024-06-09T18:54:30.977+0000] {processor.py:830} INFO - Processing file /home/airflow/.local/lib/python3.12/site-packages/airflow/example_dags/example_xcomargs.py for tasks to queue
[2024-06-09T18:54:30.979+0000] {logging_mixin.py:188} INFO - [2024-06-09T18:54:30.978+0000] {dagbag.py:545} INFO - Filling up the DagBag from /home/airflow/.local/lib/python3.12/site-packages/airflow/example_dags/example_xcomargs.py
[2024-06-09T18:54:30.989+0000] {processor.py:840} INFO - DAG(s) 'example_xcom_args', 'example_xcom_args_with_operators' retrieved from /home/airflow/.local/lib/python3.12/site-packages/airflow/example_dags/example_xcomargs.py
[2024-06-09T18:54:31.013+0000] {logging_mixin.py:188} INFO - [2024-06-09T18:54:31.013+0000] {dag.py:3096} INFO - Sync 2 DAGs
[2024-06-09T18:54:31.027+0000] {logging_mixin.py:188} INFO - [2024-06-09T18:54:31.027+0000] {dag.py:3954} INFO - Setting next_dagrun for example_xcom_args to None, run_after=None
[2024-06-09T18:54:31.031+0000] {logging_mixin.py:188} INFO - [2024-06-09T18:54:31.031+0000] {dag.py:3954} INFO - Setting next_dagrun for example_xcom_args_with_operators to None, run_after=None
[2024-06-09T18:54:31.048+0000] {processor.py:183} INFO - Processing /home/airflow/.local/lib/python3.12/site-packages/airflow/example_dags/example_xcomargs.py took 0.077 seconds
[2024-06-09T18:55:01.552+0000] {processor.py:161} INFO - Started process (PID=304) to work on /home/airflow/.local/lib/python3.12/site-packages/airflow/example_dags/example_xcomargs.py
[2024-06-09T18:55:01.553+0000] {processor.py:830} INFO - Processing file /home/airflow/.local/lib/python3.12/site-packages/airflow/example_dags/example_xcomargs.py for tasks to queue
[2024-06-09T18:55:01.554+0000] {logging_mixin.py:188} INFO - [2024-06-09T18:55:01.554+0000] {dagbag.py:545} INFO - Filling up the DagBag from /home/airflow/.local/lib/python3.12/site-packages/airflow/example_dags/example_xcomargs.py
[2024-06-09T18:55:01.561+0000] {processor.py:840} INFO - DAG(s) 'example_xcom_args_with_operators', 'example_xcom_args' retrieved from /home/airflow/.local/lib/python3.12/site-packages/airflow/example_dags/example_xcomargs.py
[2024-06-09T18:55:01.589+0000] {logging_mixin.py:188} INFO - [2024-06-09T18:55:01.588+0000] {dag.py:3096} INFO - Sync 2 DAGs
[2024-06-09T18:55:01.603+0000] {logging_mixin.py:188} INFO - [2024-06-09T18:55:01.603+0000] {dag.py:3954} INFO - Setting next_dagrun for example_xcom_args to None, run_after=None
[2024-06-09T18:55:01.607+0000] {logging_mixin.py:188} INFO - [2024-06-09T18:55:01.607+0000] {dag.py:3954} INFO - Setting next_dagrun for example_xcom_args_with_operators to None, run_after=None
[2024-06-09T18:55:01.623+0000] {processor.py:183} INFO - Processing /home/airflow/.local/lib/python3.12/site-packages/airflow/example_dags/example_xcomargs.py took 0.077 seconds
