[2024-06-09T18:52:56.330+0000] {processor.py:161} INFO - Started process (PID=50) to work on /home/airflow/.local/lib/python3.12/site-packages/airflow/example_dags/example_branch_datetime_operator.py
[2024-06-09T18:52:56.330+0000] {processor.py:830} INFO - Processing file /home/airflow/.local/lib/python3.12/site-packages/airflow/example_dags/example_branch_datetime_operator.py for tasks to queue
[2024-06-09T18:52:56.332+0000] {logging_mixin.py:188} INFO - [2024-06-09T18:52:56.331+0000] {dagbag.py:545} INFO - Filling up the DagBag from /home/airflow/.local/lib/python3.12/site-packages/airflow/example_dags/example_branch_datetime_operator.py
[2024-06-09T18:52:56.348+0000] {processor.py:840} INFO - DAG(s) 'example_branch_datetime_operator', 'example_branch_datetime_operator_3', 'example_branch_datetime_operator_2' retrieved from /home/airflow/.local/lib/python3.12/site-packages/airflow/example_dags/example_branch_datetime_operator.py
[2024-06-09T18:52:56.504+0000] {logging_mixin.py:188} INFO - [2024-06-09T18:52:56.503+0000] {override.py:1829} INFO - Created Permission View: can read on DAG:example_branch_datetime_operator
[2024-06-09T18:52:56.516+0000] {logging_mixin.py:188} INFO - [2024-06-09T18:52:56.515+0000] {override.py:1829} INFO - Created Permission View: can edit on DAG:example_branch_datetime_operator
[2024-06-09T18:52:56.525+0000] {logging_mixin.py:188} INFO - [2024-06-09T18:52:56.524+0000] {override.py:1829} INFO - Created Permission View: can delete on DAG:example_branch_datetime_operator
[2024-06-09T18:52:56.542+0000] {logging_mixin.py:188} INFO - [2024-06-09T18:52:56.541+0000] {override.py:1829} INFO - Created Permission View: can read on DAG:example_branch_datetime_operator_3
[2024-06-09T18:52:56.551+0000] {logging_mixin.py:188} INFO - [2024-06-09T18:52:56.550+0000] {override.py:1829} INFO - Created Permission View: can edit on DAG:example_branch_datetime_operator_3
[2024-06-09T18:52:56.559+0000] {logging_mixin.py:188} INFO - [2024-06-09T18:52:56.558+0000] {override.py:1829} INFO - Created Permission View: can delete on DAG:example_branch_datetime_operator_3
[2024-06-09T18:52:56.576+0000] {logging_mixin.py:188} INFO - [2024-06-09T18:52:56.576+0000] {override.py:1829} INFO - Created Permission View: can read on DAG:example_branch_datetime_operator_2
[2024-06-09T18:52:56.596+0000] {logging_mixin.py:188} INFO - [2024-06-09T18:52:56.596+0000] {override.py:1829} INFO - Created Permission View: can edit on DAG:example_branch_datetime_operator_2
[2024-06-09T18:52:56.607+0000] {logging_mixin.py:188} INFO - [2024-06-09T18:52:56.607+0000] {override.py:1829} INFO - Created Permission View: can delete on DAG:example_branch_datetime_operator_2
[2024-06-09T18:52:56.608+0000] {logging_mixin.py:188} INFO - [2024-06-09T18:52:56.607+0000] {dag.py:3096} INFO - Sync 3 DAGs
[2024-06-09T18:52:56.624+0000] {logging_mixin.py:188} INFO - [2024-06-09T18:52:56.624+0000] {dag.py:3118} INFO - Creating ORM DAG for example_branch_datetime_operator_3
[2024-06-09T18:52:56.625+0000] {logging_mixin.py:188} INFO - [2024-06-09T18:52:56.625+0000] {dag.py:3118} INFO - Creating ORM DAG for example_branch_datetime_operator
[2024-06-09T18:52:56.626+0000] {logging_mixin.py:188} INFO - [2024-06-09T18:52:56.625+0000] {dag.py:3118} INFO - Creating ORM DAG for example_branch_datetime_operator_2
[2024-06-09T18:52:56.641+0000] {logging_mixin.py:188} INFO - [2024-06-09T18:52:56.641+0000] {dag.py:3954} INFO - Setting next_dagrun for example_branch_datetime_operator to 2024-06-08 00:00:00+00:00, run_after=2024-06-09 00:00:00+00:00
[2024-06-09T18:52:56.643+0000] {logging_mixin.py:188} INFO - [2024-06-09T18:52:56.643+0000] {dag.py:3954} INFO - Setting next_dagrun for example_branch_datetime_operator_2 to 2024-06-08 00:00:00+00:00, run_after=2024-06-09 00:00:00+00:00
[2024-06-09T18:52:56.645+0000] {logging_mixin.py:188} INFO - [2024-06-09T18:52:56.645+0000] {dag.py:3954} INFO - Setting next_dagrun for example_branch_datetime_operator_3 to 2024-06-08 00:00:00+00:00, run_after=2024-06-09 00:00:00+00:00
[2024-06-09T18:52:56.664+0000] {processor.py:183} INFO - Processing /home/airflow/.local/lib/python3.12/site-packages/airflow/example_dags/example_branch_datetime_operator.py took 0.340 seconds
[2024-06-09T18:53:27.351+0000] {processor.py:161} INFO - Started process (PID=108) to work on /home/airflow/.local/lib/python3.12/site-packages/airflow/example_dags/example_branch_datetime_operator.py
[2024-06-09T18:53:27.353+0000] {processor.py:830} INFO - Processing file /home/airflow/.local/lib/python3.12/site-packages/airflow/example_dags/example_branch_datetime_operator.py for tasks to queue
[2024-06-09T18:53:27.355+0000] {logging_mixin.py:188} INFO - [2024-06-09T18:53:27.354+0000] {dagbag.py:545} INFO - Filling up the DagBag from /home/airflow/.local/lib/python3.12/site-packages/airflow/example_dags/example_branch_datetime_operator.py
[2024-06-09T18:53:27.365+0000] {processor.py:840} INFO - DAG(s) 'example_branch_datetime_operator', 'example_branch_datetime_operator_2', 'example_branch_datetime_operator_3' retrieved from /home/airflow/.local/lib/python3.12/site-packages/airflow/example_dags/example_branch_datetime_operator.py
[2024-06-09T18:53:27.397+0000] {logging_mixin.py:188} INFO - [2024-06-09T18:53:27.396+0000] {dag.py:3096} INFO - Sync 3 DAGs
[2024-06-09T18:53:27.423+0000] {logging_mixin.py:188} INFO - [2024-06-09T18:53:27.422+0000] {dag.py:3954} INFO - Setting next_dagrun for example_branch_datetime_operator to 2024-06-08 00:00:00+00:00, run_after=2024-06-09 00:00:00+00:00
[2024-06-09T18:53:27.428+0000] {logging_mixin.py:188} INFO - [2024-06-09T18:53:27.427+0000] {dag.py:3954} INFO - Setting next_dagrun for example_branch_datetime_operator_2 to 2024-06-08 00:00:00+00:00, run_after=2024-06-09 00:00:00+00:00
[2024-06-09T18:53:27.430+0000] {logging_mixin.py:188} INFO - [2024-06-09T18:53:27.430+0000] {dag.py:3954} INFO - Setting next_dagrun for example_branch_datetime_operator_3 to 2024-06-08 00:00:00+00:00, run_after=2024-06-09 00:00:00+00:00
[2024-06-09T18:53:27.458+0000] {processor.py:183} INFO - Processing /home/airflow/.local/lib/python3.12/site-packages/airflow/example_dags/example_branch_datetime_operator.py took 0.114 seconds
[2024-06-09T18:53:57.905+0000] {processor.py:161} INFO - Started process (PID=166) to work on /home/airflow/.local/lib/python3.12/site-packages/airflow/example_dags/example_branch_datetime_operator.py
[2024-06-09T18:53:57.906+0000] {processor.py:830} INFO - Processing file /home/airflow/.local/lib/python3.12/site-packages/airflow/example_dags/example_branch_datetime_operator.py for tasks to queue
[2024-06-09T18:53:57.908+0000] {logging_mixin.py:188} INFO - [2024-06-09T18:53:57.907+0000] {dagbag.py:545} INFO - Filling up the DagBag from /home/airflow/.local/lib/python3.12/site-packages/airflow/example_dags/example_branch_datetime_operator.py
[2024-06-09T18:53:57.919+0000] {processor.py:840} INFO - DAG(s) 'example_branch_datetime_operator_3', 'example_branch_datetime_operator_2', 'example_branch_datetime_operator' retrieved from /home/airflow/.local/lib/python3.12/site-packages/airflow/example_dags/example_branch_datetime_operator.py
[2024-06-09T18:53:57.963+0000] {logging_mixin.py:188} INFO - [2024-06-09T18:53:57.963+0000] {dag.py:3096} INFO - Sync 3 DAGs
[2024-06-09T18:53:57.990+0000] {logging_mixin.py:188} INFO - [2024-06-09T18:53:57.990+0000] {dag.py:3954} INFO - Setting next_dagrun for example_branch_datetime_operator to 2024-06-08 00:00:00+00:00, run_after=2024-06-09 00:00:00+00:00
[2024-06-09T18:53:57.997+0000] {logging_mixin.py:188} INFO - [2024-06-09T18:53:57.996+0000] {dag.py:3954} INFO - Setting next_dagrun for example_branch_datetime_operator_2 to 2024-06-08 00:00:00+00:00, run_after=2024-06-09 00:00:00+00:00
[2024-06-09T18:53:57.999+0000] {logging_mixin.py:188} INFO - [2024-06-09T18:53:57.999+0000] {dag.py:3954} INFO - Setting next_dagrun for example_branch_datetime_operator_3 to 2024-06-08 00:00:00+00:00, run_after=2024-06-09 00:00:00+00:00
[2024-06-09T18:53:58.016+0000] {processor.py:183} INFO - Processing /home/airflow/.local/lib/python3.12/site-packages/airflow/example_dags/example_branch_datetime_operator.py took 0.117 seconds
[2024-06-09T18:54:28.354+0000] {processor.py:161} INFO - Started process (PID=224) to work on /home/airflow/.local/lib/python3.12/site-packages/airflow/example_dags/example_branch_datetime_operator.py
[2024-06-09T18:54:28.355+0000] {processor.py:830} INFO - Processing file /home/airflow/.local/lib/python3.12/site-packages/airflow/example_dags/example_branch_datetime_operator.py for tasks to queue
[2024-06-09T18:54:28.357+0000] {logging_mixin.py:188} INFO - [2024-06-09T18:54:28.356+0000] {dagbag.py:545} INFO - Filling up the DagBag from /home/airflow/.local/lib/python3.12/site-packages/airflow/example_dags/example_branch_datetime_operator.py
[2024-06-09T18:54:28.367+0000] {processor.py:840} INFO - DAG(s) 'example_branch_datetime_operator', 'example_branch_datetime_operator_2', 'example_branch_datetime_operator_3' retrieved from /home/airflow/.local/lib/python3.12/site-packages/airflow/example_dags/example_branch_datetime_operator.py
[2024-06-09T18:54:28.396+0000] {logging_mixin.py:188} INFO - [2024-06-09T18:54:28.395+0000] {dag.py:3096} INFO - Sync 3 DAGs
[2024-06-09T18:54:28.420+0000] {logging_mixin.py:188} INFO - [2024-06-09T18:54:28.420+0000] {dag.py:3954} INFO - Setting next_dagrun for example_branch_datetime_operator to 2024-06-08 00:00:00+00:00, run_after=2024-06-09 00:00:00+00:00
[2024-06-09T18:54:28.426+0000] {logging_mixin.py:188} INFO - [2024-06-09T18:54:28.426+0000] {dag.py:3954} INFO - Setting next_dagrun for example_branch_datetime_operator_2 to 2024-06-08 00:00:00+00:00, run_after=2024-06-09 00:00:00+00:00
[2024-06-09T18:54:28.429+0000] {logging_mixin.py:188} INFO - [2024-06-09T18:54:28.429+0000] {dag.py:3954} INFO - Setting next_dagrun for example_branch_datetime_operator_3 to 2024-06-08 00:00:00+00:00, run_after=2024-06-09 00:00:00+00:00
[2024-06-09T18:54:28.446+0000] {processor.py:183} INFO - Processing /home/airflow/.local/lib/python3.12/site-packages/airflow/example_dags/example_branch_datetime_operator.py took 0.098 seconds
[2024-06-09T18:54:58.851+0000] {processor.py:161} INFO - Started process (PID=282) to work on /home/airflow/.local/lib/python3.12/site-packages/airflow/example_dags/example_branch_datetime_operator.py
[2024-06-09T18:54:58.852+0000] {processor.py:830} INFO - Processing file /home/airflow/.local/lib/python3.12/site-packages/airflow/example_dags/example_branch_datetime_operator.py for tasks to queue
[2024-06-09T18:54:58.854+0000] {logging_mixin.py:188} INFO - [2024-06-09T18:54:58.853+0000] {dagbag.py:545} INFO - Filling up the DagBag from /home/airflow/.local/lib/python3.12/site-packages/airflow/example_dags/example_branch_datetime_operator.py
[2024-06-09T18:54:58.866+0000] {processor.py:840} INFO - DAG(s) 'example_branch_datetime_operator_2', 'example_branch_datetime_operator', 'example_branch_datetime_operator_3' retrieved from /home/airflow/.local/lib/python3.12/site-packages/airflow/example_dags/example_branch_datetime_operator.py
[2024-06-09T18:54:58.901+0000] {logging_mixin.py:188} INFO - [2024-06-09T18:54:58.900+0000] {dag.py:3096} INFO - Sync 3 DAGs
[2024-06-09T18:54:58.935+0000] {logging_mixin.py:188} INFO - [2024-06-09T18:54:58.935+0000] {dag.py:3954} INFO - Setting next_dagrun for example_branch_datetime_operator to 2024-06-08 00:00:00+00:00, run_after=2024-06-09 00:00:00+00:00
[2024-06-09T18:54:58.943+0000] {logging_mixin.py:188} INFO - [2024-06-09T18:54:58.943+0000] {dag.py:3954} INFO - Setting next_dagrun for example_branch_datetime_operator_2 to 2024-06-08 00:00:00+00:00, run_after=2024-06-09 00:00:00+00:00
[2024-06-09T18:54:58.946+0000] {logging_mixin.py:188} INFO - [2024-06-09T18:54:58.946+0000] {dag.py:3954} INFO - Setting next_dagrun for example_branch_datetime_operator_3 to 2024-06-08 00:00:00+00:00, run_after=2024-06-09 00:00:00+00:00
[2024-06-09T18:54:58.964+0000] {processor.py:183} INFO - Processing /home/airflow/.local/lib/python3.12/site-packages/airflow/example_dags/example_branch_datetime_operator.py took 0.121 seconds
