[2024-06-09T18:52:57.089+0000] {processor.py:161} INFO - Started process (PID=55) to work on /home/airflow/.local/lib/python3.12/site-packages/airflow/example_dags/example_task_group.py
[2024-06-09T18:52:57.090+0000] {processor.py:830} INFO - Processing file /home/airflow/.local/lib/python3.12/site-packages/airflow/example_dags/example_task_group.py for tasks to queue
[2024-06-09T18:52:57.092+0000] {logging_mixin.py:188} INFO - [2024-06-09T18:52:57.091+0000] {dagbag.py:545} INFO - Filling up the DagBag from /home/airflow/.local/lib/python3.12/site-packages/airflow/example_dags/example_task_group.py
[2024-06-09T18:52:57.103+0000] {processor.py:840} INFO - DAG(s) 'example_task_group' retrieved from /home/airflow/.local/lib/python3.12/site-packages/airflow/example_dags/example_task_group.py
[2024-06-09T18:52:57.248+0000] {logging_mixin.py:188} INFO - [2024-06-09T18:52:57.247+0000] {override.py:1829} INFO - Created Permission View: can read on DAG:example_task_group
[2024-06-09T18:52:57.260+0000] {logging_mixin.py:188} INFO - [2024-06-09T18:52:57.260+0000] {override.py:1829} INFO - Created Permission View: can edit on DAG:example_task_group
[2024-06-09T18:52:57.267+0000] {logging_mixin.py:188} INFO - [2024-06-09T18:52:57.267+0000] {override.py:1829} INFO - Created Permission View: can delete on DAG:example_task_group
[2024-06-09T18:52:57.268+0000] {logging_mixin.py:188} INFO - [2024-06-09T18:52:57.267+0000] {dag.py:3096} INFO - Sync 1 DAGs
[2024-06-09T18:52:57.281+0000] {logging_mixin.py:188} INFO - [2024-06-09T18:52:57.280+0000] {dag.py:3118} INFO - Creating ORM DAG for example_task_group
[2024-06-09T18:52:57.293+0000] {logging_mixin.py:188} INFO - [2024-06-09T18:52:57.293+0000] {dag.py:3954} INFO - Setting next_dagrun for example_task_group to 2024-06-08 00:00:00+00:00, run_after=2024-06-09 00:00:00+00:00
[2024-06-09T18:52:57.312+0000] {processor.py:183} INFO - Processing /home/airflow/.local/lib/python3.12/site-packages/airflow/example_dags/example_task_group.py took 0.230 seconds
[2024-06-09T18:53:27.690+0000] {processor.py:161} INFO - Started process (PID=113) to work on /home/airflow/.local/lib/python3.12/site-packages/airflow/example_dags/example_task_group.py
[2024-06-09T18:53:27.692+0000] {processor.py:830} INFO - Processing file /home/airflow/.local/lib/python3.12/site-packages/airflow/example_dags/example_task_group.py for tasks to queue
[2024-06-09T18:53:27.696+0000] {logging_mixin.py:188} INFO - [2024-06-09T18:53:27.695+0000] {dagbag.py:545} INFO - Filling up the DagBag from /home/airflow/.local/lib/python3.12/site-packages/airflow/example_dags/example_task_group.py
[2024-06-09T18:53:27.712+0000] {processor.py:840} INFO - DAG(s) 'example_task_group' retrieved from /home/airflow/.local/lib/python3.12/site-packages/airflow/example_dags/example_task_group.py
[2024-06-09T18:53:27.739+0000] {logging_mixin.py:188} INFO - [2024-06-09T18:53:27.739+0000] {dag.py:3096} INFO - Sync 1 DAGs
[2024-06-09T18:53:27.764+0000] {logging_mixin.py:188} INFO - [2024-06-09T18:53:27.764+0000] {dag.py:3954} INFO - Setting next_dagrun for example_task_group to 2024-06-08 00:00:00+00:00, run_after=2024-06-09 00:00:00+00:00
[2024-06-09T18:53:27.786+0000] {processor.py:183} INFO - Processing /home/airflow/.local/lib/python3.12/site-packages/airflow/example_dags/example_task_group.py took 0.109 seconds
[2024-06-09T18:53:58.277+0000] {processor.py:161} INFO - Started process (PID=171) to work on /home/airflow/.local/lib/python3.12/site-packages/airflow/example_dags/example_task_group.py
[2024-06-09T18:53:58.279+0000] {processor.py:830} INFO - Processing file /home/airflow/.local/lib/python3.12/site-packages/airflow/example_dags/example_task_group.py for tasks to queue
[2024-06-09T18:53:58.282+0000] {logging_mixin.py:188} INFO - [2024-06-09T18:53:58.281+0000] {dagbag.py:545} INFO - Filling up the DagBag from /home/airflow/.local/lib/python3.12/site-packages/airflow/example_dags/example_task_group.py
[2024-06-09T18:53:58.298+0000] {processor.py:840} INFO - DAG(s) 'example_task_group' retrieved from /home/airflow/.local/lib/python3.12/site-packages/airflow/example_dags/example_task_group.py
[2024-06-09T18:53:58.328+0000] {logging_mixin.py:188} INFO - [2024-06-09T18:53:58.328+0000] {dag.py:3096} INFO - Sync 1 DAGs
[2024-06-09T18:53:58.352+0000] {logging_mixin.py:188} INFO - [2024-06-09T18:53:58.352+0000] {dag.py:3954} INFO - Setting next_dagrun for example_task_group to 2024-06-08 00:00:00+00:00, run_after=2024-06-09 00:00:00+00:00
[2024-06-09T18:53:58.370+0000] {processor.py:183} INFO - Processing /home/airflow/.local/lib/python3.12/site-packages/airflow/example_dags/example_task_group.py took 0.105 seconds
[2024-06-09T18:54:28.656+0000] {processor.py:161} INFO - Started process (PID=229) to work on /home/airflow/.local/lib/python3.12/site-packages/airflow/example_dags/example_task_group.py
[2024-06-09T18:54:28.657+0000] {processor.py:830} INFO - Processing file /home/airflow/.local/lib/python3.12/site-packages/airflow/example_dags/example_task_group.py for tasks to queue
[2024-06-09T18:54:28.658+0000] {logging_mixin.py:188} INFO - [2024-06-09T18:54:28.658+0000] {dagbag.py:545} INFO - Filling up the DagBag from /home/airflow/.local/lib/python3.12/site-packages/airflow/example_dags/example_task_group.py
[2024-06-09T18:54:28.665+0000] {processor.py:840} INFO - DAG(s) 'example_task_group' retrieved from /home/airflow/.local/lib/python3.12/site-packages/airflow/example_dags/example_task_group.py
[2024-06-09T18:54:28.688+0000] {logging_mixin.py:188} INFO - [2024-06-09T18:54:28.687+0000] {dag.py:3096} INFO - Sync 1 DAGs
[2024-06-09T18:54:28.712+0000] {logging_mixin.py:188} INFO - [2024-06-09T18:54:28.712+0000] {dag.py:3954} INFO - Setting next_dagrun for example_task_group to 2024-06-08 00:00:00+00:00, run_after=2024-06-09 00:00:00+00:00
[2024-06-09T18:54:28.733+0000] {processor.py:183} INFO - Processing /home/airflow/.local/lib/python3.12/site-packages/airflow/example_dags/example_task_group.py took 0.082 seconds
[2024-06-09T18:54:59.150+0000] {processor.py:161} INFO - Started process (PID=287) to work on /home/airflow/.local/lib/python3.12/site-packages/airflow/example_dags/example_task_group.py
[2024-06-09T18:54:59.152+0000] {processor.py:830} INFO - Processing file /home/airflow/.local/lib/python3.12/site-packages/airflow/example_dags/example_task_group.py for tasks to queue
[2024-06-09T18:54:59.155+0000] {logging_mixin.py:188} INFO - [2024-06-09T18:54:59.154+0000] {dagbag.py:545} INFO - Filling up the DagBag from /home/airflow/.local/lib/python3.12/site-packages/airflow/example_dags/example_task_group.py
[2024-06-09T18:54:59.168+0000] {processor.py:840} INFO - DAG(s) 'example_task_group' retrieved from /home/airflow/.local/lib/python3.12/site-packages/airflow/example_dags/example_task_group.py
[2024-06-09T18:54:59.192+0000] {logging_mixin.py:188} INFO - [2024-06-09T18:54:59.192+0000] {dag.py:3096} INFO - Sync 1 DAGs
[2024-06-09T18:54:59.219+0000] {logging_mixin.py:188} INFO - [2024-06-09T18:54:59.218+0000] {dag.py:3954} INFO - Setting next_dagrun for example_task_group to 2024-06-08 00:00:00+00:00, run_after=2024-06-09 00:00:00+00:00
[2024-06-09T18:54:59.239+0000] {processor.py:183} INFO - Processing /home/airflow/.local/lib/python3.12/site-packages/airflow/example_dags/example_task_group.py took 0.101 seconds
