[2024-06-09T18:53:00.657+0000] {processor.py:161} INFO - Started process (PID=81) to work on /home/airflow/.local/lib/python3.12/site-packages/airflow/example_dags/tutorial_objectstorage.py
[2024-06-09T18:53:00.658+0000] {processor.py:830} INFO - Processing file /home/airflow/.local/lib/python3.12/site-packages/airflow/example_dags/tutorial_objectstorage.py for tasks to queue
[2024-06-09T18:53:00.660+0000] {logging_mixin.py:188} INFO - [2024-06-09T18:53:00.659+0000] {dagbag.py:545} INFO - Filling up the DagBag from /home/airflow/.local/lib/python3.12/site-packages/airflow/example_dags/tutorial_objectstorage.py
[2024-06-09T18:53:00.667+0000] {processor.py:840} INFO - DAG(s) 'tutorial_objectstorage' retrieved from /home/airflow/.local/lib/python3.12/site-packages/airflow/example_dags/tutorial_objectstorage.py
[2024-06-09T18:53:00.780+0000] {logging_mixin.py:188} INFO - [2024-06-09T18:53:00.779+0000] {override.py:1829} INFO - Created Permission View: can read on DAG:tutorial_objectstorage
[2024-06-09T18:53:00.789+0000] {logging_mixin.py:188} INFO - [2024-06-09T18:53:00.789+0000] {override.py:1829} INFO - Created Permission View: can edit on DAG:tutorial_objectstorage
[2024-06-09T18:53:00.795+0000] {logging_mixin.py:188} INFO - [2024-06-09T18:53:00.795+0000] {override.py:1829} INFO - Created Permission View: can delete on DAG:tutorial_objectstorage
[2024-06-09T18:53:00.796+0000] {logging_mixin.py:188} INFO - [2024-06-09T18:53:00.795+0000] {dag.py:3096} INFO - Sync 1 DAGs
[2024-06-09T18:53:00.807+0000] {logging_mixin.py:188} INFO - [2024-06-09T18:53:00.807+0000] {dag.py:3118} INFO - Creating ORM DAG for tutorial_objectstorage
[2024-06-09T18:53:00.808+0000] {logging_mixin.py:188} INFO - [2024-06-09T18:53:00.807+0000] {dag.py:3954} INFO - Setting next_dagrun for tutorial_objectstorage to None, run_after=None
[2024-06-09T18:53:00.823+0000] {processor.py:183} INFO - Processing /home/airflow/.local/lib/python3.12/site-packages/airflow/example_dags/tutorial_objectstorage.py took 0.172 seconds
[2024-06-09T18:53:31.524+0000] {processor.py:161} INFO - Started process (PID=139) to work on /home/airflow/.local/lib/python3.12/site-packages/airflow/example_dags/tutorial_objectstorage.py
[2024-06-09T18:53:31.525+0000] {processor.py:830} INFO - Processing file /home/airflow/.local/lib/python3.12/site-packages/airflow/example_dags/tutorial_objectstorage.py for tasks to queue
[2024-06-09T18:53:31.527+0000] {logging_mixin.py:188} INFO - [2024-06-09T18:53:31.526+0000] {dagbag.py:545} INFO - Filling up the DagBag from /home/airflow/.local/lib/python3.12/site-packages/airflow/example_dags/tutorial_objectstorage.py
[2024-06-09T18:53:31.532+0000] {processor.py:840} INFO - DAG(s) 'tutorial_objectstorage' retrieved from /home/airflow/.local/lib/python3.12/site-packages/airflow/example_dags/tutorial_objectstorage.py
[2024-06-09T18:53:31.551+0000] {logging_mixin.py:188} INFO - [2024-06-09T18:53:31.551+0000] {dag.py:3096} INFO - Sync 1 DAGs
[2024-06-09T18:53:31.564+0000] {logging_mixin.py:188} INFO - [2024-06-09T18:53:31.563+0000] {dag.py:3954} INFO - Setting next_dagrun for tutorial_objectstorage to None, run_after=None
[2024-06-09T18:53:31.601+0000] {processor.py:183} INFO - Processing /home/airflow/.local/lib/python3.12/site-packages/airflow/example_dags/tutorial_objectstorage.py took 0.082 seconds
[2024-06-09T18:54:01.988+0000] {processor.py:161} INFO - Started process (PID=197) to work on /home/airflow/.local/lib/python3.12/site-packages/airflow/example_dags/tutorial_objectstorage.py
[2024-06-09T18:54:01.988+0000] {processor.py:830} INFO - Processing file /home/airflow/.local/lib/python3.12/site-packages/airflow/example_dags/tutorial_objectstorage.py for tasks to queue
[2024-06-09T18:54:01.990+0000] {logging_mixin.py:188} INFO - [2024-06-09T18:54:01.990+0000] {dagbag.py:545} INFO - Filling up the DagBag from /home/airflow/.local/lib/python3.12/site-packages/airflow/example_dags/tutorial_objectstorage.py
[2024-06-09T18:54:01.997+0000] {processor.py:840} INFO - DAG(s) 'tutorial_objectstorage' retrieved from /home/airflow/.local/lib/python3.12/site-packages/airflow/example_dags/tutorial_objectstorage.py
[2024-06-09T18:54:02.015+0000] {logging_mixin.py:188} INFO - [2024-06-09T18:54:02.015+0000] {dag.py:3096} INFO - Sync 1 DAGs
[2024-06-09T18:54:02.030+0000] {logging_mixin.py:188} INFO - [2024-06-09T18:54:02.030+0000] {dag.py:3954} INFO - Setting next_dagrun for tutorial_objectstorage to None, run_after=None
[2024-06-09T18:54:02.049+0000] {processor.py:183} INFO - Processing /home/airflow/.local/lib/python3.12/site-packages/airflow/example_dags/tutorial_objectstorage.py took 0.068 seconds
[2024-06-09T18:54:32.563+0000] {processor.py:161} INFO - Started process (PID=255) to work on /home/airflow/.local/lib/python3.12/site-packages/airflow/example_dags/tutorial_objectstorage.py
[2024-06-09T18:54:32.564+0000] {processor.py:830} INFO - Processing file /home/airflow/.local/lib/python3.12/site-packages/airflow/example_dags/tutorial_objectstorage.py for tasks to queue
[2024-06-09T18:54:32.565+0000] {logging_mixin.py:188} INFO - [2024-06-09T18:54:32.565+0000] {dagbag.py:545} INFO - Filling up the DagBag from /home/airflow/.local/lib/python3.12/site-packages/airflow/example_dags/tutorial_objectstorage.py
[2024-06-09T18:54:32.572+0000] {processor.py:840} INFO - DAG(s) 'tutorial_objectstorage' retrieved from /home/airflow/.local/lib/python3.12/site-packages/airflow/example_dags/tutorial_objectstorage.py
[2024-06-09T18:54:32.596+0000] {logging_mixin.py:188} INFO - [2024-06-09T18:54:32.596+0000] {dag.py:3096} INFO - Sync 1 DAGs
[2024-06-09T18:54:32.610+0000] {logging_mixin.py:188} INFO - [2024-06-09T18:54:32.609+0000] {dag.py:3954} INFO - Setting next_dagrun for tutorial_objectstorage to None, run_after=None
[2024-06-09T18:54:32.628+0000] {processor.py:183} INFO - Processing /home/airflow/.local/lib/python3.12/site-packages/airflow/example_dags/tutorial_objectstorage.py took 0.071 seconds
[2024-06-09T18:55:03.159+0000] {processor.py:161} INFO - Started process (PID=313) to work on /home/airflow/.local/lib/python3.12/site-packages/airflow/example_dags/tutorial_objectstorage.py
[2024-06-09T18:55:03.159+0000] {processor.py:830} INFO - Processing file /home/airflow/.local/lib/python3.12/site-packages/airflow/example_dags/tutorial_objectstorage.py for tasks to queue
[2024-06-09T18:55:03.161+0000] {logging_mixin.py:188} INFO - [2024-06-09T18:55:03.161+0000] {dagbag.py:545} INFO - Filling up the DagBag from /home/airflow/.local/lib/python3.12/site-packages/airflow/example_dags/tutorial_objectstorage.py
[2024-06-09T18:55:03.168+0000] {processor.py:840} INFO - DAG(s) 'tutorial_objectstorage' retrieved from /home/airflow/.local/lib/python3.12/site-packages/airflow/example_dags/tutorial_objectstorage.py
[2024-06-09T18:55:03.191+0000] {logging_mixin.py:188} INFO - [2024-06-09T18:55:03.191+0000] {dag.py:3096} INFO - Sync 1 DAGs
[2024-06-09T18:55:03.205+0000] {logging_mixin.py:188} INFO - [2024-06-09T18:55:03.205+0000] {dag.py:3954} INFO - Setting next_dagrun for tutorial_objectstorage to None, run_after=None
[2024-06-09T18:55:03.225+0000] {processor.py:183} INFO - Processing /home/airflow/.local/lib/python3.12/site-packages/airflow/example_dags/tutorial_objectstorage.py took 0.072 seconds
