[2024-06-09T18:52:58.732+0000] {processor.py:161} INFO - Started process (PID=68) to work on /home/airflow/.local/lib/python3.12/site-packages/airflow/example_dags/tutorial.py
[2024-06-09T18:52:58.732+0000] {processor.py:830} INFO - Processing file /home/airflow/.local/lib/python3.12/site-packages/airflow/example_dags/tutorial.py for tasks to queue
[2024-06-09T18:52:58.734+0000] {logging_mixin.py:188} INFO - [2024-06-09T18:52:58.734+0000] {dagbag.py:545} INFO - Filling up the DagBag from /home/airflow/.local/lib/python3.12/site-packages/airflow/example_dags/tutorial.py
[2024-06-09T18:52:58.741+0000] {processor.py:840} INFO - DAG(s) 'tutorial' retrieved from /home/airflow/.local/lib/python3.12/site-packages/airflow/example_dags/tutorial.py
[2024-06-09T18:52:58.869+0000] {logging_mixin.py:188} INFO - [2024-06-09T18:52:58.868+0000] {override.py:1829} INFO - Created Permission View: can read on DAG:tutorial
[2024-06-09T18:52:58.879+0000] {logging_mixin.py:188} INFO - [2024-06-09T18:52:58.879+0000] {override.py:1829} INFO - Created Permission View: can edit on DAG:tutorial
[2024-06-09T18:52:58.900+0000] {logging_mixin.py:188} INFO - [2024-06-09T18:52:58.900+0000] {override.py:1829} INFO - Created Permission View: can delete on DAG:tutorial
[2024-06-09T18:52:58.901+0000] {logging_mixin.py:188} INFO - [2024-06-09T18:52:58.901+0000] {dag.py:3096} INFO - Sync 1 DAGs
[2024-06-09T18:52:58.912+0000] {logging_mixin.py:188} INFO - [2024-06-09T18:52:58.911+0000] {dag.py:3118} INFO - Creating ORM DAG for tutorial
[2024-06-09T18:52:58.924+0000] {logging_mixin.py:188} INFO - [2024-06-09T18:52:58.924+0000] {dag.py:3954} INFO - Setting next_dagrun for tutorial to 2024-06-08 00:00:00+00:00, run_after=2024-06-09 00:00:00+00:00
[2024-06-09T18:52:58.940+0000] {processor.py:183} INFO - Processing /home/airflow/.local/lib/python3.12/site-packages/airflow/example_dags/tutorial.py took 0.214 seconds
[2024-06-09T18:53:29.655+0000] {processor.py:161} INFO - Started process (PID=126) to work on /home/airflow/.local/lib/python3.12/site-packages/airflow/example_dags/tutorial.py
[2024-06-09T18:53:29.656+0000] {processor.py:830} INFO - Processing file /home/airflow/.local/lib/python3.12/site-packages/airflow/example_dags/tutorial.py for tasks to queue
[2024-06-09T18:53:29.658+0000] {logging_mixin.py:188} INFO - [2024-06-09T18:53:29.658+0000] {dagbag.py:545} INFO - Filling up the DagBag from /home/airflow/.local/lib/python3.12/site-packages/airflow/example_dags/tutorial.py
[2024-06-09T18:53:29.664+0000] {processor.py:840} INFO - DAG(s) 'tutorial' retrieved from /home/airflow/.local/lib/python3.12/site-packages/airflow/example_dags/tutorial.py
[2024-06-09T18:53:29.687+0000] {logging_mixin.py:188} INFO - [2024-06-09T18:53:29.687+0000] {dag.py:3096} INFO - Sync 1 DAGs
[2024-06-09T18:53:29.712+0000] {logging_mixin.py:188} INFO - [2024-06-09T18:53:29.712+0000] {dag.py:3954} INFO - Setting next_dagrun for tutorial to 2024-06-08 00:00:00+00:00, run_after=2024-06-09 00:00:00+00:00
[2024-06-09T18:53:29.732+0000] {processor.py:183} INFO - Processing /home/airflow/.local/lib/python3.12/site-packages/airflow/example_dags/tutorial.py took 0.084 seconds
[2024-06-09T18:54:00.088+0000] {processor.py:161} INFO - Started process (PID=184) to work on /home/airflow/.local/lib/python3.12/site-packages/airflow/example_dags/tutorial.py
[2024-06-09T18:54:00.089+0000] {processor.py:830} INFO - Processing file /home/airflow/.local/lib/python3.12/site-packages/airflow/example_dags/tutorial.py for tasks to queue
[2024-06-09T18:54:00.091+0000] {logging_mixin.py:188} INFO - [2024-06-09T18:54:00.090+0000] {dagbag.py:545} INFO - Filling up the DagBag from /home/airflow/.local/lib/python3.12/site-packages/airflow/example_dags/tutorial.py
[2024-06-09T18:54:00.096+0000] {processor.py:840} INFO - DAG(s) 'tutorial' retrieved from /home/airflow/.local/lib/python3.12/site-packages/airflow/example_dags/tutorial.py
[2024-06-09T18:54:00.131+0000] {logging_mixin.py:188} INFO - [2024-06-09T18:54:00.131+0000] {dag.py:3096} INFO - Sync 1 DAGs
[2024-06-09T18:54:00.162+0000] {logging_mixin.py:188} INFO - [2024-06-09T18:54:00.162+0000] {dag.py:3954} INFO - Setting next_dagrun for tutorial to 2024-06-08 00:00:00+00:00, run_after=2024-06-09 00:00:00+00:00
[2024-06-09T18:54:00.185+0000] {processor.py:183} INFO - Processing /home/airflow/.local/lib/python3.12/site-packages/airflow/example_dags/tutorial.py took 0.103 seconds
[2024-06-09T18:54:30.602+0000] {processor.py:161} INFO - Started process (PID=242) to work on /home/airflow/.local/lib/python3.12/site-packages/airflow/example_dags/tutorial.py
[2024-06-09T18:54:30.604+0000] {processor.py:830} INFO - Processing file /home/airflow/.local/lib/python3.12/site-packages/airflow/example_dags/tutorial.py for tasks to queue
[2024-06-09T18:54:30.606+0000] {logging_mixin.py:188} INFO - [2024-06-09T18:54:30.606+0000] {dagbag.py:545} INFO - Filling up the DagBag from /home/airflow/.local/lib/python3.12/site-packages/airflow/example_dags/tutorial.py
[2024-06-09T18:54:30.611+0000] {processor.py:840} INFO - DAG(s) 'tutorial' retrieved from /home/airflow/.local/lib/python3.12/site-packages/airflow/example_dags/tutorial.py
[2024-06-09T18:54:30.633+0000] {logging_mixin.py:188} INFO - [2024-06-09T18:54:30.633+0000] {dag.py:3096} INFO - Sync 1 DAGs
[2024-06-09T18:54:30.661+0000] {logging_mixin.py:188} INFO - [2024-06-09T18:54:30.661+0000] {dag.py:3954} INFO - Setting next_dagrun for tutorial to 2024-06-08 00:00:00+00:00, run_after=2024-06-09 00:00:00+00:00
[2024-06-09T18:54:30.682+0000] {processor.py:183} INFO - Processing /home/airflow/.local/lib/python3.12/site-packages/airflow/example_dags/tutorial.py took 0.085 seconds
[2024-06-09T18:55:01.158+0000] {processor.py:161} INFO - Started process (PID=300) to work on /home/airflow/.local/lib/python3.12/site-packages/airflow/example_dags/tutorial.py
[2024-06-09T18:55:01.160+0000] {processor.py:830} INFO - Processing file /home/airflow/.local/lib/python3.12/site-packages/airflow/example_dags/tutorial.py for tasks to queue
[2024-06-09T18:55:01.163+0000] {logging_mixin.py:188} INFO - [2024-06-09T18:55:01.162+0000] {dagbag.py:545} INFO - Filling up the DagBag from /home/airflow/.local/lib/python3.12/site-packages/airflow/example_dags/tutorial.py
[2024-06-09T18:55:01.175+0000] {processor.py:840} INFO - DAG(s) 'tutorial' retrieved from /home/airflow/.local/lib/python3.12/site-packages/airflow/example_dags/tutorial.py
[2024-06-09T18:55:01.203+0000] {logging_mixin.py:188} INFO - [2024-06-09T18:55:01.203+0000] {dag.py:3096} INFO - Sync 1 DAGs
[2024-06-09T18:55:01.229+0000] {logging_mixin.py:188} INFO - [2024-06-09T18:55:01.229+0000] {dag.py:3954} INFO - Setting next_dagrun for tutorial to 2024-06-08 00:00:00+00:00, run_after=2024-06-09 00:00:00+00:00
[2024-06-09T18:55:01.252+0000] {processor.py:183} INFO - Processing /home/airflow/.local/lib/python3.12/site-packages/airflow/example_dags/tutorial.py took 0.106 seconds
