[2024-06-09T18:53:00.226+0000] {processor.py:161} INFO - Started process (PID=79) to work on /home/airflow/.local/lib/python3.12/site-packages/airflow/example_dags/tutorial_taskflow_api.py
[2024-06-09T18:53:00.227+0000] {processor.py:830} INFO - Processing file /home/airflow/.local/lib/python3.12/site-packages/airflow/example_dags/tutorial_taskflow_api.py for tasks to queue
[2024-06-09T18:53:00.228+0000] {logging_mixin.py:188} INFO - [2024-06-09T18:53:00.228+0000] {dagbag.py:545} INFO - Filling up the DagBag from /home/airflow/.local/lib/python3.12/site-packages/airflow/example_dags/tutorial_taskflow_api.py
[2024-06-09T18:53:00.236+0000] {processor.py:840} INFO - DAG(s) 'tutorial_taskflow_api' retrieved from /home/airflow/.local/lib/python3.12/site-packages/airflow/example_dags/tutorial_taskflow_api.py
[2024-06-09T18:53:00.360+0000] {logging_mixin.py:188} INFO - [2024-06-09T18:53:00.359+0000] {override.py:1829} INFO - Created Permission View: can read on DAG:tutorial_taskflow_api
[2024-06-09T18:53:00.370+0000] {logging_mixin.py:188} INFO - [2024-06-09T18:53:00.370+0000] {override.py:1829} INFO - Created Permission View: can edit on DAG:tutorial_taskflow_api
[2024-06-09T18:53:00.377+0000] {logging_mixin.py:188} INFO - [2024-06-09T18:53:00.376+0000] {override.py:1829} INFO - Created Permission View: can delete on DAG:tutorial_taskflow_api
[2024-06-09T18:53:00.377+0000] {logging_mixin.py:188} INFO - [2024-06-09T18:53:00.377+0000] {dag.py:3096} INFO - Sync 1 DAGs
[2024-06-09T18:53:00.392+0000] {logging_mixin.py:188} INFO - [2024-06-09T18:53:00.392+0000] {dag.py:3118} INFO - Creating ORM DAG for tutorial_taskflow_api
[2024-06-09T18:53:00.393+0000] {logging_mixin.py:188} INFO - [2024-06-09T18:53:00.393+0000] {dag.py:3954} INFO - Setting next_dagrun for tutorial_taskflow_api to None, run_after=None
[2024-06-09T18:53:00.410+0000] {processor.py:183} INFO - Processing /home/airflow/.local/lib/python3.12/site-packages/airflow/example_dags/tutorial_taskflow_api.py took 0.190 seconds
[2024-06-09T18:53:30.478+0000] {processor.py:161} INFO - Started process (PID=137) to work on /home/airflow/.local/lib/python3.12/site-packages/airflow/example_dags/tutorial_taskflow_api.py
[2024-06-09T18:53:30.479+0000] {processor.py:830} INFO - Processing file /home/airflow/.local/lib/python3.12/site-packages/airflow/example_dags/tutorial_taskflow_api.py for tasks to queue
[2024-06-09T18:53:30.480+0000] {logging_mixin.py:188} INFO - [2024-06-09T18:53:30.480+0000] {dagbag.py:545} INFO - Filling up the DagBag from /home/airflow/.local/lib/python3.12/site-packages/airflow/example_dags/tutorial_taskflow_api.py
[2024-06-09T18:53:30.487+0000] {processor.py:840} INFO - DAG(s) 'tutorial_taskflow_api' retrieved from /home/airflow/.local/lib/python3.12/site-packages/airflow/example_dags/tutorial_taskflow_api.py
[2024-06-09T18:53:30.507+0000] {logging_mixin.py:188} INFO - [2024-06-09T18:53:30.507+0000] {dag.py:3096} INFO - Sync 1 DAGs
[2024-06-09T18:53:30.521+0000] {logging_mixin.py:188} INFO - [2024-06-09T18:53:30.520+0000] {dag.py:3954} INFO - Setting next_dagrun for tutorial_taskflow_api to None, run_after=None
[2024-06-09T18:53:30.540+0000] {processor.py:183} INFO - Processing /home/airflow/.local/lib/python3.12/site-packages/airflow/example_dags/tutorial_taskflow_api.py took 0.068 seconds
[2024-06-09T18:54:00.895+0000] {processor.py:161} INFO - Started process (PID=195) to work on /home/airflow/.local/lib/python3.12/site-packages/airflow/example_dags/tutorial_taskflow_api.py
[2024-06-09T18:54:00.896+0000] {processor.py:830} INFO - Processing file /home/airflow/.local/lib/python3.12/site-packages/airflow/example_dags/tutorial_taskflow_api.py for tasks to queue
[2024-06-09T18:54:00.898+0000] {logging_mixin.py:188} INFO - [2024-06-09T18:54:00.897+0000] {dagbag.py:545} INFO - Filling up the DagBag from /home/airflow/.local/lib/python3.12/site-packages/airflow/example_dags/tutorial_taskflow_api.py
[2024-06-09T18:54:00.904+0000] {processor.py:840} INFO - DAG(s) 'tutorial_taskflow_api' retrieved from /home/airflow/.local/lib/python3.12/site-packages/airflow/example_dags/tutorial_taskflow_api.py
[2024-06-09T18:54:00.922+0000] {logging_mixin.py:188} INFO - [2024-06-09T18:54:00.922+0000] {dag.py:3096} INFO - Sync 1 DAGs
[2024-06-09T18:54:00.935+0000] {logging_mixin.py:188} INFO - [2024-06-09T18:54:00.935+0000] {dag.py:3954} INFO - Setting next_dagrun for tutorial_taskflow_api to None, run_after=None
[2024-06-09T18:54:00.952+0000] {processor.py:183} INFO - Processing /home/airflow/.local/lib/python3.12/site-packages/airflow/example_dags/tutorial_taskflow_api.py took 0.063 seconds
[2024-06-09T18:54:31.449+0000] {processor.py:161} INFO - Started process (PID=253) to work on /home/airflow/.local/lib/python3.12/site-packages/airflow/example_dags/tutorial_taskflow_api.py
[2024-06-09T18:54:31.450+0000] {processor.py:830} INFO - Processing file /home/airflow/.local/lib/python3.12/site-packages/airflow/example_dags/tutorial_taskflow_api.py for tasks to queue
[2024-06-09T18:54:31.454+0000] {logging_mixin.py:188} INFO - [2024-06-09T18:54:31.453+0000] {dagbag.py:545} INFO - Filling up the DagBag from /home/airflow/.local/lib/python3.12/site-packages/airflow/example_dags/tutorial_taskflow_api.py
[2024-06-09T18:54:31.472+0000] {processor.py:840} INFO - DAG(s) 'tutorial_taskflow_api' retrieved from /home/airflow/.local/lib/python3.12/site-packages/airflow/example_dags/tutorial_taskflow_api.py
[2024-06-09T18:54:31.502+0000] {logging_mixin.py:188} INFO - [2024-06-09T18:54:31.501+0000] {dag.py:3096} INFO - Sync 1 DAGs
[2024-06-09T18:54:31.521+0000] {logging_mixin.py:188} INFO - [2024-06-09T18:54:31.521+0000] {dag.py:3954} INFO - Setting next_dagrun for tutorial_taskflow_api to None, run_after=None
[2024-06-09T18:54:31.543+0000] {processor.py:183} INFO - Processing /home/airflow/.local/lib/python3.12/site-packages/airflow/example_dags/tutorial_taskflow_api.py took 0.106 seconds
[2024-06-09T18:55:02.012+0000] {processor.py:161} INFO - Started process (PID=311) to work on /home/airflow/.local/lib/python3.12/site-packages/airflow/example_dags/tutorial_taskflow_api.py
[2024-06-09T18:55:02.014+0000] {processor.py:830} INFO - Processing file /home/airflow/.local/lib/python3.12/site-packages/airflow/example_dags/tutorial_taskflow_api.py for tasks to queue
[2024-06-09T18:55:02.017+0000] {logging_mixin.py:188} INFO - [2024-06-09T18:55:02.016+0000] {dagbag.py:545} INFO - Filling up the DagBag from /home/airflow/.local/lib/python3.12/site-packages/airflow/example_dags/tutorial_taskflow_api.py
[2024-06-09T18:55:02.029+0000] {processor.py:840} INFO - DAG(s) 'tutorial_taskflow_api' retrieved from /home/airflow/.local/lib/python3.12/site-packages/airflow/example_dags/tutorial_taskflow_api.py
[2024-06-09T18:55:02.065+0000] {logging_mixin.py:188} INFO - [2024-06-09T18:55:02.065+0000] {dag.py:3096} INFO - Sync 1 DAGs
[2024-06-09T18:55:02.085+0000] {logging_mixin.py:188} INFO - [2024-06-09T18:55:02.084+0000] {dag.py:3954} INFO - Setting next_dagrun for tutorial_taskflow_api to None, run_after=None
[2024-06-09T18:55:02.105+0000] {processor.py:183} INFO - Processing /home/airflow/.local/lib/python3.12/site-packages/airflow/example_dags/tutorial_taskflow_api.py took 0.105 seconds
