[2024-06-09T18:52:56.262+0000] {processor.py:161} INFO - Started process (PID=49) to work on /home/airflow/.local/lib/python3.12/site-packages/airflow/example_dags/tutorial_dag.py
[2024-06-09T18:52:56.263+0000] {processor.py:830} INFO - Processing file /home/airflow/.local/lib/python3.12/site-packages/airflow/example_dags/tutorial_dag.py for tasks to queue
[2024-06-09T18:52:56.264+0000] {logging_mixin.py:188} INFO - [2024-06-09T18:52:56.264+0000] {dagbag.py:545} INFO - Filling up the DagBag from /home/airflow/.local/lib/python3.12/site-packages/airflow/example_dags/tutorial_dag.py
[2024-06-09T18:52:56.273+0000] {processor.py:840} INFO - DAG(s) 'tutorial_dag' retrieved from /home/airflow/.local/lib/python3.12/site-packages/airflow/example_dags/tutorial_dag.py
[2024-06-09T18:52:56.426+0000] {logging_mixin.py:188} INFO - [2024-06-09T18:52:56.425+0000] {override.py:1829} INFO - Created Permission View: can read on DAG:tutorial_dag
[2024-06-09T18:52:56.438+0000] {logging_mixin.py:188} INFO - [2024-06-09T18:52:56.437+0000] {override.py:1829} INFO - Created Permission View: can edit on DAG:tutorial_dag
[2024-06-09T18:52:56.446+0000] {logging_mixin.py:188} INFO - [2024-06-09T18:52:56.446+0000] {override.py:1829} INFO - Created Permission View: can delete on DAG:tutorial_dag
[2024-06-09T18:52:56.447+0000] {logging_mixin.py:188} INFO - [2024-06-09T18:52:56.446+0000] {dag.py:3096} INFO - Sync 1 DAGs
[2024-06-09T18:52:56.464+0000] {logging_mixin.py:188} INFO - [2024-06-09T18:52:56.464+0000] {dag.py:3118} INFO - Creating ORM DAG for tutorial_dag
[2024-06-09T18:52:56.465+0000] {logging_mixin.py:188} INFO - [2024-06-09T18:52:56.464+0000] {dag.py:3954} INFO - Setting next_dagrun for tutorial_dag to None, run_after=None
[2024-06-09T18:52:56.490+0000] {processor.py:183} INFO - Processing /home/airflow/.local/lib/python3.12/site-packages/airflow/example_dags/tutorial_dag.py took 0.234 seconds
[2024-06-09T18:53:27.312+0000] {processor.py:161} INFO - Started process (PID=107) to work on /home/airflow/.local/lib/python3.12/site-packages/airflow/example_dags/tutorial_dag.py
[2024-06-09T18:53:27.314+0000] {processor.py:830} INFO - Processing file /home/airflow/.local/lib/python3.12/site-packages/airflow/example_dags/tutorial_dag.py for tasks to queue
[2024-06-09T18:53:27.317+0000] {logging_mixin.py:188} INFO - [2024-06-09T18:53:27.316+0000] {dagbag.py:545} INFO - Filling up the DagBag from /home/airflow/.local/lib/python3.12/site-packages/airflow/example_dags/tutorial_dag.py
[2024-06-09T18:53:27.328+0000] {processor.py:840} INFO - DAG(s) 'tutorial_dag' retrieved from /home/airflow/.local/lib/python3.12/site-packages/airflow/example_dags/tutorial_dag.py
[2024-06-09T18:53:27.349+0000] {logging_mixin.py:188} INFO - [2024-06-09T18:53:27.348+0000] {dag.py:3096} INFO - Sync 1 DAGs
[2024-06-09T18:53:27.363+0000] {logging_mixin.py:188} INFO - [2024-06-09T18:53:27.362+0000] {dag.py:3954} INFO - Setting next_dagrun for tutorial_dag to None, run_after=None
[2024-06-09T18:53:27.385+0000] {processor.py:183} INFO - Processing /home/airflow/.local/lib/python3.12/site-packages/airflow/example_dags/tutorial_dag.py took 0.084 seconds
[2024-06-09T18:53:57.855+0000] {processor.py:161} INFO - Started process (PID=165) to work on /home/airflow/.local/lib/python3.12/site-packages/airflow/example_dags/tutorial_dag.py
[2024-06-09T18:53:57.856+0000] {processor.py:830} INFO - Processing file /home/airflow/.local/lib/python3.12/site-packages/airflow/example_dags/tutorial_dag.py for tasks to queue
[2024-06-09T18:53:57.859+0000] {logging_mixin.py:188} INFO - [2024-06-09T18:53:57.858+0000] {dagbag.py:545} INFO - Filling up the DagBag from /home/airflow/.local/lib/python3.12/site-packages/airflow/example_dags/tutorial_dag.py
[2024-06-09T18:53:57.865+0000] {processor.py:840} INFO - DAG(s) 'tutorial_dag' retrieved from /home/airflow/.local/lib/python3.12/site-packages/airflow/example_dags/tutorial_dag.py
[2024-06-09T18:53:57.896+0000] {logging_mixin.py:188} INFO - [2024-06-09T18:53:57.895+0000] {dag.py:3096} INFO - Sync 1 DAGs
[2024-06-09T18:53:57.910+0000] {logging_mixin.py:188} INFO - [2024-06-09T18:53:57.910+0000] {dag.py:3954} INFO - Setting next_dagrun for tutorial_dag to None, run_after=None
[2024-06-09T18:53:57.928+0000] {processor.py:183} INFO - Processing /home/airflow/.local/lib/python3.12/site-packages/airflow/example_dags/tutorial_dag.py took 0.080 seconds
[2024-06-09T18:54:28.312+0000] {processor.py:161} INFO - Started process (PID=223) to work on /home/airflow/.local/lib/python3.12/site-packages/airflow/example_dags/tutorial_dag.py
[2024-06-09T18:54:28.313+0000] {processor.py:830} INFO - Processing file /home/airflow/.local/lib/python3.12/site-packages/airflow/example_dags/tutorial_dag.py for tasks to queue
[2024-06-09T18:54:28.315+0000] {logging_mixin.py:188} INFO - [2024-06-09T18:54:28.315+0000] {dagbag.py:545} INFO - Filling up the DagBag from /home/airflow/.local/lib/python3.12/site-packages/airflow/example_dags/tutorial_dag.py
[2024-06-09T18:54:28.321+0000] {processor.py:840} INFO - DAG(s) 'tutorial_dag' retrieved from /home/airflow/.local/lib/python3.12/site-packages/airflow/example_dags/tutorial_dag.py
[2024-06-09T18:54:28.342+0000] {logging_mixin.py:188} INFO - [2024-06-09T18:54:28.342+0000] {dag.py:3096} INFO - Sync 1 DAGs
[2024-06-09T18:54:28.354+0000] {logging_mixin.py:188} INFO - [2024-06-09T18:54:28.354+0000] {dag.py:3954} INFO - Setting next_dagrun for tutorial_dag to None, run_after=None
[2024-06-09T18:54:28.385+0000] {processor.py:183} INFO - Processing /home/airflow/.local/lib/python3.12/site-packages/airflow/example_dags/tutorial_dag.py took 0.082 seconds
[2024-06-09T18:54:58.812+0000] {processor.py:161} INFO - Started process (PID=281) to work on /home/airflow/.local/lib/python3.12/site-packages/airflow/example_dags/tutorial_dag.py
[2024-06-09T18:54:58.812+0000] {processor.py:830} INFO - Processing file /home/airflow/.local/lib/python3.12/site-packages/airflow/example_dags/tutorial_dag.py for tasks to queue
[2024-06-09T18:54:58.815+0000] {logging_mixin.py:188} INFO - [2024-06-09T18:54:58.814+0000] {dagbag.py:545} INFO - Filling up the DagBag from /home/airflow/.local/lib/python3.12/site-packages/airflow/example_dags/tutorial_dag.py
[2024-06-09T18:54:58.820+0000] {processor.py:840} INFO - DAG(s) 'tutorial_dag' retrieved from /home/airflow/.local/lib/python3.12/site-packages/airflow/example_dags/tutorial_dag.py
[2024-06-09T18:54:58.842+0000] {logging_mixin.py:188} INFO - [2024-06-09T18:54:58.842+0000] {dag.py:3096} INFO - Sync 1 DAGs
[2024-06-09T18:54:58.855+0000] {logging_mixin.py:188} INFO - [2024-06-09T18:54:58.855+0000] {dag.py:3954} INFO - Setting next_dagrun for tutorial_dag to None, run_after=None
[2024-06-09T18:54:58.874+0000] {processor.py:183} INFO - Processing /home/airflow/.local/lib/python3.12/site-packages/airflow/example_dags/tutorial_dag.py took 0.071 seconds
